ARM GAS  C:\Users\Halil\AppData\Local\Temp\ccu5y5WH.s 			page 1


   1              		.cpu cortex-m4
   2              		.arch armv7e-m
   3              		.fpu fpv4-sp-d16
   4              		.eabi_attribute 27, 1
   5              		.eabi_attribute 28, 1
   6              		.eabi_attribute 20, 1
   7              		.eabi_attribute 21, 1
   8              		.eabi_attribute 23, 3
   9              		.eabi_attribute 24, 1
  10              		.eabi_attribute 25, 1
  11              		.eabi_attribute 26, 1
  12              		.eabi_attribute 30, 6
  13              		.eabi_attribute 34, 1
  14              		.eabi_attribute 18, 4
  15              		.file	"croutine.c"
  16              		.text
  17              	.Ltext0:
  18              		.cfi_sections	.debug_frame
  19              		.file 1 "Middlewares/Third_Party/FreeRTOS/Source/croutine.c"
  20              	.Letext0:
ARM GAS  C:\Users\Halil\AppData\Local\Temp\ccu5y5WH.s 			page 2


DEFINED SYMBOLS
                            *ABS*:00000000 croutine.c
                           .group:00000000 wm4.0.fbeba72283fbbed79c5ed62adcf8946b
                           .group:00000000 wm4.stddef.h.39.3e0425629195acf083c9561151306b4d
                           .group:00000000 wm4._newlib_version.h.4.6d111ab2e95434b664b53815e5c8ccba
                           .group:00000000 wm4.features.h.33.3e67abe6fb64142d4f6fa9496796153c
                           .group:00000000 wm4._default_types.h.15.247e5cd201eca3442cbf5404108c4935
                           .group:00000000 wm4._intsup.h.10.48bafbb683905c4daa4565a85aeeb264
                           .group:00000000 wm4._stdint.h.10.c24fa3af3bc1706662bb5593a907e841
                           .group:00000000 wm4.stdint.h.23.d53047a68f4a85177f80b422d52785ed
                           .group:00000000 wm4.FreeRTOSConfig.h.32.8e019a6631174f777e4f6ede9e2bb7e9
                           .group:00000000 wm4.stdarg.h.31.b55da1089056868966f25de5dbfc7d3c
                           .group:00000000 wm4.Global.h.69.e0f48c7eb64cd3647ceacea2cc368f43
                           .group:00000000 wm4.SEGGER.h.93.885d9d7ea302677e269465e6da347b9f
                           .group:00000000 wm4.SEGGER_SYSVIEW.h.88.65dd41e8fc33fc8f03c978fd13231926
                           .group:00000000 wm4.SEGGER_SYSVIEW_FreeRTOS.h.80.d232dda0d91b880546b63cc6970a0231
                           .group:00000000 wm4.projdefs.h.29.3472c8470d131a5f474bc7437ea94609
                           .group:00000000 wm4.portmacro.h.30.ebb5f3ce711e1dad21b3172c9bc8e19f
                           .group:00000000 wm4.portable.h.64.742f2ce568820e866a7b541b4c77966f
                           .group:00000000 wm4.mpu_wrappers.h.29.4f9aea82ee68d943d141825e5294de63
                           .group:00000000 wm4.FreeRTOS.h.66.cc51f96fb61ed1e446bb6cea86adf7fa
                           .group:00000000 wm4.list.h.61.5c5a38f6bc6687eed6d893e57dabd8e6
                           .group:00000000 wm4.task.h.46.9fb92b2c1a30a52e436f6063552b709b
                           .group:00000000 wm4.croutine.h.204.150a0dfb05d2a0db2892994b7245b267

NO UNDEFINED SYMBOLS
