ARM GAS  C:\Users\Halil\AppData\Local\Temp\ccoxrkjZ.s 			page 1


   1              		.cpu cortex-m4
   2              		.arch armv7e-m
   3              		.fpu fpv4-sp-d16
   4              		.eabi_attribute 27, 1
   5              		.eabi_attribute 28, 1
   6              		.eabi_attribute 20, 1
   7              		.eabi_attribute 21, 1
   8              		.eabi_attribute 23, 3
   9              		.eabi_attribute 24, 1
  10              		.eabi_attribute 25, 1
  11              		.eabi_attribute 26, 1
  12              		.eabi_attribute 30, 6
  13              		.eabi_attribute 34, 1
  14              		.eabi_attribute 18, 4
  15              		.file	"fatfs.c"
  16              		.text
  17              	.Ltext0:
  18              		.cfi_sections	.debug_frame
  19              		.file 1 "FATFS/App/fatfs.c"
  20              		.global	retUSER
  21              		.section	.bss.retUSER,"aw",%nobits
  24              	retUSER:
  25 0000 00       		.space	1
  26              		.global	USERPath
  27              		.section	.bss.USERPath,"aw",%nobits
  28              		.align	2
  31              	USERPath:
  32 0000 00000000 		.space	4
  33              		.global	USERFatFS
  34              		.section	.bss.USERFatFS,"aw",%nobits
  35              		.align	2
  38              	USERFatFS:
  39 0000 00000000 		.space	564
  39      00000000 
  39      00000000 
  39      00000000 
  39      00000000 
  40              		.global	USERFile
  41              		.section	.bss.USERFile,"aw",%nobits
  42              		.align	2
  45              	USERFile:
  46 0000 00000000 		.space	560
  46      00000000 
  46      00000000 
  46      00000000 
  46      00000000 
  47              		.section	.text.MX_FATFS_Init,"ax",%progbits
  48              		.align	1
  49              		.global	MX_FATFS_Init
  50              		.syntax unified
  51              		.thumb
  52              		.thumb_func
  54              	MX_FATFS_Init:
  55              	.LFB243:
   1:FATFS/App/fatfs.c **** /* USER CODE BEGIN Header */
   2:FATFS/App/fatfs.c **** /**
   3:FATFS/App/fatfs.c ****   ******************************************************************************
ARM GAS  C:\Users\Halil\AppData\Local\Temp\ccoxrkjZ.s 			page 2


   4:FATFS/App/fatfs.c ****   * @file   fatfs.c
   5:FATFS/App/fatfs.c ****   * @brief  Code for fatfs applications
   6:FATFS/App/fatfs.c ****   ******************************************************************************
   7:FATFS/App/fatfs.c ****   * @attention
   8:FATFS/App/fatfs.c ****   *
   9:FATFS/App/fatfs.c ****   * Copyright (c) 2025 STMicroelectronics.
  10:FATFS/App/fatfs.c ****   * All rights reserved.
  11:FATFS/App/fatfs.c ****   *
  12:FATFS/App/fatfs.c ****   * This software is licensed under terms that can be found in the LICENSE file
  13:FATFS/App/fatfs.c ****   * in the root directory of this software component.
  14:FATFS/App/fatfs.c ****   * If no LICENSE file comes with this software, it is provided AS-IS.
  15:FATFS/App/fatfs.c ****   *
  16:FATFS/App/fatfs.c ****   ******************************************************************************
  17:FATFS/App/fatfs.c ****   */
  18:FATFS/App/fatfs.c **** /* USER CODE END Header */
  19:FATFS/App/fatfs.c **** #include "fatfs.h"
  20:FATFS/App/fatfs.c **** 
  21:FATFS/App/fatfs.c **** uint8_t retUSER;    /* Return value for USER */
  22:FATFS/App/fatfs.c **** char USERPath[4];   /* USER logical drive path */
  23:FATFS/App/fatfs.c **** FATFS USERFatFS;    /* File system object for USER logical drive */
  24:FATFS/App/fatfs.c **** FIL USERFile;       /* File object for USER */
  25:FATFS/App/fatfs.c **** 
  26:FATFS/App/fatfs.c **** /* USER CODE BEGIN Variables */
  27:FATFS/App/fatfs.c **** 
  28:FATFS/App/fatfs.c **** /* USER CODE END Variables */
  29:FATFS/App/fatfs.c **** 
  30:FATFS/App/fatfs.c **** void MX_FATFS_Init(void)
  31:FATFS/App/fatfs.c **** {
  56              		.loc 1 31 1
  57              		.cfi_startproc
  58              		@ args = 0, pretend = 0, frame = 0
  59              		@ frame_needed = 1, uses_anonymous_args = 0
  60 0000 80B5     		push	{r7, lr}
  61              		.cfi_def_cfa_offset 8
  62              		.cfi_offset 7, -8
  63              		.cfi_offset 14, -4
  64 0002 00AF     		add	r7, sp, #0
  65              		.cfi_def_cfa_register 7
  32:FATFS/App/fatfs.c ****   /*## FatFS: Link the USER driver ###########################*/
  33:FATFS/App/fatfs.c ****   retUSER = FATFS_LinkDriver(&USER_Driver, USERPath);
  66              		.loc 1 33 13
  67 0004 0449     		ldr	r1, .L2
  68 0006 0548     		ldr	r0, .L2+4
  69 0008 FFF7FEFF 		bl	FATFS_LinkDriver
  70 000c 0346     		mov	r3, r0
  71 000e 1A46     		mov	r2, r3
  72              		.loc 1 33 11
  73 0010 034B     		ldr	r3, .L2+8
  74 0012 1A70     		strb	r2, [r3]
  34:FATFS/App/fatfs.c **** 
  35:FATFS/App/fatfs.c ****   /* USER CODE BEGIN Init */
  36:FATFS/App/fatfs.c ****   /* additional user code for init */
  37:FATFS/App/fatfs.c ****   /* USER CODE END Init */
  38:FATFS/App/fatfs.c **** }
  75              		.loc 1 38 1
  76 0014 00BF     		nop
  77 0016 80BD     		pop	{r7, pc}
ARM GAS  C:\Users\Halil\AppData\Local\Temp\ccoxrkjZ.s 			page 3


  78              	.L3:
  79              		.align	2
  80              	.L2:
  81 0018 00000000 		.word	USERPath
  82 001c 00000000 		.word	USER_Driver
  83 0020 00000000 		.word	retUSER
  84              		.cfi_endproc
  85              	.LFE243:
  87              		.section	.text.get_fattime,"ax",%progbits
  88              		.align	1
  89              		.global	get_fattime
  90              		.syntax unified
  91              		.thumb
  92              		.thumb_func
  94              	get_fattime:
  95              	.LFB244:
  39:FATFS/App/fatfs.c **** 
  40:FATFS/App/fatfs.c **** /**
  41:FATFS/App/fatfs.c ****   * @brief  Gets Time from RTC
  42:FATFS/App/fatfs.c ****   * @param  None
  43:FATFS/App/fatfs.c ****   * @retval Time in DWORD
  44:FATFS/App/fatfs.c ****   */
  45:FATFS/App/fatfs.c **** DWORD get_fattime(void)
  46:FATFS/App/fatfs.c **** {
  96              		.loc 1 46 1
  97              		.cfi_startproc
  98              		@ args = 0, pretend = 0, frame = 0
  99              		@ frame_needed = 1, uses_anonymous_args = 0
 100              		@ link register save eliminated.
 101 0000 80B4     		push	{r7}
 102              		.cfi_def_cfa_offset 4
 103              		.cfi_offset 7, -4
 104 0002 00AF     		add	r7, sp, #0
 105              		.cfi_def_cfa_register 7
  47:FATFS/App/fatfs.c ****   /* USER CODE BEGIN get_fattime */
  48:FATFS/App/fatfs.c ****   return 0;
 106              		.loc 1 48 10
 107 0004 0023     		movs	r3, #0
  49:FATFS/App/fatfs.c ****   /* USER CODE END get_fattime */
  50:FATFS/App/fatfs.c **** }
 108              		.loc 1 50 1
 109 0006 1846     		mov	r0, r3
 110 0008 BD46     		mov	sp, r7
 111              		.cfi_def_cfa_register 13
 112              		@ sp needed
 113 000a 5DF8047B 		ldr	r7, [sp], #4
 114              		.cfi_restore 7
 115              		.cfi_def_cfa_offset 0
 116 000e 7047     		bx	lr
 117              		.cfi_endproc
 118              	.LFE244:
 120              		.text
 121              	.Letext0:
 122              		.file 2 "Middlewares/Third_Party/FatFs/src/integer.h"
 123              		.file 3 "C:\\ST\\STM32CubeIDE_1.14.1\\STM32CubeIDE\\plugins\\com.st.stm32cube.ide.mcu.externaltool
 124              		.file 4 "C:\\ST\\STM32CubeIDE_1.14.1\\STM32CubeIDE\\plugins\\com.st.stm32cube.ide.mcu.externaltool
 125              		.file 5 "Middlewares/Third_Party/FreeRTOS/Source/CMSIS_RTOS_V2/cmsis_os2.h"
ARM GAS  C:\Users\Halil\AppData\Local\Temp\ccoxrkjZ.s 			page 4


 126              		.file 6 "Middlewares/Third_Party/FatFs/src/ff.h"
 127              		.file 7 "Middlewares/Third_Party/FatFs/src/diskio.h"
 128              		.file 8 "Middlewares/Third_Party/FatFs/src/ff_gen_drv.h"
 129              		.file 9 "FATFS/Target/user_diskio.h"
 130              		.file 10 "FATFS/App/fatfs.h"
ARM GAS  C:\Users\Halil\AppData\Local\Temp\ccoxrkjZ.s 			page 5


DEFINED SYMBOLS
                            *ABS*:00000000 fatfs.c
C:\Users\Halil\AppData\Local\Temp\ccoxrkjZ.s:24     .bss.retUSER:00000000 retUSER
C:\Users\Halil\AppData\Local\Temp\ccoxrkjZ.s:25     .bss.retUSER:00000000 $d
C:\Users\Halil\AppData\Local\Temp\ccoxrkjZ.s:31     .bss.USERPath:00000000 USERPath
C:\Users\Halil\AppData\Local\Temp\ccoxrkjZ.s:28     .bss.USERPath:00000000 $d
C:\Users\Halil\AppData\Local\Temp\ccoxrkjZ.s:38     .bss.USERFatFS:00000000 USERFatFS
C:\Users\Halil\AppData\Local\Temp\ccoxrkjZ.s:35     .bss.USERFatFS:00000000 $d
C:\Users\Halil\AppData\Local\Temp\ccoxrkjZ.s:45     .bss.USERFile:00000000 USERFile
C:\Users\Halil\AppData\Local\Temp\ccoxrkjZ.s:42     .bss.USERFile:00000000 $d
C:\Users\Halil\AppData\Local\Temp\ccoxrkjZ.s:48     .text.MX_FATFS_Init:00000000 $t
C:\Users\Halil\AppData\Local\Temp\ccoxrkjZ.s:54     .text.MX_FATFS_Init:00000000 MX_FATFS_Init
C:\Users\Halil\AppData\Local\Temp\ccoxrkjZ.s:81     .text.MX_FATFS_Init:00000018 $d
C:\Users\Halil\AppData\Local\Temp\ccoxrkjZ.s:88     .text.get_fattime:00000000 $t
C:\Users\Halil\AppData\Local\Temp\ccoxrkjZ.s:94     .text.get_fattime:00000000 get_fattime
                           .group:00000000 wm4.0.fbeba72283fbbed79c5ed62adcf8946b
                           .group:00000000 wm4.stm32f4xx_hal_conf.h.25.834fd89df99f7f3fe75169badeed02aa
                           .group:00000000 wm4.stm32f4xx.h.38.63e3ea23bd63a94457417730025259b6
                           .group:00000000 wm4.stm32f446xx.h.34.dd43cebd7192f96bce7a5ff975201274
                           .group:00000000 wm4._newlib_version.h.4.6d111ab2e95434b664b53815e5c8ccba
                           .group:00000000 wm4.features.h.33.3e67abe6fb64142d4f6fa9496796153c
                           .group:00000000 wm4._default_types.h.15.247e5cd201eca3442cbf5404108c4935
                           .group:00000000 wm4._intsup.h.10.48bafbb683905c4daa4565a85aeeb264
                           .group:00000000 wm4._stdint.h.10.c24fa3af3bc1706662bb5593a907e841
                           .group:00000000 wm4.stdint.h.23.d53047a68f4a85177f80b422d52785ed
                           .group:00000000 wm4.cmsis_version.h.32.0ac195c83bb4537824e6ad1c47474b79
                           .group:00000000 wm4.core_cm4.h.66.e4ff136c4a17abc46741866f64f8e729
                           .group:00000000 wm4.cmsis_gcc.h.26.498d0ad17a45fc9ef20fdc01caf02259
                           .group:00000000 wm4.core_cm4.h.174.62be9b4588d49bed18171771001331df
                           .group:00000000 wm4.mpu_armv7.h.32.83326921a797fa9d6f70449916b4b839
                           .group:00000000 wm4.stm32f446xx.h.917.13927c85cbbf4787955bc4173c54fa12
                           .group:00000000 wm4.stm32f4xx.h.195.a4b8bf80f37cc96981498656ffe5f588
                           .group:00000000 wm4.stm32_hal_legacy.h.22.8b7d303dc46a0b7ac6d3edf19ce2608d
                           .group:00000000 wm4.stddef.h.39.3e0425629195acf083c9561151306b4d
                           .group:00000000 wm4.stm32f4xx_hal_def.h.58.3cb484e92e5ccf2e55312a4714e27917
                           .group:00000000 wm4.stm32f4xx_hal_rcc_ex.h.20.9b6e314009d4800dd71c0ec1c264a1ea
                           .group:00000000 wm4.stm32f4xx_hal_rcc.h.106.0887cf5d985ae88e345b0aed0ceb4729
                           .group:00000000 wm4.stm32f4xx_hal_gpio.h.21.22da6a14b6049d6ac156577be74df1d7
                           .group:00000000 wm4.stm32f4xx_hal_gpio_ex.h.21.33ea7ea24fd170b1d3dce3d23330c9d3
                           .group:00000000 wm4.stm32f4xx_hal_gpio.h.254.d7e07832f748fe8bcb575db0b8373592
                           .group:00000000 wm4.stm32f4xx_hal_exti.h.21.4fc7f37c3cc97fb821b368ede79414b6
                           .group:00000000 wm4.stm32f4xx_hal_dma.h.21.8e4b1421c914345c23be719e5e528779
                           .group:00000000 wm4.stm32f4xx_hal_dma.h.720.ac2d7eef74792e4026acc4d2923c5da4
                           .group:00000000 wm4.stm32f4xx_hal_cortex.h.20.03673e4f79386680bf73ba399c19306b
                           .group:00000000 wm4.stm32f4xx_ll_adc.h.21.8ab9bf4d55f678506dbbe8102cb12bbc
                           .group:00000000 wm4.stm32f4xx_hal_adc.h.159.62530d9b3382796f19493a9679ef426c
                           .group:00000000 wm4.stm32f4xx_hal_adc_ex.h.21.94e87945640619cdd4cff40627e1380a
                           .group:00000000 wm4.stm32f4xx_hal_adc.h.639.c30c49256117cbda0ada83149c65b3d8
                           .group:00000000 wm4.stm32f4xx_hal_flash.h.20.2f1e0d1b7010b3a81a7980aaf712e7e5
                           .group:00000000 wm4.stm32f4xx_hal_flash_ex.h.20.77cb3e5c0f1e426426a4cbc884a1eed8
                           .group:00000000 wm4.stm32f4xx_hal_flash.h.361.23bc19b9eac79b0956d913651841ede8
                           .group:00000000 wm4.stm32f4xx_hal_i2c.h.21.147e96a27b1f7b1f2f8ee22132703ee3
                           .group:00000000 wm4.stm32f4xx_hal_i2c_ex.h.21.951ef5bfa13cf131d2015c338e82e461
                           .group:00000000 wm4.stm32f4xx_hal_i2c.h.647.ade9c3447780b1cc0ece02f0ce83aedc
                           .group:00000000 wm4.stm32f4xx_hal_pwr.h.20.1905a0783a9c83adefd7df0c4b501e40
                           .group:00000000 wm4.stm32f4xx_hal_pwr_ex.h.20.9786dbd699c850465fa7b77273740267
                           .group:00000000 wm4.stm32f4xx_hal_pwr.h.338.debc0a4a62ba54688e63ab53dd99c4ea
ARM GAS  C:\Users\Halil\AppData\Local\Temp\ccoxrkjZ.s 			page 6


                           .group:00000000 wm4.stm32f4xx_hal_spi.h.21.8b27a8d792c565f72ddd4cfad797986f
                           .group:00000000 wm4.stm32f4xx_hal_tim.h.21.c31cbc03c25f07a932427770396c59d2
                           .group:00000000 wm4.stm32f4xx_hal_tim_ex.h.21.3ff8ebb44e16ac9d5b95e2b3533221b9
                           .group:00000000 wm4.stm32f4xx_hal_uart.h.21.ba8e24dd05c77faac3f3d48472e636ba
                           .group:00000000 wm4.stm32f4xx_hal.h.71.02372bc31d47d29d3f67fbfe1429649e
                           .group:00000000 wm4.main.h.61.69da45f81907557a0774729345d5d811
                           .group:00000000 wm4.FreeRTOSConfig.h.32.bc6247a01309fb09d1c77b2aa8b243d2
                           .group:00000000 wm4.stdarg.h.31.b55da1089056868966f25de5dbfc7d3c
                           .group:00000000 wm4.Global.h.69.e0f48c7eb64cd3647ceacea2cc368f43
                           .group:00000000 wm4.SEGGER.h.93.885d9d7ea302677e269465e6da347b9f
                           .group:00000000 wm4.SEGGER_SYSVIEW.h.88.65dd41e8fc33fc8f03c978fd13231926
                           .group:00000000 wm4.SEGGER_SYSVIEW_FreeRTOS.h.80.d232dda0d91b880546b63cc6970a0231
                           .group:00000000 wm4.projdefs.h.29.3472c8470d131a5f474bc7437ea94609
                           .group:00000000 wm4.portmacro.h.30.ebb5f3ce711e1dad21b3172c9bc8e19f
                           .group:00000000 wm4.portable.h.64.742f2ce568820e866a7b541b4c77966f
                           .group:00000000 wm4.mpu_wrappers.h.29.4f9aea82ee68d943d141825e5294de63
                           .group:00000000 wm4.FreeRTOS.h.66.cc51f96fb61ed1e446bb6cea86adf7fa
                           .group:00000000 wm4.list.h.61.5c5a38f6bc6687eed6d893e57dabd8e6
                           .group:00000000 wm4.task.h.46.9fb92b2c1a30a52e436f6063552b709b
                           .group:00000000 wm4.cmsis_os.h.129.5f4adf2a422dfa714f64051974ebee7a
                           .group:00000000 wm4.cmsis_os2.h.151.57db232dfe421e4f781dd02c42ee4360
                           .group:00000000 wm4.cmsis_os.h.179.c36f217fbf28f1f2e754518bfb5a2ae8
                           .group:00000000 wm4.ffconf.h.33.4fdc704f7f2d35145fb27bd48d09f536
                           .group:00000000 wm4.ff.h.63.4a71c48ce74f1325372be3373adc3c55
                           .group:00000000 wm4.diskio.h.6.c336166bddd01dd89442a8f6b7755b72

UNDEFINED SYMBOLS
FATFS_LinkDriver
USER_Driver
