ARM GAS  C:\Users\Halil\AppData\Local\Temp\ccaJ6Clo.s 			page 1


   1              		.cpu cortex-m4
   2              		.arch armv7e-m
   3              		.fpu fpv4-sp-d16
   4              		.eabi_attribute 27, 1
   5              		.eabi_attribute 28, 1
   6              		.eabi_attribute 20, 1
   7              		.eabi_attribute 21, 1
   8              		.eabi_attribute 23, 3
   9              		.eabi_attribute 24, 1
  10              		.eabi_attribute 25, 1
  11              		.eabi_attribute 26, 1
  12              		.eabi_attribute 30, 6
  13              		.eabi_attribute 34, 1
  14              		.eabi_attribute 18, 4
  15              		.file	"ff_gen_drv.c"
  16              		.text
  17              	.Ltext0:
  18              		.cfi_sections	.debug_frame
  19              		.file 1 "Middlewares/Third_Party/FatFs/src/ff_gen_drv.c"
  20              		.global	disk
  21              		.section	.bss.disk,"aw",%nobits
  22              		.align	2
  25              	disk:
  26 0000 00000000 		.space	12
  26      00000000 
  26      00000000 
  27              		.section	.text.FATFS_LinkDriverEx,"ax",%progbits
  28              		.align	1
  29              		.global	FATFS_LinkDriverEx
  30              		.syntax unified
  31              		.thumb
  32              		.thumb_func
  34              	FATFS_LinkDriverEx:
  35              	.LFB243:
   1:Middlewares/Third_Party/FatFs/src/ff_gen_drv.c **** /**
   2:Middlewares/Third_Party/FatFs/src/ff_gen_drv.c ****   ******************************************************************************
   3:Middlewares/Third_Party/FatFs/src/ff_gen_drv.c ****   * @file    ff_gen_drv.c
   4:Middlewares/Third_Party/FatFs/src/ff_gen_drv.c ****   * @author  MCD Application Team
   5:Middlewares/Third_Party/FatFs/src/ff_gen_drv.c ****   * @brief   FatFs generic low level driver.
   6:Middlewares/Third_Party/FatFs/src/ff_gen_drv.c ****   *****************************************************************************
   7:Middlewares/Third_Party/FatFs/src/ff_gen_drv.c ****   * @attention
   8:Middlewares/Third_Party/FatFs/src/ff_gen_drv.c ****   *
   9:Middlewares/Third_Party/FatFs/src/ff_gen_drv.c ****   * Copyright (c) 2017 STMicroelectronics. All rights reserved.
  10:Middlewares/Third_Party/FatFs/src/ff_gen_drv.c ****   *
  11:Middlewares/Third_Party/FatFs/src/ff_gen_drv.c ****   * This software component is licensed by ST under BSD 3-Clause license,
  12:Middlewares/Third_Party/FatFs/src/ff_gen_drv.c ****   * the "License"; You may not use this file except in compliance with the
  13:Middlewares/Third_Party/FatFs/src/ff_gen_drv.c ****   * License. You may obtain a copy of the License at:
  14:Middlewares/Third_Party/FatFs/src/ff_gen_drv.c ****   *                       opensource.org/licenses/BSD-3-Clause
  15:Middlewares/Third_Party/FatFs/src/ff_gen_drv.c ****   *
  16:Middlewares/Third_Party/FatFs/src/ff_gen_drv.c ****   ******************************************************************************
  17:Middlewares/Third_Party/FatFs/src/ff_gen_drv.c **** **/
  18:Middlewares/Third_Party/FatFs/src/ff_gen_drv.c **** /* Includes ------------------------------------------------------------------*/
  19:Middlewares/Third_Party/FatFs/src/ff_gen_drv.c **** #include "ff_gen_drv.h"
  20:Middlewares/Third_Party/FatFs/src/ff_gen_drv.c **** 
  21:Middlewares/Third_Party/FatFs/src/ff_gen_drv.c **** /* Private typedef -----------------------------------------------------------*/
  22:Middlewares/Third_Party/FatFs/src/ff_gen_drv.c **** /* Private define ------------------------------------------------------------*/
  23:Middlewares/Third_Party/FatFs/src/ff_gen_drv.c **** /* Private variables ---------------------------------------------------------*/
ARM GAS  C:\Users\Halil\AppData\Local\Temp\ccaJ6Clo.s 			page 2


  24:Middlewares/Third_Party/FatFs/src/ff_gen_drv.c **** Disk_drvTypeDef disk = {{0},{0},{0},0};
  25:Middlewares/Third_Party/FatFs/src/ff_gen_drv.c **** 
  26:Middlewares/Third_Party/FatFs/src/ff_gen_drv.c **** /* Private function prototypes -----------------------------------------------*/
  27:Middlewares/Third_Party/FatFs/src/ff_gen_drv.c **** /* Private functions ---------------------------------------------------------*/
  28:Middlewares/Third_Party/FatFs/src/ff_gen_drv.c **** 
  29:Middlewares/Third_Party/FatFs/src/ff_gen_drv.c **** /**
  30:Middlewares/Third_Party/FatFs/src/ff_gen_drv.c ****   * @brief  Links a compatible diskio driver/lun id and increments the number of active
  31:Middlewares/Third_Party/FatFs/src/ff_gen_drv.c ****   *         linked drivers.
  32:Middlewares/Third_Party/FatFs/src/ff_gen_drv.c ****   * @note   The number of linked drivers (volumes) is up to 10 due to FatFs limits.
  33:Middlewares/Third_Party/FatFs/src/ff_gen_drv.c ****   * @param  drv: pointer to the disk IO Driver structure
  34:Middlewares/Third_Party/FatFs/src/ff_gen_drv.c ****   * @param  path: pointer to the logical drive path
  35:Middlewares/Third_Party/FatFs/src/ff_gen_drv.c ****   * @param  lun : only used for USB Key Disk to add multi-lun management
  36:Middlewares/Third_Party/FatFs/src/ff_gen_drv.c ****             else the parameter must be equal to 0
  37:Middlewares/Third_Party/FatFs/src/ff_gen_drv.c ****   * @retval Returns 0 in case of success, otherwise 1.
  38:Middlewares/Third_Party/FatFs/src/ff_gen_drv.c ****   */
  39:Middlewares/Third_Party/FatFs/src/ff_gen_drv.c **** uint8_t FATFS_LinkDriverEx(const Diskio_drvTypeDef *drv, char *path, uint8_t lun)
  40:Middlewares/Third_Party/FatFs/src/ff_gen_drv.c **** {
  36              		.loc 1 40 1
  37              		.cfi_startproc
  38              		@ args = 0, pretend = 0, frame = 24
  39              		@ frame_needed = 1, uses_anonymous_args = 0
  40              		@ link register save eliminated.
  41 0000 80B4     		push	{r7}
  42              		.cfi_def_cfa_offset 4
  43              		.cfi_offset 7, -4
  44 0002 87B0     		sub	sp, sp, #28
  45              		.cfi_def_cfa_offset 32
  46 0004 00AF     		add	r7, sp, #0
  47              		.cfi_def_cfa_register 7
  48 0006 F860     		str	r0, [r7, #12]
  49 0008 B960     		str	r1, [r7, #8]
  50 000a 1346     		mov	r3, r2
  51 000c FB71     		strb	r3, [r7, #7]
  41:Middlewares/Third_Party/FatFs/src/ff_gen_drv.c ****   uint8_t ret = 1;
  52              		.loc 1 41 11
  53 000e 0123     		movs	r3, #1
  54 0010 FB75     		strb	r3, [r7, #23]
  42:Middlewares/Third_Party/FatFs/src/ff_gen_drv.c ****   uint8_t DiskNum = 0;
  55              		.loc 1 42 11
  56 0012 0023     		movs	r3, #0
  57 0014 BB75     		strb	r3, [r7, #22]
  43:Middlewares/Third_Party/FatFs/src/ff_gen_drv.c **** 
  44:Middlewares/Third_Party/FatFs/src/ff_gen_drv.c ****   if(disk.nbr < _VOLUMES)
  58              		.loc 1 44 10
  59 0016 1F4B     		ldr	r3, .L4
  60 0018 5B7A     		ldrb	r3, [r3, #9]
  61 001a DBB2     		uxtb	r3, r3
  62              		.loc 1 44 5
  63 001c 002B     		cmp	r3, #0
  64 001e 31D1     		bne	.L2
  45:Middlewares/Third_Party/FatFs/src/ff_gen_drv.c ****   {
  46:Middlewares/Third_Party/FatFs/src/ff_gen_drv.c ****     disk.is_initialized[disk.nbr] = 0;
  65              		.loc 1 46 29
  66 0020 1C4B     		ldr	r3, .L4
  67 0022 5B7A     		ldrb	r3, [r3, #9]
  68 0024 DBB2     		uxtb	r3, r3
  69 0026 1A46     		mov	r2, r3
ARM GAS  C:\Users\Halil\AppData\Local\Temp\ccaJ6Clo.s 			page 3


  70              		.loc 1 46 35
  71 0028 1A4B     		ldr	r3, .L4
  72 002a 0021     		movs	r1, #0
  73 002c 9954     		strb	r1, [r3, r2]
  47:Middlewares/Third_Party/FatFs/src/ff_gen_drv.c ****     disk.drv[disk.nbr] = drv;
  74              		.loc 1 47 18
  75 002e 194B     		ldr	r3, .L4
  76 0030 5B7A     		ldrb	r3, [r3, #9]
  77 0032 DBB2     		uxtb	r3, r3
  78              		.loc 1 47 24
  79 0034 174A     		ldr	r2, .L4
  80 0036 9B00     		lsls	r3, r3, #2
  81 0038 1344     		add	r3, r3, r2
  82 003a FA68     		ldr	r2, [r7, #12]
  83 003c 5A60     		str	r2, [r3, #4]
  48:Middlewares/Third_Party/FatFs/src/ff_gen_drv.c ****     disk.lun[disk.nbr] = lun;
  84              		.loc 1 48 18
  85 003e 154B     		ldr	r3, .L4
  86 0040 5B7A     		ldrb	r3, [r3, #9]
  87 0042 DBB2     		uxtb	r3, r3
  88 0044 1A46     		mov	r2, r3
  89              		.loc 1 48 24
  90 0046 134B     		ldr	r3, .L4
  91 0048 1344     		add	r3, r3, r2
  92 004a FA79     		ldrb	r2, [r7, #7]
  93 004c 1A72     		strb	r2, [r3, #8]
  49:Middlewares/Third_Party/FatFs/src/ff_gen_drv.c ****     DiskNum = disk.nbr++;
  94              		.loc 1 49 19
  95 004e 114B     		ldr	r3, .L4
  96 0050 5B7A     		ldrb	r3, [r3, #9]
  97 0052 DBB2     		uxtb	r3, r3
  98              		.loc 1 49 23
  99 0054 5A1C     		adds	r2, r3, #1
 100 0056 D1B2     		uxtb	r1, r2
 101 0058 0E4A     		ldr	r2, .L4
 102 005a 5172     		strb	r1, [r2, #9]
 103              		.loc 1 49 13
 104 005c BB75     		strb	r3, [r7, #22]
  50:Middlewares/Third_Party/FatFs/src/ff_gen_drv.c ****     path[0] = DiskNum + '0';
 105              		.loc 1 50 23
 106 005e BB7D     		ldrb	r3, [r7, #22]
 107 0060 3033     		adds	r3, r3, #48
 108 0062 DAB2     		uxtb	r2, r3
 109              		.loc 1 50 13
 110 0064 BB68     		ldr	r3, [r7, #8]
 111 0066 1A70     		strb	r2, [r3]
  51:Middlewares/Third_Party/FatFs/src/ff_gen_drv.c ****     path[1] = ':';
 112              		.loc 1 51 9
 113 0068 BB68     		ldr	r3, [r7, #8]
 114 006a 0133     		adds	r3, r3, #1
 115              		.loc 1 51 13
 116 006c 3A22     		movs	r2, #58
 117 006e 1A70     		strb	r2, [r3]
  52:Middlewares/Third_Party/FatFs/src/ff_gen_drv.c ****     path[2] = '/';
 118              		.loc 1 52 9
 119 0070 BB68     		ldr	r3, [r7, #8]
 120 0072 0233     		adds	r3, r3, #2
ARM GAS  C:\Users\Halil\AppData\Local\Temp\ccaJ6Clo.s 			page 4


 121              		.loc 1 52 13
 122 0074 2F22     		movs	r2, #47
 123 0076 1A70     		strb	r2, [r3]
  53:Middlewares/Third_Party/FatFs/src/ff_gen_drv.c ****     path[3] = 0;
 124              		.loc 1 53 9
 125 0078 BB68     		ldr	r3, [r7, #8]
 126 007a 0333     		adds	r3, r3, #3
 127              		.loc 1 53 13
 128 007c 0022     		movs	r2, #0
 129 007e 1A70     		strb	r2, [r3]
  54:Middlewares/Third_Party/FatFs/src/ff_gen_drv.c ****     ret = 0;
 130              		.loc 1 54 9
 131 0080 0023     		movs	r3, #0
 132 0082 FB75     		strb	r3, [r7, #23]
 133              	.L2:
  55:Middlewares/Third_Party/FatFs/src/ff_gen_drv.c ****   }
  56:Middlewares/Third_Party/FatFs/src/ff_gen_drv.c **** 
  57:Middlewares/Third_Party/FatFs/src/ff_gen_drv.c ****   return ret;
 134              		.loc 1 57 10
 135 0084 FB7D     		ldrb	r3, [r7, #23]	@ zero_extendqisi2
  58:Middlewares/Third_Party/FatFs/src/ff_gen_drv.c **** }
 136              		.loc 1 58 1
 137 0086 1846     		mov	r0, r3
 138 0088 1C37     		adds	r7, r7, #28
 139              		.cfi_def_cfa_offset 4
 140 008a BD46     		mov	sp, r7
 141              		.cfi_def_cfa_register 13
 142              		@ sp needed
 143 008c 5DF8047B 		ldr	r7, [sp], #4
 144              		.cfi_restore 7
 145              		.cfi_def_cfa_offset 0
 146 0090 7047     		bx	lr
 147              	.L5:
 148 0092 00BF     		.align	2
 149              	.L4:
 150 0094 00000000 		.word	disk
 151              		.cfi_endproc
 152              	.LFE243:
 154              		.section	.text.FATFS_LinkDriver,"ax",%progbits
 155              		.align	1
 156              		.global	FATFS_LinkDriver
 157              		.syntax unified
 158              		.thumb
 159              		.thumb_func
 161              	FATFS_LinkDriver:
 162              	.LFB244:
  59:Middlewares/Third_Party/FatFs/src/ff_gen_drv.c **** 
  60:Middlewares/Third_Party/FatFs/src/ff_gen_drv.c **** /**
  61:Middlewares/Third_Party/FatFs/src/ff_gen_drv.c ****   * @brief  Links a compatible diskio driver and increments the number of active
  62:Middlewares/Third_Party/FatFs/src/ff_gen_drv.c ****   *         linked drivers.
  63:Middlewares/Third_Party/FatFs/src/ff_gen_drv.c ****   * @note   The number of linked drivers (volumes) is up to 10 due to FatFs limits
  64:Middlewares/Third_Party/FatFs/src/ff_gen_drv.c ****   * @param  drv: pointer to the disk IO Driver structure
  65:Middlewares/Third_Party/FatFs/src/ff_gen_drv.c ****   * @param  path: pointer to the logical drive path
  66:Middlewares/Third_Party/FatFs/src/ff_gen_drv.c ****   * @retval Returns 0 in case of success, otherwise 1.
  67:Middlewares/Third_Party/FatFs/src/ff_gen_drv.c ****   */
  68:Middlewares/Third_Party/FatFs/src/ff_gen_drv.c **** uint8_t FATFS_LinkDriver(const Diskio_drvTypeDef *drv, char *path)
  69:Middlewares/Third_Party/FatFs/src/ff_gen_drv.c **** {
ARM GAS  C:\Users\Halil\AppData\Local\Temp\ccaJ6Clo.s 			page 5


 163              		.loc 1 69 1
 164              		.cfi_startproc
 165              		@ args = 0, pretend = 0, frame = 8
 166              		@ frame_needed = 1, uses_anonymous_args = 0
 167 0000 80B5     		push	{r7, lr}
 168              		.cfi_def_cfa_offset 8
 169              		.cfi_offset 7, -8
 170              		.cfi_offset 14, -4
 171 0002 82B0     		sub	sp, sp, #8
 172              		.cfi_def_cfa_offset 16
 173 0004 00AF     		add	r7, sp, #0
 174              		.cfi_def_cfa_register 7
 175 0006 7860     		str	r0, [r7, #4]
 176 0008 3960     		str	r1, [r7]
  70:Middlewares/Third_Party/FatFs/src/ff_gen_drv.c ****   return FATFS_LinkDriverEx(drv, path, 0);
 177              		.loc 1 70 10
 178 000a 0022     		movs	r2, #0
 179 000c 3968     		ldr	r1, [r7]
 180 000e 7868     		ldr	r0, [r7, #4]
 181 0010 FFF7FEFF 		bl	FATFS_LinkDriverEx
 182 0014 0346     		mov	r3, r0
  71:Middlewares/Third_Party/FatFs/src/ff_gen_drv.c **** }
 183              		.loc 1 71 1
 184 0016 1846     		mov	r0, r3
 185 0018 0837     		adds	r7, r7, #8
 186              		.cfi_def_cfa_offset 8
 187 001a BD46     		mov	sp, r7
 188              		.cfi_def_cfa_register 13
 189              		@ sp needed
 190 001c 80BD     		pop	{r7, pc}
 191              		.cfi_endproc
 192              	.LFE244:
 194              		.section	.text.FATFS_UnLinkDriverEx,"ax",%progbits
 195              		.align	1
 196              		.global	FATFS_UnLinkDriverEx
 197              		.syntax unified
 198              		.thumb
 199              		.thumb_func
 201              	FATFS_UnLinkDriverEx:
 202              	.LFB245:
  72:Middlewares/Third_Party/FatFs/src/ff_gen_drv.c **** 
  73:Middlewares/Third_Party/FatFs/src/ff_gen_drv.c **** /**
  74:Middlewares/Third_Party/FatFs/src/ff_gen_drv.c ****   * @brief  Unlinks a diskio driver and decrements the number of active linked
  75:Middlewares/Third_Party/FatFs/src/ff_gen_drv.c ****   *         drivers.
  76:Middlewares/Third_Party/FatFs/src/ff_gen_drv.c ****   * @param  path: pointer to the logical drive path
  77:Middlewares/Third_Party/FatFs/src/ff_gen_drv.c ****   * @param  lun : not used
  78:Middlewares/Third_Party/FatFs/src/ff_gen_drv.c ****   * @retval Returns 0 in case of success, otherwise 1.
  79:Middlewares/Third_Party/FatFs/src/ff_gen_drv.c ****   */
  80:Middlewares/Third_Party/FatFs/src/ff_gen_drv.c **** uint8_t FATFS_UnLinkDriverEx(char *path, uint8_t lun)
  81:Middlewares/Third_Party/FatFs/src/ff_gen_drv.c **** {
 203              		.loc 1 81 1
 204              		.cfi_startproc
 205              		@ args = 0, pretend = 0, frame = 16
 206              		@ frame_needed = 1, uses_anonymous_args = 0
 207              		@ link register save eliminated.
 208 0000 80B4     		push	{r7}
 209              		.cfi_def_cfa_offset 4
ARM GAS  C:\Users\Halil\AppData\Local\Temp\ccaJ6Clo.s 			page 6


 210              		.cfi_offset 7, -4
 211 0002 85B0     		sub	sp, sp, #20
 212              		.cfi_def_cfa_offset 24
 213 0004 00AF     		add	r7, sp, #0
 214              		.cfi_def_cfa_register 7
 215 0006 7860     		str	r0, [r7, #4]
 216 0008 0B46     		mov	r3, r1
 217 000a FB70     		strb	r3, [r7, #3]
  82:Middlewares/Third_Party/FatFs/src/ff_gen_drv.c ****   uint8_t DiskNum = 0;
 218              		.loc 1 82 11
 219 000c 0023     		movs	r3, #0
 220 000e BB73     		strb	r3, [r7, #14]
  83:Middlewares/Third_Party/FatFs/src/ff_gen_drv.c ****   uint8_t ret = 1;
 221              		.loc 1 83 11
 222 0010 0123     		movs	r3, #1
 223 0012 FB73     		strb	r3, [r7, #15]
  84:Middlewares/Third_Party/FatFs/src/ff_gen_drv.c **** 
  85:Middlewares/Third_Party/FatFs/src/ff_gen_drv.c ****   if(disk.nbr >= 1)
 224              		.loc 1 85 10
 225 0014 154B     		ldr	r3, .L11
 226 0016 5B7A     		ldrb	r3, [r3, #9]
 227 0018 DBB2     		uxtb	r3, r3
 228              		.loc 1 85 5
 229 001a 002B     		cmp	r3, #0
 230 001c 1ED0     		beq	.L9
  86:Middlewares/Third_Party/FatFs/src/ff_gen_drv.c ****   {
  87:Middlewares/Third_Party/FatFs/src/ff_gen_drv.c ****     DiskNum = path[0] - '0';
 231              		.loc 1 87 19
 232 001e 7B68     		ldr	r3, [r7, #4]
 233 0020 1B78     		ldrb	r3, [r3]	@ zero_extendqisi2
 234              		.loc 1 87 13
 235 0022 303B     		subs	r3, r3, #48
 236 0024 BB73     		strb	r3, [r7, #14]
  88:Middlewares/Third_Party/FatFs/src/ff_gen_drv.c ****     if(disk.drv[DiskNum] != 0)
 237              		.loc 1 88 16
 238 0026 BB7B     		ldrb	r3, [r7, #14]	@ zero_extendqisi2
 239 0028 104A     		ldr	r2, .L11
 240 002a 9B00     		lsls	r3, r3, #2
 241 002c 1344     		add	r3, r3, r2
 242 002e 5B68     		ldr	r3, [r3, #4]
 243              		.loc 1 88 7
 244 0030 002B     		cmp	r3, #0
 245 0032 13D0     		beq	.L9
  89:Middlewares/Third_Party/FatFs/src/ff_gen_drv.c ****     {
  90:Middlewares/Third_Party/FatFs/src/ff_gen_drv.c ****       disk.drv[DiskNum] = 0;
 246              		.loc 1 90 15
 247 0034 BB7B     		ldrb	r3, [r7, #14]	@ zero_extendqisi2
 248              		.loc 1 90 25
 249 0036 0D4A     		ldr	r2, .L11
 250 0038 9B00     		lsls	r3, r3, #2
 251 003a 1344     		add	r3, r3, r2
 252 003c 0022     		movs	r2, #0
 253 003e 5A60     		str	r2, [r3, #4]
  91:Middlewares/Third_Party/FatFs/src/ff_gen_drv.c ****       disk.lun[DiskNum] = 0;
 254              		.loc 1 91 15
 255 0040 BB7B     		ldrb	r3, [r7, #14]	@ zero_extendqisi2
 256              		.loc 1 91 25
ARM GAS  C:\Users\Halil\AppData\Local\Temp\ccaJ6Clo.s 			page 7


 257 0042 0A4A     		ldr	r2, .L11
 258 0044 1344     		add	r3, r3, r2
 259 0046 0022     		movs	r2, #0
 260 0048 1A72     		strb	r2, [r3, #8]
  92:Middlewares/Third_Party/FatFs/src/ff_gen_drv.c ****       disk.nbr--;
 261              		.loc 1 92 11
 262 004a 084B     		ldr	r3, .L11
 263 004c 5B7A     		ldrb	r3, [r3, #9]
 264 004e DBB2     		uxtb	r3, r3
 265              		.loc 1 92 15
 266 0050 013B     		subs	r3, r3, #1
 267 0052 DAB2     		uxtb	r2, r3
 268 0054 054B     		ldr	r3, .L11
 269 0056 5A72     		strb	r2, [r3, #9]
  93:Middlewares/Third_Party/FatFs/src/ff_gen_drv.c ****       ret = 0;
 270              		.loc 1 93 11
 271 0058 0023     		movs	r3, #0
 272 005a FB73     		strb	r3, [r7, #15]
 273              	.L9:
  94:Middlewares/Third_Party/FatFs/src/ff_gen_drv.c ****     }
  95:Middlewares/Third_Party/FatFs/src/ff_gen_drv.c ****   }
  96:Middlewares/Third_Party/FatFs/src/ff_gen_drv.c **** 
  97:Middlewares/Third_Party/FatFs/src/ff_gen_drv.c ****   return ret;
 274              		.loc 1 97 10
 275 005c FB7B     		ldrb	r3, [r7, #15]	@ zero_extendqisi2
  98:Middlewares/Third_Party/FatFs/src/ff_gen_drv.c **** }
 276              		.loc 1 98 1
 277 005e 1846     		mov	r0, r3
 278 0060 1437     		adds	r7, r7, #20
 279              		.cfi_def_cfa_offset 4
 280 0062 BD46     		mov	sp, r7
 281              		.cfi_def_cfa_register 13
 282              		@ sp needed
 283 0064 5DF8047B 		ldr	r7, [sp], #4
 284              		.cfi_restore 7
 285              		.cfi_def_cfa_offset 0
 286 0068 7047     		bx	lr
 287              	.L12:
 288 006a 00BF     		.align	2
 289              	.L11:
 290 006c 00000000 		.word	disk
 291              		.cfi_endproc
 292              	.LFE245:
 294              		.section	.text.FATFS_UnLinkDriver,"ax",%progbits
 295              		.align	1
 296              		.global	FATFS_UnLinkDriver
 297              		.syntax unified
 298              		.thumb
 299              		.thumb_func
 301              	FATFS_UnLinkDriver:
 302              	.LFB246:
  99:Middlewares/Third_Party/FatFs/src/ff_gen_drv.c **** 
 100:Middlewares/Third_Party/FatFs/src/ff_gen_drv.c **** /**
 101:Middlewares/Third_Party/FatFs/src/ff_gen_drv.c ****   * @brief  Unlinks a diskio driver and decrements the number of active linked
 102:Middlewares/Third_Party/FatFs/src/ff_gen_drv.c ****   *         drivers.
 103:Middlewares/Third_Party/FatFs/src/ff_gen_drv.c ****   * @param  path: pointer to the logical drive path
 104:Middlewares/Third_Party/FatFs/src/ff_gen_drv.c ****   * @retval Returns 0 in case of success, otherwise 1.
ARM GAS  C:\Users\Halil\AppData\Local\Temp\ccaJ6Clo.s 			page 8


 105:Middlewares/Third_Party/FatFs/src/ff_gen_drv.c ****   */
 106:Middlewares/Third_Party/FatFs/src/ff_gen_drv.c **** uint8_t FATFS_UnLinkDriver(char *path)
 107:Middlewares/Third_Party/FatFs/src/ff_gen_drv.c **** {
 303              		.loc 1 107 1
 304              		.cfi_startproc
 305              		@ args = 0, pretend = 0, frame = 8
 306              		@ frame_needed = 1, uses_anonymous_args = 0
 307 0000 80B5     		push	{r7, lr}
 308              		.cfi_def_cfa_offset 8
 309              		.cfi_offset 7, -8
 310              		.cfi_offset 14, -4
 311 0002 82B0     		sub	sp, sp, #8
 312              		.cfi_def_cfa_offset 16
 313 0004 00AF     		add	r7, sp, #0
 314              		.cfi_def_cfa_register 7
 315 0006 7860     		str	r0, [r7, #4]
 108:Middlewares/Third_Party/FatFs/src/ff_gen_drv.c ****   return FATFS_UnLinkDriverEx(path, 0);
 316              		.loc 1 108 10
 317 0008 0021     		movs	r1, #0
 318 000a 7868     		ldr	r0, [r7, #4]
 319 000c FFF7FEFF 		bl	FATFS_UnLinkDriverEx
 320 0010 0346     		mov	r3, r0
 109:Middlewares/Third_Party/FatFs/src/ff_gen_drv.c **** }
 321              		.loc 1 109 1
 322 0012 1846     		mov	r0, r3
 323 0014 0837     		adds	r7, r7, #8
 324              		.cfi_def_cfa_offset 8
 325 0016 BD46     		mov	sp, r7
 326              		.cfi_def_cfa_register 13
 327              		@ sp needed
 328 0018 80BD     		pop	{r7, pc}
 329              		.cfi_endproc
 330              	.LFE246:
 332              		.section	.text.FATFS_GetAttachedDriversNbr,"ax",%progbits
 333              		.align	1
 334              		.global	FATFS_GetAttachedDriversNbr
 335              		.syntax unified
 336              		.thumb
 337              		.thumb_func
 339              	FATFS_GetAttachedDriversNbr:
 340              	.LFB247:
 110:Middlewares/Third_Party/FatFs/src/ff_gen_drv.c **** 
 111:Middlewares/Third_Party/FatFs/src/ff_gen_drv.c **** /**
 112:Middlewares/Third_Party/FatFs/src/ff_gen_drv.c ****   * @brief  Gets number of linked drivers to the FatFs module.
 113:Middlewares/Third_Party/FatFs/src/ff_gen_drv.c ****   * @param  None
 114:Middlewares/Third_Party/FatFs/src/ff_gen_drv.c ****   * @retval Number of attached drivers.
 115:Middlewares/Third_Party/FatFs/src/ff_gen_drv.c ****   */
 116:Middlewares/Third_Party/FatFs/src/ff_gen_drv.c **** uint8_t FATFS_GetAttachedDriversNbr(void)
 117:Middlewares/Third_Party/FatFs/src/ff_gen_drv.c **** {
 341              		.loc 1 117 1
 342              		.cfi_startproc
 343              		@ args = 0, pretend = 0, frame = 0
 344              		@ frame_needed = 1, uses_anonymous_args = 0
 345              		@ link register save eliminated.
 346 0000 80B4     		push	{r7}
 347              		.cfi_def_cfa_offset 4
 348              		.cfi_offset 7, -4
ARM GAS  C:\Users\Halil\AppData\Local\Temp\ccaJ6Clo.s 			page 9


 349 0002 00AF     		add	r7, sp, #0
 350              		.cfi_def_cfa_register 7
 118:Middlewares/Third_Party/FatFs/src/ff_gen_drv.c ****   return disk.nbr;
 351              		.loc 1 118 14
 352 0004 034B     		ldr	r3, .L17
 353 0006 5B7A     		ldrb	r3, [r3, #9]
 354 0008 DBB2     		uxtb	r3, r3
 119:Middlewares/Third_Party/FatFs/src/ff_gen_drv.c **** }
 355              		.loc 1 119 1
 356 000a 1846     		mov	r0, r3
 357 000c BD46     		mov	sp, r7
 358              		.cfi_def_cfa_register 13
 359              		@ sp needed
 360 000e 5DF8047B 		ldr	r7, [sp], #4
 361              		.cfi_restore 7
 362              		.cfi_def_cfa_offset 0
 363 0012 7047     		bx	lr
 364              	.L18:
 365              		.align	2
 366              	.L17:
 367 0014 00000000 		.word	disk
 368              		.cfi_endproc
 369              	.LFE247:
 371              		.text
 372              	.Letext0:
 373              		.file 2 "Middlewares/Third_Party/FatFs/src/integer.h"
 374              		.file 3 "Middlewares/Third_Party/FatFs/src/diskio.h"
 375              		.file 4 "C:\\ST\\STM32CubeIDE_1.14.1\\STM32CubeIDE\\plugins\\com.st.stm32cube.ide.mcu.externaltool
 376              		.file 5 "C:\\ST\\STM32CubeIDE_1.14.1\\STM32CubeIDE\\plugins\\com.st.stm32cube.ide.mcu.externaltool
 377              		.file 6 "Middlewares/Third_Party/FatFs/src/ff_gen_drv.h"
ARM GAS  C:\Users\Halil\AppData\Local\Temp\ccaJ6Clo.s 			page 10


DEFINED SYMBOLS
                            *ABS*:00000000 ff_gen_drv.c
C:\Users\Halil\AppData\Local\Temp\ccaJ6Clo.s:25     .bss.disk:00000000 disk
C:\Users\Halil\AppData\Local\Temp\ccaJ6Clo.s:22     .bss.disk:00000000 $d
C:\Users\Halil\AppData\Local\Temp\ccaJ6Clo.s:28     .text.FATFS_LinkDriverEx:00000000 $t
C:\Users\Halil\AppData\Local\Temp\ccaJ6Clo.s:34     .text.FATFS_LinkDriverEx:00000000 FATFS_LinkDriverEx
C:\Users\Halil\AppData\Local\Temp\ccaJ6Clo.s:150    .text.FATFS_LinkDriverEx:00000094 $d
C:\Users\Halil\AppData\Local\Temp\ccaJ6Clo.s:155    .text.FATFS_LinkDriver:00000000 $t
C:\Users\Halil\AppData\Local\Temp\ccaJ6Clo.s:161    .text.FATFS_LinkDriver:00000000 FATFS_LinkDriver
C:\Users\Halil\AppData\Local\Temp\ccaJ6Clo.s:195    .text.FATFS_UnLinkDriverEx:00000000 $t
C:\Users\Halil\AppData\Local\Temp\ccaJ6Clo.s:201    .text.FATFS_UnLinkDriverEx:00000000 FATFS_UnLinkDriverEx
C:\Users\Halil\AppData\Local\Temp\ccaJ6Clo.s:290    .text.FATFS_UnLinkDriverEx:0000006c $d
C:\Users\Halil\AppData\Local\Temp\ccaJ6Clo.s:295    .text.FATFS_UnLinkDriver:00000000 $t
C:\Users\Halil\AppData\Local\Temp\ccaJ6Clo.s:301    .text.FATFS_UnLinkDriver:00000000 FATFS_UnLinkDriver
C:\Users\Halil\AppData\Local\Temp\ccaJ6Clo.s:333    .text.FATFS_GetAttachedDriversNbr:00000000 $t
C:\Users\Halil\AppData\Local\Temp\ccaJ6Clo.s:339    .text.FATFS_GetAttachedDriversNbr:00000000 FATFS_GetAttachedDriversNbr
C:\Users\Halil\AppData\Local\Temp\ccaJ6Clo.s:367    .text.FATFS_GetAttachedDriversNbr:00000014 $d
                           .group:00000000 wm4.0.fbeba72283fbbed79c5ed62adcf8946b
                           .group:00000000 wm4.diskio.h.6.8da7330f9b93c43e88f440080fbc00d0
                           .group:00000000 wm4.diskio.h.44.fca3d6f870cedb9b0142ef6e4583e01b
                           .group:00000000 wm4.stm32f4xx_hal_conf.h.25.834fd89df99f7f3fe75169badeed02aa
                           .group:00000000 wm4.stm32f4xx.h.38.63e3ea23bd63a94457417730025259b6
                           .group:00000000 wm4.stm32f446xx.h.34.dd43cebd7192f96bce7a5ff975201274
                           .group:00000000 wm4._newlib_version.h.4.6d111ab2e95434b664b53815e5c8ccba
                           .group:00000000 wm4.features.h.33.3e67abe6fb64142d4f6fa9496796153c
                           .group:00000000 wm4._default_types.h.15.247e5cd201eca3442cbf5404108c4935
                           .group:00000000 wm4._intsup.h.10.48bafbb683905c4daa4565a85aeeb264
                           .group:00000000 wm4._stdint.h.10.c24fa3af3bc1706662bb5593a907e841
                           .group:00000000 wm4.stdint.h.23.d53047a68f4a85177f80b422d52785ed
                           .group:00000000 wm4.cmsis_version.h.32.0ac195c83bb4537824e6ad1c47474b79
                           .group:00000000 wm4.core_cm4.h.66.e4ff136c4a17abc46741866f64f8e729
                           .group:00000000 wm4.cmsis_gcc.h.26.498d0ad17a45fc9ef20fdc01caf02259
                           .group:00000000 wm4.core_cm4.h.174.62be9b4588d49bed18171771001331df
                           .group:00000000 wm4.mpu_armv7.h.32.83326921a797fa9d6f70449916b4b839
                           .group:00000000 wm4.stm32f446xx.h.917.13927c85cbbf4787955bc4173c54fa12
                           .group:00000000 wm4.stm32f4xx.h.195.a4b8bf80f37cc96981498656ffe5f588
                           .group:00000000 wm4.stm32_hal_legacy.h.22.8b7d303dc46a0b7ac6d3edf19ce2608d
                           .group:00000000 wm4.stddef.h.39.3e0425629195acf083c9561151306b4d
                           .group:00000000 wm4.stm32f4xx_hal_def.h.58.3cb484e92e5ccf2e55312a4714e27917
                           .group:00000000 wm4.stm32f4xx_hal_rcc_ex.h.20.9b6e314009d4800dd71c0ec1c264a1ea
                           .group:00000000 wm4.stm32f4xx_hal_rcc.h.106.0887cf5d985ae88e345b0aed0ceb4729
                           .group:00000000 wm4.stm32f4xx_hal_gpio.h.21.22da6a14b6049d6ac156577be74df1d7
                           .group:00000000 wm4.stm32f4xx_hal_gpio_ex.h.21.33ea7ea24fd170b1d3dce3d23330c9d3
                           .group:00000000 wm4.stm32f4xx_hal_gpio.h.254.d7e07832f748fe8bcb575db0b8373592
                           .group:00000000 wm4.stm32f4xx_hal_exti.h.21.4fc7f37c3cc97fb821b368ede79414b6
                           .group:00000000 wm4.stm32f4xx_hal_dma.h.21.8e4b1421c914345c23be719e5e528779
                           .group:00000000 wm4.stm32f4xx_hal_dma.h.720.ac2d7eef74792e4026acc4d2923c5da4
                           .group:00000000 wm4.stm32f4xx_hal_cortex.h.20.03673e4f79386680bf73ba399c19306b
                           .group:00000000 wm4.stm32f4xx_ll_adc.h.21.8ab9bf4d55f678506dbbe8102cb12bbc
                           .group:00000000 wm4.stm32f4xx_hal_adc.h.159.62530d9b3382796f19493a9679ef426c
                           .group:00000000 wm4.stm32f4xx_hal_adc_ex.h.21.94e87945640619cdd4cff40627e1380a
                           .group:00000000 wm4.stm32f4xx_hal_adc.h.639.c30c49256117cbda0ada83149c65b3d8
                           .group:00000000 wm4.stm32f4xx_hal_flash.h.20.2f1e0d1b7010b3a81a7980aaf712e7e5
                           .group:00000000 wm4.stm32f4xx_hal_flash_ex.h.20.77cb3e5c0f1e426426a4cbc884a1eed8
                           .group:00000000 wm4.stm32f4xx_hal_flash.h.361.23bc19b9eac79b0956d913651841ede8
                           .group:00000000 wm4.stm32f4xx_hal_i2c.h.21.147e96a27b1f7b1f2f8ee22132703ee3
                           .group:00000000 wm4.stm32f4xx_hal_i2c_ex.h.21.951ef5bfa13cf131d2015c338e82e461
ARM GAS  C:\Users\Halil\AppData\Local\Temp\ccaJ6Clo.s 			page 11


                           .group:00000000 wm4.stm32f4xx_hal_i2c.h.647.ade9c3447780b1cc0ece02f0ce83aedc
                           .group:00000000 wm4.stm32f4xx_hal_pwr.h.20.1905a0783a9c83adefd7df0c4b501e40
                           .group:00000000 wm4.stm32f4xx_hal_pwr_ex.h.20.9786dbd699c850465fa7b77273740267
                           .group:00000000 wm4.stm32f4xx_hal_pwr.h.338.debc0a4a62ba54688e63ab53dd99c4ea
                           .group:00000000 wm4.stm32f4xx_hal_spi.h.21.8b27a8d792c565f72ddd4cfad797986f
                           .group:00000000 wm4.stm32f4xx_hal_tim.h.21.c31cbc03c25f07a932427770396c59d2
                           .group:00000000 wm4.stm32f4xx_hal_tim_ex.h.21.3ff8ebb44e16ac9d5b95e2b3533221b9
                           .group:00000000 wm4.stm32f4xx_hal_uart.h.21.ba8e24dd05c77faac3f3d48472e636ba
                           .group:00000000 wm4.stm32f4xx_hal.h.71.02372bc31d47d29d3f67fbfe1429649e
                           .group:00000000 wm4.main.h.61.69da45f81907557a0774729345d5d811
                           .group:00000000 wm4.FreeRTOSConfig.h.32.bc6247a01309fb09d1c77b2aa8b243d2
                           .group:00000000 wm4.stdarg.h.31.b55da1089056868966f25de5dbfc7d3c
                           .group:00000000 wm4.Global.h.69.e0f48c7eb64cd3647ceacea2cc368f43
                           .group:00000000 wm4.SEGGER.h.93.885d9d7ea302677e269465e6da347b9f
                           .group:00000000 wm4.SEGGER_SYSVIEW.h.88.65dd41e8fc33fc8f03c978fd13231926
                           .group:00000000 wm4.SEGGER_SYSVIEW_FreeRTOS.h.80.d232dda0d91b880546b63cc6970a0231
                           .group:00000000 wm4.projdefs.h.29.3472c8470d131a5f474bc7437ea94609
                           .group:00000000 wm4.portmacro.h.30.ebb5f3ce711e1dad21b3172c9bc8e19f
                           .group:00000000 wm4.portable.h.64.742f2ce568820e866a7b541b4c77966f
                           .group:00000000 wm4.mpu_wrappers.h.29.4f9aea82ee68d943d141825e5294de63
                           .group:00000000 wm4.FreeRTOS.h.66.cc51f96fb61ed1e446bb6cea86adf7fa
                           .group:00000000 wm4.list.h.61.5c5a38f6bc6687eed6d893e57dabd8e6
                           .group:00000000 wm4.task.h.46.9fb92b2c1a30a52e436f6063552b709b
                           .group:00000000 wm4.cmsis_os.h.129.5f4adf2a422dfa714f64051974ebee7a
                           .group:00000000 wm4.cmsis_os2.h.151.57db232dfe421e4f781dd02c42ee4360
                           .group:00000000 wm4.cmsis_os.h.179.c36f217fbf28f1f2e754518bfb5a2ae8
                           .group:00000000 wm4.ffconf.h.33.4fdc704f7f2d35145fb27bd48d09f536
                           .group:00000000 wm4.ff.h.63.4a71c48ce74f1325372be3373adc3c55

NO UNDEFINED SYMBOLS
