ARM GAS  C:\Users\Halil\AppData\Local\Temp\ccm26Sa4.s 			page 1


   1              		.cpu cortex-m4
   2              		.arch armv7e-m
   3              		.fpu fpv4-sp-d16
   4              		.eabi_attribute 27, 1
   5              		.eabi_attribute 28, 1
   6              		.eabi_attribute 20, 1
   7              		.eabi_attribute 21, 1
   8              		.eabi_attribute 23, 3
   9              		.eabi_attribute 24, 1
  10              		.eabi_attribute 25, 1
  11              		.eabi_attribute 26, 1
  12              		.eabi_attribute 30, 6
  13              		.eabi_attribute 34, 1
  14              		.eabi_attribute 18, 4
  15              		.file	"packet.c"
  16              		.text
  17              	.Ltext0:
  18              		.cfi_sections	.debug_frame
  19              		.file 1 "Core/Src/packet.c"
  20              		.global	normal_paket
  21              		.section	.bss.normal_paket,"aw",%nobits
  22              		.align	2
  25              	normal_paket:
  26 0000 00000000 		.space	50
  26      00000000 
  26      00000000 
  26      00000000 
  26      00000000 
  27              		.global	sd_paket
  28              		.section	.bss.sd_paket,"aw",%nobits
  29              		.align	2
  32              	sd_paket:
  33 0000 00000000 		.space	64
  33      00000000 
  33      00000000 
  33      00000000 
  33      00000000 
  34              		.section	.text.check_sum_hesapla_normal,"ax",%progbits
  35              		.align	1
  36              		.global	check_sum_hesapla_normal
  37              		.syntax unified
  38              		.thumb
  39              		.thumb_func
  41              	check_sum_hesapla_normal:
  42              	.LFB242:
   1:Core/Src/packet.c **** /*
   2:Core/Src/packet.c ****  * packet.c
   3:Core/Src/packet.c ****  *
   4:Core/Src/packet.c ****  *  Created on: May 7, 2025
   5:Core/Src/packet.c ****  *      Author: Halil
   6:Core/Src/packet.c ****  */
   7:Core/Src/packet.c **** #include "packet.h"
   8:Core/Src/packet.c **** #include <math.h>
   9:Core/Src/packet.c **** 
  10:Core/Src/packet.c **** unsigned char normal_paket[50];
  11:Core/Src/packet.c **** unsigned char sd_paket[64];
  12:Core/Src/packet.c **** 
ARM GAS  C:\Users\Halil\AppData\Local\Temp\ccm26Sa4.s 			page 2


  13:Core/Src/packet.c **** 
  14:Core/Src/packet.c **** unsigned char check_sum_hesapla_normal(int a){
  43              		.loc 1 14 46
  44              		.cfi_startproc
  45              		@ args = 0, pretend = 0, frame = 16
  46              		@ frame_needed = 1, uses_anonymous_args = 0
  47              		@ link register save eliminated.
  48 0000 80B4     		push	{r7}
  49              		.cfi_def_cfa_offset 4
  50              		.cfi_offset 7, -4
  51 0002 85B0     		sub	sp, sp, #20
  52              		.cfi_def_cfa_offset 24
  53 0004 00AF     		add	r7, sp, #0
  54              		.cfi_def_cfa_register 7
  55 0006 7860     		str	r0, [r7, #4]
  15:Core/Src/packet.c ****     int check_sum = 0;
  56              		.loc 1 15 9
  57 0008 0023     		movs	r3, #0
  58 000a FB60     		str	r3, [r7, #12]
  59              	.LBB2:
  16:Core/Src/packet.c ****     for(int i = 0; i < a; i++){
  60              		.loc 1 16 13
  61 000c 0023     		movs	r3, #0
  62 000e BB60     		str	r3, [r7, #8]
  63              		.loc 1 16 5
  64 0010 0AE0     		b	.L2
  65              	.L3:
  17:Core/Src/packet.c ****         check_sum += normal_paket[i];
  66              		.loc 1 17 34 discriminator 3
  67 0012 0E4A     		ldr	r2, .L5
  68 0014 BB68     		ldr	r3, [r7, #8]
  69 0016 1344     		add	r3, r3, r2
  70 0018 1B78     		ldrb	r3, [r3]	@ zero_extendqisi2
  71 001a 1A46     		mov	r2, r3
  72              		.loc 1 17 19 discriminator 3
  73 001c FB68     		ldr	r3, [r7, #12]
  74 001e 1344     		add	r3, r3, r2
  75 0020 FB60     		str	r3, [r7, #12]
  16:Core/Src/packet.c ****     for(int i = 0; i < a; i++){
  76              		.loc 1 16 28 discriminator 3
  77 0022 BB68     		ldr	r3, [r7, #8]
  78 0024 0133     		adds	r3, r3, #1
  79 0026 BB60     		str	r3, [r7, #8]
  80              	.L2:
  16:Core/Src/packet.c ****     for(int i = 0; i < a; i++){
  81              		.loc 1 16 22 discriminator 1
  82 0028 BA68     		ldr	r2, [r7, #8]
  83 002a 7B68     		ldr	r3, [r7, #4]
  84 002c 9A42     		cmp	r2, r3
  85 002e F0DB     		blt	.L3
  86              	.LBE2:
  18:Core/Src/packet.c ****     }
  19:Core/Src/packet.c ****     return (unsigned char) (check_sum % 256);
  87              		.loc 1 19 39
  88 0030 FB68     		ldr	r3, [r7, #12]
  89 0032 5A42     		rsbs	r2, r3, #0
  90 0034 DBB2     		uxtb	r3, r3
ARM GAS  C:\Users\Halil\AppData\Local\Temp\ccm26Sa4.s 			page 3


  91 0036 D2B2     		uxtb	r2, r2
  92 0038 58BF     		it	pl
  93 003a 5342     		rsbpl	r3, r2, #0
  94              		.loc 1 19 12
  95 003c DBB2     		uxtb	r3, r3
  20:Core/Src/packet.c **** }
  96              		.loc 1 20 1
  97 003e 1846     		mov	r0, r3
  98 0040 1437     		adds	r7, r7, #20
  99              		.cfi_def_cfa_offset 4
 100 0042 BD46     		mov	sp, r7
 101              		.cfi_def_cfa_register 13
 102              		@ sp needed
 103 0044 5DF8047B 		ldr	r7, [sp], #4
 104              		.cfi_restore 7
 105              		.cfi_def_cfa_offset 0
 106 0048 7047     		bx	lr
 107              	.L6:
 108 004a 00BF     		.align	2
 109              	.L5:
 110 004c 00000000 		.word	normal_paket
 111              		.cfi_endproc
 112              	.LFE242:
 114              		.section	.text.addDataPacketNormal,"ax",%progbits
 115              		.align	1
 116              		.global	addDataPacketNormal
 117              		.syntax unified
 118              		.thumb
 119              		.thumb_func
 121              	addDataPacketNormal:
 122              	.LFB243:
  21:Core/Src/packet.c **** 
  22:Core/Src/packet.c **** void addDataPacketNormal(BME_280_t* BME, bmi088_struct_t* BMI, sensor_fusion_t* sensor, gps_data_t*
 123              		.loc 1 22 156
 124              		.cfi_startproc
 125              		@ args = 0, pretend = 0, frame = 80
 126              		@ frame_needed = 1, uses_anonymous_args = 0
 127 0000 80B5     		push	{r7, lr}
 128              		.cfi_def_cfa_offset 8
 129              		.cfi_offset 7, -8
 130              		.cfi_offset 14, -4
 131 0002 94B0     		sub	sp, sp, #80
 132              		.cfi_def_cfa_offset 88
 133 0004 00AF     		add	r7, sp, #0
 134              		.cfi_def_cfa_register 7
 135 0006 F861     		str	r0, [r7, #28]
 136 0008 B961     		str	r1, [r7, #24]
 137 000a 7A61     		str	r2, [r7, #20]
 138 000c 3B61     		str	r3, [r7, #16]
 139 000e 87ED030A 		vstr.32	s0, [r7, #12]
 140 0012 C7ED020A 		vstr.32	s1, [r7, #8]
 141 0016 87ED011A 		vstr.32	s2, [r7, #4]
  23:Core/Src/packet.c ****   normal_paket[0] = 0xFF; // Sabit
 142              		.loc 1 23 19
 143 001a 854B     		ldr	r3, .L8
 144 001c FF22     		movs	r2, #255
 145 001e 1A70     		strb	r2, [r3]
ARM GAS  C:\Users\Halil\AppData\Local\Temp\ccm26Sa4.s 			page 4


  24:Core/Src/packet.c **** 
  25:Core/Src/packet.c ****   FLOAT32_UINT8_DONUSTURUCU irtifa_float32_uint8_donusturucu;
  26:Core/Src/packet.c ****   irtifa_float32_uint8_donusturucu.sayi = (BME->altitude); // Irtifa degerinin atamasini yapiyoruz.
 146              		.loc 1 26 47
 147 0020 FB69     		ldr	r3, [r7, #28]
 148 0022 1B6A     		ldr	r3, [r3, #32]	@ float
 149              		.loc 1 26 41
 150 0024 FB64     		str	r3, [r7, #76]	@ float
  27:Core/Src/packet.c ****   normal_paket[1] = irtifa_float32_uint8_donusturucu.array[0];
 151              		.loc 1 27 59
 152 0026 97F84C20 		ldrb	r2, [r7, #76]	@ zero_extendqisi2
 153              		.loc 1 27 19
 154 002a 814B     		ldr	r3, .L8
 155 002c 5A70     		strb	r2, [r3, #1]
  28:Core/Src/packet.c ****   normal_paket[2] = irtifa_float32_uint8_donusturucu.array[1];
 156              		.loc 1 28 59
 157 002e 97F84D20 		ldrb	r2, [r7, #77]	@ zero_extendqisi2
 158              		.loc 1 28 19
 159 0032 7F4B     		ldr	r3, .L8
 160 0034 9A70     		strb	r2, [r3, #2]
  29:Core/Src/packet.c ****   normal_paket[3] = irtifa_float32_uint8_donusturucu.array[2];
 161              		.loc 1 29 59
 162 0036 97F84E20 		ldrb	r2, [r7, #78]	@ zero_extendqisi2
 163              		.loc 1 29 19
 164 003a 7D4B     		ldr	r3, .L8
 165 003c DA70     		strb	r2, [r3, #3]
  30:Core/Src/packet.c ****   normal_paket[4] = irtifa_float32_uint8_donusturucu.array[3];
 166              		.loc 1 30 59
 167 003e 97F84F20 		ldrb	r2, [r7, #79]	@ zero_extendqisi2
 168              		.loc 1 30 19
 169 0042 7B4B     		ldr	r3, .L8
 170 0044 1A71     		strb	r2, [r3, #4]
  31:Core/Src/packet.c **** 
  32:Core/Src/packet.c ****   FLOAT32_UINT8_DONUSTURUCU roket_gps_irtifa_float32_uint8_donusturucu;
  33:Core/Src/packet.c ****   roket_gps_irtifa_float32_uint8_donusturucu.sayi = (bmi088_get_accel_frequency()); // Roket GPS Ir
 171              		.loc 1 33 54
 172 0046 FFF7FEFF 		bl	bmi088_get_accel_frequency
 173 004a F0EE407A 		vmov.f32	s15, s0
 174              		.loc 1 33 51
 175 004e C7ED127A 		vstr.32	s15, [r7, #72]
  34:Core/Src/packet.c ****   normal_paket[5] = roket_gps_irtifa_float32_uint8_donusturucu.array[0];
 176              		.loc 1 34 69
 177 0052 97F84820 		ldrb	r2, [r7, #72]	@ zero_extendqisi2
 178              		.loc 1 34 19
 179 0056 764B     		ldr	r3, .L8
 180 0058 5A71     		strb	r2, [r3, #5]
  35:Core/Src/packet.c ****   normal_paket[6] = roket_gps_irtifa_float32_uint8_donusturucu.array[1];
 181              		.loc 1 35 69
 182 005a 97F84920 		ldrb	r2, [r7, #73]	@ zero_extendqisi2
 183              		.loc 1 35 19
 184 005e 744B     		ldr	r3, .L8
 185 0060 9A71     		strb	r2, [r3, #6]
  36:Core/Src/packet.c ****   normal_paket[7] = roket_gps_irtifa_float32_uint8_donusturucu.array[2];
 186              		.loc 1 36 69
 187 0062 97F84A20 		ldrb	r2, [r7, #74]	@ zero_extendqisi2
 188              		.loc 1 36 19
 189 0066 724B     		ldr	r3, .L8
ARM GAS  C:\Users\Halil\AppData\Local\Temp\ccm26Sa4.s 			page 5


 190 0068 DA71     		strb	r2, [r3, #7]
  37:Core/Src/packet.c ****   normal_paket[8] = roket_gps_irtifa_float32_uint8_donusturucu.array[3];
 191              		.loc 1 37 69
 192 006a 97F84B20 		ldrb	r2, [r7, #75]	@ zero_extendqisi2
 193              		.loc 1 37 19
 194 006e 704B     		ldr	r3, .L8
 195 0070 1A72     		strb	r2, [r3, #8]
  38:Core/Src/packet.c **** 
  39:Core/Src/packet.c ****    // Roket Enlem
  40:Core/Src/packet.c ****   FLOAT32_UINT8_DONUSTURUCU roket_enlem_float32_uint8_donusturucu;
  41:Core/Src/packet.c ****   roket_enlem_float32_uint8_donusturucu.sayi = (bmi088_get_gyro_frequency()); // Roket enlem degeri
 196              		.loc 1 41 49
 197 0072 FFF7FEFF 		bl	bmi088_get_gyro_frequency
 198 0076 F0EE407A 		vmov.f32	s15, s0
 199              		.loc 1 41 46
 200 007a C7ED117A 		vstr.32	s15, [r7, #68]
  42:Core/Src/packet.c ****   normal_paket[9] = roket_enlem_float32_uint8_donusturucu.array[0];
 201              		.loc 1 42 64
 202 007e 97F84420 		ldrb	r2, [r7, #68]	@ zero_extendqisi2
 203              		.loc 1 42 19
 204 0082 6B4B     		ldr	r3, .L8
 205 0084 5A72     		strb	r2, [r3, #9]
  43:Core/Src/packet.c ****   normal_paket[10] = roket_enlem_float32_uint8_donusturucu.array[1];
 206              		.loc 1 43 65
 207 0086 97F84520 		ldrb	r2, [r7, #69]	@ zero_extendqisi2
 208              		.loc 1 43 20
 209 008a 694B     		ldr	r3, .L8
 210 008c 9A72     		strb	r2, [r3, #10]
  44:Core/Src/packet.c ****   normal_paket[11] = roket_enlem_float32_uint8_donusturucu.array[2];
 211              		.loc 1 44 65
 212 008e 97F84620 		ldrb	r2, [r7, #70]	@ zero_extendqisi2
 213              		.loc 1 44 20
 214 0092 674B     		ldr	r3, .L8
 215 0094 DA72     		strb	r2, [r3, #11]
  45:Core/Src/packet.c ****   normal_paket[12] = roket_enlem_float32_uint8_donusturucu.array[3];
 216              		.loc 1 45 65
 217 0096 97F84720 		ldrb	r2, [r7, #71]	@ zero_extendqisi2
 218              		.loc 1 45 20
 219 009a 654B     		ldr	r3, .L8
 220 009c 1A73     		strb	r2, [r3, #12]
  46:Core/Src/packet.c **** 
  47:Core/Src/packet.c ****   // Roket Boylam
  48:Core/Src/packet.c ****   FLOAT32_UINT8_DONUSTURUCU roket_boylam_irtifa_float32_uint8_donusturucu;
  49:Core/Src/packet.c ****   roket_boylam_irtifa_float32_uint8_donusturucu.sayi = (GPS->longitude); // Roket boylam degerinin 
 221              		.loc 1 49 60
 222 009e 3B69     		ldr	r3, [r7, #16]
 223 00a0 9B6B     		ldr	r3, [r3, #56]	@ float
 224              		.loc 1 49 54
 225 00a2 3B64     		str	r3, [r7, #64]	@ float
  50:Core/Src/packet.c ****   normal_paket[13] = roket_boylam_irtifa_float32_uint8_donusturucu.array[0];
 226              		.loc 1 50 73
 227 00a4 97F84020 		ldrb	r2, [r7, #64]	@ zero_extendqisi2
 228              		.loc 1 50 20
 229 00a8 614B     		ldr	r3, .L8
 230 00aa 5A73     		strb	r2, [r3, #13]
  51:Core/Src/packet.c ****   normal_paket[14] = roket_boylam_irtifa_float32_uint8_donusturucu.array[1];
 231              		.loc 1 51 73
ARM GAS  C:\Users\Halil\AppData\Local\Temp\ccm26Sa4.s 			page 6


 232 00ac 97F84120 		ldrb	r2, [r7, #65]	@ zero_extendqisi2
 233              		.loc 1 51 20
 234 00b0 5F4B     		ldr	r3, .L8
 235 00b2 9A73     		strb	r2, [r3, #14]
  52:Core/Src/packet.c ****   normal_paket[15] = roket_boylam_irtifa_float32_uint8_donusturucu.array[2];
 236              		.loc 1 52 73
 237 00b4 97F84220 		ldrb	r2, [r7, #66]	@ zero_extendqisi2
 238              		.loc 1 52 20
 239 00b8 5D4B     		ldr	r3, .L8
 240 00ba DA73     		strb	r2, [r3, #15]
  53:Core/Src/packet.c ****   normal_paket[16] = roket_boylam_irtifa_float32_uint8_donusturucu.array[3];
 241              		.loc 1 53 73
 242 00bc 97F84320 		ldrb	r2, [r7, #67]	@ zero_extendqisi2
 243              		.loc 1 53 20
 244 00c0 5B4B     		ldr	r3, .L8
 245 00c2 1A74     		strb	r2, [r3, #16]
  54:Core/Src/packet.c **** 
  55:Core/Src/packet.c **** 
  56:Core/Src/packet.c ****   FLOAT32_UINT8_DONUSTURUCU aci_float32_uint8_donusturucu;
  57:Core/Src/packet.c ****   aci_float32_uint8_donusturucu.sayi = (BMI->datas.theta); // Theta acisinin atamasini yapiyoruz.
 246              		.loc 1 57 51
 247 00c4 BB69     		ldr	r3, [r7, #24]
 248 00c6 5B6B     		ldr	r3, [r3, #52]	@ float
 249              		.loc 1 57 38
 250 00c8 FB63     		str	r3, [r7, #60]	@ float
  58:Core/Src/packet.c ****   normal_paket[17] = aci_float32_uint8_donusturucu.array[0];
 251              		.loc 1 58 57
 252 00ca 97F83C20 		ldrb	r2, [r7, #60]	@ zero_extendqisi2
 253              		.loc 1 58 20
 254 00ce 584B     		ldr	r3, .L8
 255 00d0 5A74     		strb	r2, [r3, #17]
  59:Core/Src/packet.c ****   normal_paket[18] = aci_float32_uint8_donusturucu.array[1];
 256              		.loc 1 59 57
 257 00d2 97F83D20 		ldrb	r2, [r7, #61]	@ zero_extendqisi2
 258              		.loc 1 59 20
 259 00d6 564B     		ldr	r3, .L8
 260 00d8 9A74     		strb	r2, [r3, #18]
  60:Core/Src/packet.c ****   normal_paket[19] = aci_float32_uint8_donusturucu.array[2];
 261              		.loc 1 60 57
 262 00da 97F83E20 		ldrb	r2, [r7, #62]	@ zero_extendqisi2
 263              		.loc 1 60 20
 264 00de 544B     		ldr	r3, .L8
 265 00e0 DA74     		strb	r2, [r3, #19]
  61:Core/Src/packet.c ****   normal_paket[20] = aci_float32_uint8_donusturucu.array[3];
 266              		.loc 1 61 57
 267 00e2 97F83F20 		ldrb	r2, [r7, #63]	@ zero_extendqisi2
 268              		.loc 1 61 20
 269 00e6 524B     		ldr	r3, .L8
 270 00e8 1A75     		strb	r2, [r3, #20]
  62:Core/Src/packet.c **** 
  63:Core/Src/packet.c ****   FLOAT32_UINT8_DONUSTURUCU volt_float32_uint8_donusturucu;
  64:Core/Src/packet.c ****   volt_float32_uint8_donusturucu.sayi = (voltage); // Volt degerinin atamasini yapiyoruz.
 271              		.loc 1 64 39
 272 00ea BB68     		ldr	r3, [r7, #8]	@ float
 273 00ec BB63     		str	r3, [r7, #56]	@ float
  65:Core/Src/packet.c ****   normal_paket[21] = volt_float32_uint8_donusturucu.array[0];
 274              		.loc 1 65 58
ARM GAS  C:\Users\Halil\AppData\Local\Temp\ccm26Sa4.s 			page 7


 275 00ee 97F83820 		ldrb	r2, [r7, #56]	@ zero_extendqisi2
 276              		.loc 1 65 20
 277 00f2 4F4B     		ldr	r3, .L8
 278 00f4 5A75     		strb	r2, [r3, #21]
  66:Core/Src/packet.c ****   normal_paket[22] = volt_float32_uint8_donusturucu.array[1];
 279              		.loc 1 66 58
 280 00f6 97F83920 		ldrb	r2, [r7, #57]	@ zero_extendqisi2
 281              		.loc 1 66 20
 282 00fa 4D4B     		ldr	r3, .L8
 283 00fc 9A75     		strb	r2, [r3, #22]
  67:Core/Src/packet.c ****   normal_paket[23] = volt_float32_uint8_donusturucu.array[2];
 284              		.loc 1 67 58
 285 00fe 97F83A20 		ldrb	r2, [r7, #58]	@ zero_extendqisi2
 286              		.loc 1 67 20
 287 0102 4B4B     		ldr	r3, .L8
 288 0104 DA75     		strb	r2, [r3, #23]
  68:Core/Src/packet.c ****   normal_paket[24] = volt_float32_uint8_donusturucu.array[3];
 289              		.loc 1 68 58
 290 0106 97F83B20 		ldrb	r2, [r7, #59]	@ zero_extendqisi2
 291              		.loc 1 68 20
 292 010a 494B     		ldr	r3, .L8
 293 010c 1A76     		strb	r2, [r3, #24]
  69:Core/Src/packet.c **** 
  70:Core/Src/packet.c ****   FLOAT32_UINT8_DONUSTURUCU akim_float32_uint8_donusturucu;
  71:Core/Src/packet.c ****   akim_float32_uint8_donusturucu.sayi = (current); // Akim degerinin atamasini yapiyoruz.
 294              		.loc 1 71 39
 295 010e 7B68     		ldr	r3, [r7, #4]	@ float
 296 0110 7B63     		str	r3, [r7, #52]	@ float
  72:Core/Src/packet.c ****   normal_paket[25] = akim_float32_uint8_donusturucu.array[0];
 297              		.loc 1 72 58
 298 0112 97F83420 		ldrb	r2, [r7, #52]	@ zero_extendqisi2
 299              		.loc 1 72 20
 300 0116 464B     		ldr	r3, .L8
 301 0118 5A76     		strb	r2, [r3, #25]
  73:Core/Src/packet.c ****   normal_paket[26] = akim_float32_uint8_donusturucu.array[1];
 302              		.loc 1 73 58
 303 011a 97F83520 		ldrb	r2, [r7, #53]	@ zero_extendqisi2
 304              		.loc 1 73 20
 305 011e 444B     		ldr	r3, .L8
 306 0120 9A76     		strb	r2, [r3, #26]
  74:Core/Src/packet.c ****   normal_paket[27] = akim_float32_uint8_donusturucu.array[2];
 307              		.loc 1 74 58
 308 0122 97F83620 		ldrb	r2, [r7, #54]	@ zero_extendqisi2
 309              		.loc 1 74 20
 310 0126 424B     		ldr	r3, .L8
 311 0128 DA76     		strb	r2, [r3, #27]
  75:Core/Src/packet.c ****   normal_paket[28] = akim_float32_uint8_donusturucu.array[3];
 312              		.loc 1 75 58
 313 012a 97F83720 		ldrb	r2, [r7, #55]	@ zero_extendqisi2
 314              		.loc 1 75 20
 315 012e 404B     		ldr	r3, .L8
 316 0130 1A77     		strb	r2, [r3, #28]
  76:Core/Src/packet.c **** 
  77:Core/Src/packet.c ****   FLOAT32_UINT8_DONUSTURUCU sicaklik_float32_uint8_donusturucu;
  78:Core/Src/packet.c ****   sicaklik_float32_uint8_donusturucu.sayi = (BME->temperature); // Sicaklik degerinin atamasini yap
 317              		.loc 1 78 49
 318 0132 FB69     		ldr	r3, [r7, #28]
ARM GAS  C:\Users\Halil\AppData\Local\Temp\ccm26Sa4.s 			page 8


 319 0134 5B69     		ldr	r3, [r3, #20]	@ float
 320              		.loc 1 78 43
 321 0136 3B63     		str	r3, [r7, #48]	@ float
  79:Core/Src/packet.c ****   normal_paket[29] = sicaklik_float32_uint8_donusturucu.array[0];
 322              		.loc 1 79 62
 323 0138 97F83020 		ldrb	r2, [r7, #48]	@ zero_extendqisi2
 324              		.loc 1 79 20
 325 013c 3C4B     		ldr	r3, .L8
 326 013e 5A77     		strb	r2, [r3, #29]
  80:Core/Src/packet.c ****   normal_paket[30] = sicaklik_float32_uint8_donusturucu.array[1];
 327              		.loc 1 80 62
 328 0140 97F83120 		ldrb	r2, [r7, #49]	@ zero_extendqisi2
 329              		.loc 1 80 20
 330 0144 3A4B     		ldr	r3, .L8
 331 0146 9A77     		strb	r2, [r3, #30]
  81:Core/Src/packet.c ****   normal_paket[31] = sicaklik_float32_uint8_donusturucu.array[2];
 332              		.loc 1 81 62
 333 0148 97F83220 		ldrb	r2, [r7, #50]	@ zero_extendqisi2
 334              		.loc 1 81 20
 335 014c 384B     		ldr	r3, .L8
 336 014e DA77     		strb	r2, [r3, #31]
  82:Core/Src/packet.c ****   normal_paket[32] = sicaklik_float32_uint8_donusturucu.array[3];
 337              		.loc 1 82 62
 338 0150 97F83320 		ldrb	r2, [r7, #51]	@ zero_extendqisi2
 339              		.loc 1 82 20
 340 0154 364B     		ldr	r3, .L8
 341 0156 83F82020 		strb	r2, [r3, #32]
  83:Core/Src/packet.c **** 
  84:Core/Src/packet.c ****   FLOAT32_UINT8_DONUSTURUCU basinc_float32_uint8_donusturucu;
  85:Core/Src/packet.c ****   basinc_float32_uint8_donusturucu.sayi = (BME->pressure); // basinc degerinin atamasini yapiyoruz.
 342              		.loc 1 85 47
 343 015a FB69     		ldr	r3, [r7, #28]
 344 015c 9B69     		ldr	r3, [r3, #24]	@ float
 345              		.loc 1 85 41
 346 015e FB62     		str	r3, [r7, #44]	@ float
  86:Core/Src/packet.c ****   normal_paket[33] = basinc_float32_uint8_donusturucu.array[0];
 347              		.loc 1 86 60
 348 0160 97F82C20 		ldrb	r2, [r7, #44]	@ zero_extendqisi2
 349              		.loc 1 86 20
 350 0164 324B     		ldr	r3, .L8
 351 0166 83F82120 		strb	r2, [r3, #33]
  87:Core/Src/packet.c ****   normal_paket[34] = basinc_float32_uint8_donusturucu.array[1];
 352              		.loc 1 87 60
 353 016a 97F82D20 		ldrb	r2, [r7, #45]	@ zero_extendqisi2
 354              		.loc 1 87 20
 355 016e 304B     		ldr	r3, .L8
 356 0170 83F82220 		strb	r2, [r3, #34]
  88:Core/Src/packet.c ****   normal_paket[35] = basinc_float32_uint8_donusturucu.array[2];
 357              		.loc 1 88 60
 358 0174 97F82E20 		ldrb	r2, [r7, #46]	@ zero_extendqisi2
 359              		.loc 1 88 20
 360 0178 2D4B     		ldr	r3, .L8
 361 017a 83F82320 		strb	r2, [r3, #35]
  89:Core/Src/packet.c ****   normal_paket[36] = basinc_float32_uint8_donusturucu.array[3];
 362              		.loc 1 89 60
 363 017e 97F82F20 		ldrb	r2, [r7, #47]	@ zero_extendqisi2
 364              		.loc 1 89 20
ARM GAS  C:\Users\Halil\AppData\Local\Temp\ccm26Sa4.s 			page 9


 365 0182 2B4B     		ldr	r3, .L8
 366 0184 83F82420 		strb	r2, [r3, #36]
  90:Core/Src/packet.c **** 
  91:Core/Src/packet.c ****   FLOAT32_UINT8_DONUSTURUCU manyetik_alan_float32_uint8_donusturucu;
  92:Core/Src/packet.c ****   manyetik_alan_float32_uint8_donusturucu.sayi = (hmc1021_gauss); // Manyetik alan degerinin atamas
 367              		.loc 1 92 48
 368 0188 FB68     		ldr	r3, [r7, #12]	@ float
 369 018a BB62     		str	r3, [r7, #40]	@ float
  93:Core/Src/packet.c ****   normal_paket[37] = manyetik_alan_float32_uint8_donusturucu.array[0];
 370              		.loc 1 93 67
 371 018c 97F82820 		ldrb	r2, [r7, #40]	@ zero_extendqisi2
 372              		.loc 1 93 20
 373 0190 274B     		ldr	r3, .L8
 374 0192 83F82520 		strb	r2, [r3, #37]
  94:Core/Src/packet.c ****   normal_paket[38] = manyetik_alan_float32_uint8_donusturucu.array[1];
 375              		.loc 1 94 67
 376 0196 97F82920 		ldrb	r2, [r7, #41]	@ zero_extendqisi2
 377              		.loc 1 94 20
 378 019a 254B     		ldr	r3, .L8
 379 019c 83F82620 		strb	r2, [r3, #38]
  95:Core/Src/packet.c ****   normal_paket[39] = manyetik_alan_float32_uint8_donusturucu.array[2];
 380              		.loc 1 95 67
 381 01a0 97F82A20 		ldrb	r2, [r7, #42]	@ zero_extendqisi2
 382              		.loc 1 95 20
 383 01a4 224B     		ldr	r3, .L8
 384 01a6 83F82720 		strb	r2, [r3, #39]
  96:Core/Src/packet.c ****   normal_paket[40] = manyetik_alan_float32_uint8_donusturucu.array[3];
 385              		.loc 1 96 67
 386 01aa 97F82B20 		ldrb	r2, [r7, #43]	@ zero_extendqisi2
 387              		.loc 1 96 20
 388 01ae 204B     		ldr	r3, .L8
 389 01b0 83F82820 		strb	r2, [r3, #40]
  97:Core/Src/packet.c **** 
  98:Core/Src/packet.c ****   FLOAT32_UINT8_DONUSTURUCU hiz_float32_uint8_donusturucu;
  99:Core/Src/packet.c ****   hiz_float32_uint8_donusturucu.sayi = (sensor->velocity); // hiz degerinin atamasini yapiyoruz.
 390              		.loc 1 99 47
 391 01b4 7B69     		ldr	r3, [r7, #20]
 392 01b6 5B68     		ldr	r3, [r3, #4]	@ float
 393              		.loc 1 99 38
 394 01b8 7B62     		str	r3, [r7, #36]	@ float
 100:Core/Src/packet.c ****   normal_paket[41] = hiz_float32_uint8_donusturucu.array[0];
 395              		.loc 1 100 57
 396 01ba 97F82420 		ldrb	r2, [r7, #36]	@ zero_extendqisi2
 397              		.loc 1 100 20
 398 01be 1C4B     		ldr	r3, .L8
 399 01c0 83F82920 		strb	r2, [r3, #41]
 101:Core/Src/packet.c ****   normal_paket[42] = hiz_float32_uint8_donusturucu.array[1];
 400              		.loc 1 101 57
 401 01c4 97F82520 		ldrb	r2, [r7, #37]	@ zero_extendqisi2
 402              		.loc 1 101 20
 403 01c8 194B     		ldr	r3, .L8
 404 01ca 83F82A20 		strb	r2, [r3, #42]
 102:Core/Src/packet.c ****   normal_paket[43] = hiz_float32_uint8_donusturucu.array[2];
 405              		.loc 1 102 57
 406 01ce 97F82620 		ldrb	r2, [r7, #38]	@ zero_extendqisi2
 407              		.loc 1 102 20
 408 01d2 174B     		ldr	r3, .L8
ARM GAS  C:\Users\Halil\AppData\Local\Temp\ccm26Sa4.s 			page 10


 409 01d4 83F82B20 		strb	r2, [r3, #43]
 103:Core/Src/packet.c ****   normal_paket[44] = hiz_float32_uint8_donusturucu.array[3];
 410              		.loc 1 103 57
 411 01d8 97F82720 		ldrb	r2, [r7, #39]	@ zero_extendqisi2
 412              		.loc 1 103 20
 413 01dc 144B     		ldr	r3, .L8
 414 01de 83F82C20 		strb	r2, [r3, #44]
 104:Core/Src/packet.c **** 
 105:Core/Src/packet.c ****   //NEM
 106:Core/Src/packet.c ****   normal_paket[45] = BME->humidity; // Nem degerinin atamasini yapiyoruz
 415              		.loc 1 106 25
 416 01e2 FB69     		ldr	r3, [r7, #28]
 417 01e4 D3ED077A 		vldr.32	s15, [r3, #28]
 418              		.loc 1 106 20
 419 01e8 FCEEE77A 		vcvt.u32.f32	s15, s15
 420 01ec C7ED007A 		vstr.32	s15, [r7]	@ int
 421 01f0 3B78     		ldrb	r3, [r7]
 422 01f2 DAB2     		uxtb	r2, r3
 423 01f4 0E4B     		ldr	r3, .L8
 424 01f6 83F82D20 		strb	r2, [r3, #45]
 107:Core/Src/packet.c **** 
 108:Core/Src/packet.c ****   normal_paket[46] = flight_algorithm_get_durum_verisi();
 425              		.loc 1 108 22
 426 01fa FFF7FEFF 		bl	flight_algorithm_get_durum_verisi
 427 01fe 0346     		mov	r3, r0
 428 0200 1A46     		mov	r2, r3
 429              		.loc 1 108 20
 430 0202 0B4B     		ldr	r3, .L8
 431 0204 83F82E20 		strb	r2, [r3, #46]
 109:Core/Src/packet.c **** 
 110:Core/Src/packet.c ****   normal_paket[47] = check_sum_hesapla_normal(47); // Check_sum = check_sum_hesapla();
 432              		.loc 1 110 22
 433 0208 2F20     		movs	r0, #47
 434 020a FFF7FEFF 		bl	check_sum_hesapla_normal
 435 020e 0346     		mov	r3, r0
 436 0210 1A46     		mov	r2, r3
 437              		.loc 1 110 20
 438 0212 074B     		ldr	r3, .L8
 439 0214 83F82F20 		strb	r2, [r3, #47]
 111:Core/Src/packet.c ****   normal_paket[48] = 0x0D; // Sabit
 440              		.loc 1 111 20
 441 0218 054B     		ldr	r3, .L8
 442 021a 0D22     		movs	r2, #13
 443 021c 83F83020 		strb	r2, [r3, #48]
 112:Core/Src/packet.c ****   normal_paket[49] = 0x0A;
 444              		.loc 1 112 20
 445 0220 034B     		ldr	r3, .L8
 446 0222 0A22     		movs	r2, #10
 447 0224 83F83120 		strb	r2, [r3, #49]
 113:Core/Src/packet.c **** }
 448              		.loc 1 113 1
 449 0228 00BF     		nop
 450 022a 5037     		adds	r7, r7, #80
 451              		.cfi_def_cfa_offset 8
 452 022c BD46     		mov	sp, r7
 453              		.cfi_def_cfa_register 13
 454              		@ sp needed
ARM GAS  C:\Users\Halil\AppData\Local\Temp\ccm26Sa4.s 			page 11


 455 022e 80BD     		pop	{r7, pc}
 456              	.L9:
 457              		.align	2
 458              	.L8:
 459 0230 00000000 		.word	normal_paket
 460              		.cfi_endproc
 461              	.LFE243:
 463              		.section	.text.addDataPacketSD,"ax",%progbits
 464              		.align	1
 465              		.global	addDataPacketSD
 466              		.syntax unified
 467              		.thumb
 468              		.thumb_func
 470              	addDataPacketSD:
 471              	.LFB244:
 114:Core/Src/packet.c **** 
 115:Core/Src/packet.c **** void addDataPacketSD(BME_280_t* BME, bmi088_struct_t* BMI, sensor_fusion_t* sensor, gps_data_t* GPS
 472              		.loc 1 115 152
 473              		.cfi_startproc
 474              		@ args = 0, pretend = 0, frame = 96
 475              		@ frame_needed = 1, uses_anonymous_args = 0
 476 0000 80B5     		push	{r7, lr}
 477              		.cfi_def_cfa_offset 8
 478              		.cfi_offset 7, -8
 479              		.cfi_offset 14, -4
 480 0002 98B0     		sub	sp, sp, #96
 481              		.cfi_def_cfa_offset 104
 482 0004 00AF     		add	r7, sp, #0
 483              		.cfi_def_cfa_register 7
 484 0006 F861     		str	r0, [r7, #28]
 485 0008 B961     		str	r1, [r7, #24]
 486 000a 7A61     		str	r2, [r7, #20]
 487 000c 3B61     		str	r3, [r7, #16]
 488 000e 87ED030A 		vstr.32	s0, [r7, #12]
 489 0012 C7ED020A 		vstr.32	s1, [r7, #8]
 490 0016 87ED011A 		vstr.32	s2, [r7, #4]
 116:Core/Src/packet.c **** 
 117:Core/Src/packet.c **** 	  uint32_t zaman = HAL_GetTick();
 491              		.loc 1 117 21
 492 001a FFF7FEFF 		bl	HAL_GetTick
 493 001e F865     		str	r0, [r7, #92]
 118:Core/Src/packet.c **** 
 119:Core/Src/packet.c **** 	  sd_paket[0] = 0xFF; // Sabit
 494              		.loc 1 119 16
 495 0020 B04B     		ldr	r3, .L11
 496 0022 FF22     		movs	r2, #255
 497 0024 1A70     		strb	r2, [r3]
 120:Core/Src/packet.c **** 
 121:Core/Src/packet.c **** 	  FLOAT32_UINT8_DONUSTURUCU irtifa_float32_uint8_donusturucu;
 122:Core/Src/packet.c **** 	  irtifa_float32_uint8_donusturucu.sayi = (BME->altitude); // Irtifa degerinin atamasini yapiyoruz
 498              		.loc 1 122 48
 499 0026 FB69     		ldr	r3, [r7, #28]
 500 0028 1B6A     		ldr	r3, [r3, #32]	@ float
 501              		.loc 1 122 42
 502 002a BB65     		str	r3, [r7, #88]	@ float
 123:Core/Src/packet.c **** 	  sd_paket[1] = irtifa_float32_uint8_donusturucu.array[0];
 503              		.loc 1 123 56
ARM GAS  C:\Users\Halil\AppData\Local\Temp\ccm26Sa4.s 			page 12


 504 002c 97F85820 		ldrb	r2, [r7, #88]	@ zero_extendqisi2
 505              		.loc 1 123 16
 506 0030 AC4B     		ldr	r3, .L11
 507 0032 5A70     		strb	r2, [r3, #1]
 124:Core/Src/packet.c **** 	  sd_paket[2] = irtifa_float32_uint8_donusturucu.array[1];
 508              		.loc 1 124 56
 509 0034 97F85920 		ldrb	r2, [r7, #89]	@ zero_extendqisi2
 510              		.loc 1 124 16
 511 0038 AA4B     		ldr	r3, .L11
 512 003a 9A70     		strb	r2, [r3, #2]
 125:Core/Src/packet.c **** 	  sd_paket[3] = irtifa_float32_uint8_donusturucu.array[2];
 513              		.loc 1 125 56
 514 003c 97F85A20 		ldrb	r2, [r7, #90]	@ zero_extendqisi2
 515              		.loc 1 125 16
 516 0040 A84B     		ldr	r3, .L11
 517 0042 DA70     		strb	r2, [r3, #3]
 126:Core/Src/packet.c **** 	  sd_paket[4] = irtifa_float32_uint8_donusturucu.array[3];
 518              		.loc 1 126 56
 519 0044 97F85B20 		ldrb	r2, [r7, #91]	@ zero_extendqisi2
 520              		.loc 1 126 16
 521 0048 A64B     		ldr	r3, .L11
 522 004a 1A71     		strb	r2, [r3, #4]
 127:Core/Src/packet.c **** 
 128:Core/Src/packet.c **** 	  FLOAT32_UINT8_DONUSTURUCU roket_gps_irtifa_float32_uint8_donusturucu;
 129:Core/Src/packet.c **** 	  roket_gps_irtifa_float32_uint8_donusturucu.sayi = (GPS->altitude); // Roket GPS Irtifa degerinin
 523              		.loc 1 129 58
 524 004c 3B69     		ldr	r3, [r7, #16]
 525 004e DB6A     		ldr	r3, [r3, #44]	@ float
 526              		.loc 1 129 52
 527 0050 7B65     		str	r3, [r7, #84]	@ float
 130:Core/Src/packet.c **** 	  sd_paket[5] = roket_gps_irtifa_float32_uint8_donusturucu.array[0];
 528              		.loc 1 130 66
 529 0052 97F85420 		ldrb	r2, [r7, #84]	@ zero_extendqisi2
 530              		.loc 1 130 16
 531 0056 A34B     		ldr	r3, .L11
 532 0058 5A71     		strb	r2, [r3, #5]
 131:Core/Src/packet.c **** 	  sd_paket[6] = roket_gps_irtifa_float32_uint8_donusturucu.array[1];
 533              		.loc 1 131 66
 534 005a 97F85520 		ldrb	r2, [r7, #85]	@ zero_extendqisi2
 535              		.loc 1 131 16
 536 005e A14B     		ldr	r3, .L11
 537 0060 9A71     		strb	r2, [r3, #6]
 132:Core/Src/packet.c **** 	  sd_paket[7] = roket_gps_irtifa_float32_uint8_donusturucu.array[2];
 538              		.loc 1 132 66
 539 0062 97F85620 		ldrb	r2, [r7, #86]	@ zero_extendqisi2
 540              		.loc 1 132 16
 541 0066 9F4B     		ldr	r3, .L11
 542 0068 DA71     		strb	r2, [r3, #7]
 133:Core/Src/packet.c **** 	  sd_paket[8] = roket_gps_irtifa_float32_uint8_donusturucu.array[3];
 543              		.loc 1 133 66
 544 006a 97F85720 		ldrb	r2, [r7, #87]	@ zero_extendqisi2
 545              		.loc 1 133 16
 546 006e 9D4B     		ldr	r3, .L11
 547 0070 1A72     		strb	r2, [r3, #8]
 134:Core/Src/packet.c **** 
 135:Core/Src/packet.c **** 	   // Roket Enlem
 136:Core/Src/packet.c **** 	  FLOAT32_UINT8_DONUSTURUCU roket_enlem_float32_uint8_donusturucu;
ARM GAS  C:\Users\Halil\AppData\Local\Temp\ccm26Sa4.s 			page 13


 137:Core/Src/packet.c **** 	  roket_enlem_float32_uint8_donusturucu.sayi = (GPS->latitude); // Roket enlem degerinin atamasini
 548              		.loc 1 137 53
 549 0072 3B69     		ldr	r3, [r7, #16]
 550 0074 5B6B     		ldr	r3, [r3, #52]	@ float
 551              		.loc 1 137 47
 552 0076 3B65     		str	r3, [r7, #80]	@ float
 138:Core/Src/packet.c **** 	  sd_paket[9] = roket_enlem_float32_uint8_donusturucu.array[0];
 553              		.loc 1 138 61
 554 0078 97F85020 		ldrb	r2, [r7, #80]	@ zero_extendqisi2
 555              		.loc 1 138 16
 556 007c 994B     		ldr	r3, .L11
 557 007e 5A72     		strb	r2, [r3, #9]
 139:Core/Src/packet.c **** 	  sd_paket[10] = roket_enlem_float32_uint8_donusturucu.array[1];
 558              		.loc 1 139 62
 559 0080 97F85120 		ldrb	r2, [r7, #81]	@ zero_extendqisi2
 560              		.loc 1 139 17
 561 0084 974B     		ldr	r3, .L11
 562 0086 9A72     		strb	r2, [r3, #10]
 140:Core/Src/packet.c **** 	  sd_paket[11] = roket_enlem_float32_uint8_donusturucu.array[2];
 563              		.loc 1 140 62
 564 0088 97F85220 		ldrb	r2, [r7, #82]	@ zero_extendqisi2
 565              		.loc 1 140 17
 566 008c 954B     		ldr	r3, .L11
 567 008e DA72     		strb	r2, [r3, #11]
 141:Core/Src/packet.c **** 	  sd_paket[12] = roket_enlem_float32_uint8_donusturucu.array[3];
 568              		.loc 1 141 62
 569 0090 97F85320 		ldrb	r2, [r7, #83]	@ zero_extendqisi2
 570              		.loc 1 141 17
 571 0094 934B     		ldr	r3, .L11
 572 0096 1A73     		strb	r2, [r3, #12]
 142:Core/Src/packet.c **** 
 143:Core/Src/packet.c **** 	  // Roket Boylam
 144:Core/Src/packet.c **** 	  FLOAT32_UINT8_DONUSTURUCU roket_boylam_irtifa_float32_uint8_donusturucu;
 145:Core/Src/packet.c **** 	  roket_boylam_irtifa_float32_uint8_donusturucu.sayi = (GPS->longitude); // Roket boylam degerinin
 573              		.loc 1 145 61
 574 0098 3B69     		ldr	r3, [r7, #16]
 575 009a 9B6B     		ldr	r3, [r3, #56]	@ float
 576              		.loc 1 145 55
 577 009c FB64     		str	r3, [r7, #76]	@ float
 146:Core/Src/packet.c **** 	  sd_paket[13] = roket_boylam_irtifa_float32_uint8_donusturucu.array[0];
 578              		.loc 1 146 70
 579 009e 97F84C20 		ldrb	r2, [r7, #76]	@ zero_extendqisi2
 580              		.loc 1 146 17
 581 00a2 904B     		ldr	r3, .L11
 582 00a4 5A73     		strb	r2, [r3, #13]
 147:Core/Src/packet.c **** 	  sd_paket[14] = roket_boylam_irtifa_float32_uint8_donusturucu.array[1];
 583              		.loc 1 147 70
 584 00a6 97F84D20 		ldrb	r2, [r7, #77]	@ zero_extendqisi2
 585              		.loc 1 147 17
 586 00aa 8E4B     		ldr	r3, .L11
 587 00ac 9A73     		strb	r2, [r3, #14]
 148:Core/Src/packet.c **** 	  sd_paket[15] = roket_boylam_irtifa_float32_uint8_donusturucu.array[2];
 588              		.loc 1 148 70
 589 00ae 97F84E20 		ldrb	r2, [r7, #78]	@ zero_extendqisi2
 590              		.loc 1 148 17
 591 00b2 8C4B     		ldr	r3, .L11
 592 00b4 DA73     		strb	r2, [r3, #15]
ARM GAS  C:\Users\Halil\AppData\Local\Temp\ccm26Sa4.s 			page 14


 149:Core/Src/packet.c **** 	  sd_paket[16] = roket_boylam_irtifa_float32_uint8_donusturucu.array[3];
 593              		.loc 1 149 70
 594 00b6 97F84F20 		ldrb	r2, [r7, #79]	@ zero_extendqisi2
 595              		.loc 1 149 17
 596 00ba 8A4B     		ldr	r3, .L11
 597 00bc 1A74     		strb	r2, [r3, #16]
 150:Core/Src/packet.c **** 
 151:Core/Src/packet.c **** 
 152:Core/Src/packet.c **** 	  FLOAT32_UINT8_DONUSTURUCU jiroskop_x_float32_uint8_donusturucu;
 153:Core/Src/packet.c **** 	  jiroskop_x_float32_uint8_donusturucu.sayi = (BMI->datas.gyro_x); // Jiroskop X degerinin atamasi
 598              		.loc 1 153 59
 599 00be BB69     		ldr	r3, [r7, #24]
 600 00c0 DB69     		ldr	r3, [r3, #28]	@ float
 601              		.loc 1 153 46
 602 00c2 BB64     		str	r3, [r7, #72]	@ float
 154:Core/Src/packet.c **** 	  sd_paket[17] = jiroskop_x_float32_uint8_donusturucu.array[0];
 603              		.loc 1 154 61
 604 00c4 97F84820 		ldrb	r2, [r7, #72]	@ zero_extendqisi2
 605              		.loc 1 154 17
 606 00c8 864B     		ldr	r3, .L11
 607 00ca 5A74     		strb	r2, [r3, #17]
 155:Core/Src/packet.c **** 	  sd_paket[18] = jiroskop_x_float32_uint8_donusturucu.array[1];
 608              		.loc 1 155 61
 609 00cc 97F84920 		ldrb	r2, [r7, #73]	@ zero_extendqisi2
 610              		.loc 1 155 17
 611 00d0 844B     		ldr	r3, .L11
 612 00d2 9A74     		strb	r2, [r3, #18]
 156:Core/Src/packet.c **** 	  sd_paket[19] = jiroskop_x_float32_uint8_donusturucu.array[2];
 613              		.loc 1 156 61
 614 00d4 97F84A20 		ldrb	r2, [r7, #74]	@ zero_extendqisi2
 615              		.loc 1 156 17
 616 00d8 824B     		ldr	r3, .L11
 617 00da DA74     		strb	r2, [r3, #19]
 157:Core/Src/packet.c **** 	  sd_paket[20] = jiroskop_x_float32_uint8_donusturucu.array[3];
 618              		.loc 1 157 61
 619 00dc 97F84B20 		ldrb	r2, [r7, #75]	@ zero_extendqisi2
 620              		.loc 1 157 17
 621 00e0 804B     		ldr	r3, .L11
 622 00e2 1A75     		strb	r2, [r3, #20]
 158:Core/Src/packet.c **** 
 159:Core/Src/packet.c **** 	  FLOAT32_UINT8_DONUSTURUCU jiroskop_y_float32_uint8_donusturucu;
 160:Core/Src/packet.c **** 	  jiroskop_y_float32_uint8_donusturucu.sayi = (BMI->datas.gyro_y); // Jiroskop Y degerinin atamasi
 623              		.loc 1 160 59
 624 00e4 BB69     		ldr	r3, [r7, #24]
 625 00e6 1B6A     		ldr	r3, [r3, #32]	@ float
 626              		.loc 1 160 46
 627 00e8 7B64     		str	r3, [r7, #68]	@ float
 161:Core/Src/packet.c **** 	  sd_paket[21] = jiroskop_y_float32_uint8_donusturucu.array[0];
 628              		.loc 1 161 61
 629 00ea 97F84420 		ldrb	r2, [r7, #68]	@ zero_extendqisi2
 630              		.loc 1 161 17
 631 00ee 7D4B     		ldr	r3, .L11
 632 00f0 5A75     		strb	r2, [r3, #21]
 162:Core/Src/packet.c **** 	  sd_paket[22] = jiroskop_y_float32_uint8_donusturucu.array[1];
 633              		.loc 1 162 61
 634 00f2 97F84520 		ldrb	r2, [r7, #69]	@ zero_extendqisi2
 635              		.loc 1 162 17
ARM GAS  C:\Users\Halil\AppData\Local\Temp\ccm26Sa4.s 			page 15


 636 00f6 7B4B     		ldr	r3, .L11
 637 00f8 9A75     		strb	r2, [r3, #22]
 163:Core/Src/packet.c **** 	  sd_paket[23] = jiroskop_y_float32_uint8_donusturucu.array[2];
 638              		.loc 1 163 61
 639 00fa 97F84620 		ldrb	r2, [r7, #70]	@ zero_extendqisi2
 640              		.loc 1 163 17
 641 00fe 794B     		ldr	r3, .L11
 642 0100 DA75     		strb	r2, [r3, #23]
 164:Core/Src/packet.c **** 	  sd_paket[24] = jiroskop_y_float32_uint8_donusturucu.array[3];
 643              		.loc 1 164 61
 644 0102 97F84720 		ldrb	r2, [r7, #71]	@ zero_extendqisi2
 645              		.loc 1 164 17
 646 0106 774B     		ldr	r3, .L11
 647 0108 1A76     		strb	r2, [r3, #24]
 165:Core/Src/packet.c **** 
 166:Core/Src/packet.c **** 	  FLOAT32_UINT8_DONUSTURUCU jiroskop_z_float32_uint8_donusturucu;
 167:Core/Src/packet.c **** 	  jiroskop_z_float32_uint8_donusturucu.sayi = (BMI->datas.gyro_z); // Jiroskop Z degerinin atamasi
 648              		.loc 1 167 59
 649 010a BB69     		ldr	r3, [r7, #24]
 650 010c 5B6A     		ldr	r3, [r3, #36]	@ float
 651              		.loc 1 167 46
 652 010e 3B64     		str	r3, [r7, #64]	@ float
 168:Core/Src/packet.c **** 	  sd_paket[25] = jiroskop_z_float32_uint8_donusturucu.array[0];
 653              		.loc 1 168 61
 654 0110 97F84020 		ldrb	r2, [r7, #64]	@ zero_extendqisi2
 655              		.loc 1 168 17
 656 0114 734B     		ldr	r3, .L11
 657 0116 5A76     		strb	r2, [r3, #25]
 169:Core/Src/packet.c **** 	  sd_paket[26] = jiroskop_z_float32_uint8_donusturucu.array[1];
 658              		.loc 1 169 61
 659 0118 97F84120 		ldrb	r2, [r7, #65]	@ zero_extendqisi2
 660              		.loc 1 169 17
 661 011c 714B     		ldr	r3, .L11
 662 011e 9A76     		strb	r2, [r3, #26]
 170:Core/Src/packet.c **** 	  sd_paket[27] = jiroskop_z_float32_uint8_donusturucu.array[2];
 663              		.loc 1 170 61
 664 0120 97F84220 		ldrb	r2, [r7, #66]	@ zero_extendqisi2
 665              		.loc 1 170 17
 666 0124 6F4B     		ldr	r3, .L11
 667 0126 DA76     		strb	r2, [r3, #27]
 171:Core/Src/packet.c **** 	  sd_paket[28] = jiroskop_z_float32_uint8_donusturucu.array[3];
 668              		.loc 1 171 61
 669 0128 97F84320 		ldrb	r2, [r7, #67]	@ zero_extendqisi2
 670              		.loc 1 171 17
 671 012c 6D4B     		ldr	r3, .L11
 672 012e 1A77     		strb	r2, [r3, #28]
 172:Core/Src/packet.c **** 
 173:Core/Src/packet.c **** 	  FLOAT32_UINT8_DONUSTURUCU ivme_x_float32_uint8_donusturucu;
 174:Core/Src/packet.c **** 	  ivme_x_float32_uint8_donusturucu.sayi = (BMI->datas.acc_x); // Ivme X degerinin atamasini yapiyo
 673              		.loc 1 174 55
 674 0130 BB69     		ldr	r3, [r7, #24]
 675 0132 DB6D     		ldr	r3, [r3, #92]	@ float
 676              		.loc 1 174 42
 677 0134 FB63     		str	r3, [r7, #60]	@ float
 175:Core/Src/packet.c **** 	  sd_paket[29] = ivme_x_float32_uint8_donusturucu.array[0];
 678              		.loc 1 175 57
 679 0136 97F83C20 		ldrb	r2, [r7, #60]	@ zero_extendqisi2
ARM GAS  C:\Users\Halil\AppData\Local\Temp\ccm26Sa4.s 			page 16


 680              		.loc 1 175 17
 681 013a 6A4B     		ldr	r3, .L11
 682 013c 5A77     		strb	r2, [r3, #29]
 176:Core/Src/packet.c **** 	  sd_paket[30] = ivme_x_float32_uint8_donusturucu.array[1];
 683              		.loc 1 176 57
 684 013e 97F83D20 		ldrb	r2, [r7, #61]	@ zero_extendqisi2
 685              		.loc 1 176 17
 686 0142 684B     		ldr	r3, .L11
 687 0144 9A77     		strb	r2, [r3, #30]
 177:Core/Src/packet.c **** 	  sd_paket[31] = ivme_x_float32_uint8_donusturucu.array[2];
 688              		.loc 1 177 57
 689 0146 97F83E20 		ldrb	r2, [r7, #62]	@ zero_extendqisi2
 690              		.loc 1 177 17
 691 014a 664B     		ldr	r3, .L11
 692 014c DA77     		strb	r2, [r3, #31]
 178:Core/Src/packet.c **** 	  sd_paket[32] = ivme_x_float32_uint8_donusturucu.array[3];
 693              		.loc 1 178 57
 694 014e 97F83F20 		ldrb	r2, [r7, #63]	@ zero_extendqisi2
 695              		.loc 1 178 17
 696 0152 644B     		ldr	r3, .L11
 697 0154 83F82020 		strb	r2, [r3, #32]
 179:Core/Src/packet.c **** 
 180:Core/Src/packet.c **** 	  FLOAT32_UINT8_DONUSTURUCU ivme_y_float32_uint8_donusturucu;
 181:Core/Src/packet.c **** 	  ivme_y_float32_uint8_donusturucu.sayi = (BMI->datas.acc_y); // Ivme Y degerinin atamasini yapiyo
 698              		.loc 1 181 55
 699 0158 BB69     		ldr	r3, [r7, #24]
 700 015a 1B6E     		ldr	r3, [r3, #96]	@ float
 701              		.loc 1 181 42
 702 015c BB63     		str	r3, [r7, #56]	@ float
 182:Core/Src/packet.c **** 	  sd_paket[33] = ivme_y_float32_uint8_donusturucu.array[0];
 703              		.loc 1 182 57
 704 015e 97F83820 		ldrb	r2, [r7, #56]	@ zero_extendqisi2
 705              		.loc 1 182 17
 706 0162 604B     		ldr	r3, .L11
 707 0164 83F82120 		strb	r2, [r3, #33]
 183:Core/Src/packet.c **** 	  sd_paket[34] = ivme_y_float32_uint8_donusturucu.array[1];
 708              		.loc 1 183 57
 709 0168 97F83920 		ldrb	r2, [r7, #57]	@ zero_extendqisi2
 710              		.loc 1 183 17
 711 016c 5D4B     		ldr	r3, .L11
 712 016e 83F82220 		strb	r2, [r3, #34]
 184:Core/Src/packet.c **** 	  sd_paket[35] = ivme_y_float32_uint8_donusturucu.array[2];
 713              		.loc 1 184 57
 714 0172 97F83A20 		ldrb	r2, [r7, #58]	@ zero_extendqisi2
 715              		.loc 1 184 17
 716 0176 5B4B     		ldr	r3, .L11
 717 0178 83F82320 		strb	r2, [r3, #35]
 185:Core/Src/packet.c **** 	  sd_paket[36] = ivme_y_float32_uint8_donusturucu.array[3];
 718              		.loc 1 185 57
 719 017c 97F83B20 		ldrb	r2, [r7, #59]	@ zero_extendqisi2
 720              		.loc 1 185 17
 721 0180 584B     		ldr	r3, .L11
 722 0182 83F82420 		strb	r2, [r3, #36]
 186:Core/Src/packet.c **** 
 187:Core/Src/packet.c **** 	  FLOAT32_UINT8_DONUSTURUCU ivme_z_float32_uint8_donusturucu;
 188:Core/Src/packet.c **** 	  ivme_z_float32_uint8_donusturucu.sayi = (BMI->datas.acc_z); // Ivme Z degerinin atamasini yapiyo
 723              		.loc 1 188 55
ARM GAS  C:\Users\Halil\AppData\Local\Temp\ccm26Sa4.s 			page 17


 724 0186 BB69     		ldr	r3, [r7, #24]
 725 0188 5B6E     		ldr	r3, [r3, #100]	@ float
 726              		.loc 1 188 42
 727 018a 7B63     		str	r3, [r7, #52]	@ float
 189:Core/Src/packet.c **** 	  sd_paket[37] = ivme_z_float32_uint8_donusturucu.array[0];
 728              		.loc 1 189 57
 729 018c 97F83420 		ldrb	r2, [r7, #52]	@ zero_extendqisi2
 730              		.loc 1 189 17
 731 0190 544B     		ldr	r3, .L11
 732 0192 83F82520 		strb	r2, [r3, #37]
 190:Core/Src/packet.c **** 	  sd_paket[38] = ivme_z_float32_uint8_donusturucu.array[1];
 733              		.loc 1 190 57
 734 0196 97F83520 		ldrb	r2, [r7, #53]	@ zero_extendqisi2
 735              		.loc 1 190 17
 736 019a 524B     		ldr	r3, .L11
 737 019c 83F82620 		strb	r2, [r3, #38]
 191:Core/Src/packet.c **** 	  sd_paket[39] = ivme_z_float32_uint8_donusturucu.array[2];
 738              		.loc 1 191 57
 739 01a0 97F83620 		ldrb	r2, [r7, #54]	@ zero_extendqisi2
 740              		.loc 1 191 17
 741 01a4 4F4B     		ldr	r3, .L11
 742 01a6 83F82720 		strb	r2, [r3, #39]
 192:Core/Src/packet.c **** 	  sd_paket[40] = ivme_z_float32_uint8_donusturucu.array[3];
 743              		.loc 1 192 57
 744 01aa 97F83720 		ldrb	r2, [r7, #55]	@ zero_extendqisi2
 745              		.loc 1 192 17
 746 01ae 4D4B     		ldr	r3, .L11
 747 01b0 83F82820 		strb	r2, [r3, #40]
 193:Core/Src/packet.c **** 
 194:Core/Src/packet.c **** 	  FLOAT32_UINT8_DONUSTURUCU aci_float32_uint8_donusturucu;
 195:Core/Src/packet.c **** 	  aci_float32_uint8_donusturucu.sayi = (BMI->datas.theta); // Aci degerinin atamasini yapiyoruz.
 748              		.loc 1 195 52
 749 01b4 BB69     		ldr	r3, [r7, #24]
 750 01b6 5B6B     		ldr	r3, [r3, #52]	@ float
 751              		.loc 1 195 39
 752 01b8 3B63     		str	r3, [r7, #48]	@ float
 196:Core/Src/packet.c **** 	  sd_paket[41] = aci_float32_uint8_donusturucu.array[0];
 753              		.loc 1 196 54
 754 01ba 97F83020 		ldrb	r2, [r7, #48]	@ zero_extendqisi2
 755              		.loc 1 196 17
 756 01be 494B     		ldr	r3, .L11
 757 01c0 83F82920 		strb	r2, [r3, #41]
 197:Core/Src/packet.c **** 	  sd_paket[42] = aci_float32_uint8_donusturucu.array[1];
 758              		.loc 1 197 54
 759 01c4 97F83120 		ldrb	r2, [r7, #49]	@ zero_extendqisi2
 760              		.loc 1 197 17
 761 01c8 464B     		ldr	r3, .L11
 762 01ca 83F82A20 		strb	r2, [r3, #42]
 198:Core/Src/packet.c **** 	  sd_paket[43] = aci_float32_uint8_donusturucu.array[2];
 763              		.loc 1 198 54
 764 01ce 97F83220 		ldrb	r2, [r7, #50]	@ zero_extendqisi2
 765              		.loc 1 198 17
 766 01d2 444B     		ldr	r3, .L11
 767 01d4 83F82B20 		strb	r2, [r3, #43]
 199:Core/Src/packet.c **** 	  sd_paket[44] = aci_float32_uint8_donusturucu.array[3];
 768              		.loc 1 199 54
 769 01d8 97F83320 		ldrb	r2, [r7, #51]	@ zero_extendqisi2
ARM GAS  C:\Users\Halil\AppData\Local\Temp\ccm26Sa4.s 			page 18


 770              		.loc 1 199 17
 771 01dc 414B     		ldr	r3, .L11
 772 01de 83F82C20 		strb	r2, [r3, #44]
 200:Core/Src/packet.c **** 
 201:Core/Src/packet.c **** 	  FLOAT32_UINT8_DONUSTURUCU manyetik_float32_uint8_donusturucu;
 202:Core/Src/packet.c **** 	  manyetik_float32_uint8_donusturucu.sayi = (hmc1021_gauss); // Sicaklik degerinin atamasini yapiy
 773              		.loc 1 202 44
 774 01e2 FB68     		ldr	r3, [r7, #12]	@ float
 775 01e4 FB62     		str	r3, [r7, #44]	@ float
 203:Core/Src/packet.c **** 	  sd_paket[45] = manyetik_float32_uint8_donusturucu.array[0];
 776              		.loc 1 203 59
 777 01e6 97F82C20 		ldrb	r2, [r7, #44]	@ zero_extendqisi2
 778              		.loc 1 203 17
 779 01ea 3E4B     		ldr	r3, .L11
 780 01ec 83F82D20 		strb	r2, [r3, #45]
 204:Core/Src/packet.c **** 	  sd_paket[46] = manyetik_float32_uint8_donusturucu.array[1];
 781              		.loc 1 204 59
 782 01f0 97F82D20 		ldrb	r2, [r7, #45]	@ zero_extendqisi2
 783              		.loc 1 204 17
 784 01f4 3B4B     		ldr	r3, .L11
 785 01f6 83F82E20 		strb	r2, [r3, #46]
 205:Core/Src/packet.c **** 	  sd_paket[47] = manyetik_float32_uint8_donusturucu.array[2];
 786              		.loc 1 205 59
 787 01fa 97F82E20 		ldrb	r2, [r7, #46]	@ zero_extendqisi2
 788              		.loc 1 205 17
 789 01fe 394B     		ldr	r3, .L11
 790 0200 83F82F20 		strb	r2, [r3, #47]
 206:Core/Src/packet.c **** 	  sd_paket[48] = manyetik_float32_uint8_donusturucu.array[3];
 791              		.loc 1 206 59
 792 0204 97F82F20 		ldrb	r2, [r7, #47]	@ zero_extendqisi2
 793              		.loc 1 206 17
 794 0208 364B     		ldr	r3, .L11
 795 020a 83F83020 		strb	r2, [r3, #48]
 207:Core/Src/packet.c **** 
 208:Core/Src/packet.c **** 	  FLOAT32_UINT8_DONUSTURUCU hiz_float32_uint8_donusturucu;
 209:Core/Src/packet.c **** 	  hiz_float32_uint8_donusturucu.sayi = sensor->velocity; // HİZ degerinin atamasini yapiyoruz.
 796              		.loc 1 209 47
 797 020e 7B69     		ldr	r3, [r7, #20]
 798 0210 5B68     		ldr	r3, [r3, #4]	@ float
 799              		.loc 1 209 39
 800 0212 BB62     		str	r3, [r7, #40]	@ float
 210:Core/Src/packet.c **** 	  sd_paket[49] = hiz_float32_uint8_donusturucu.array[0];
 801              		.loc 1 210 54
 802 0214 97F82820 		ldrb	r2, [r7, #40]	@ zero_extendqisi2
 803              		.loc 1 210 17
 804 0218 324B     		ldr	r3, .L11
 805 021a 83F83120 		strb	r2, [r3, #49]
 211:Core/Src/packet.c **** 	  sd_paket[50] = hiz_float32_uint8_donusturucu.array[1];
 806              		.loc 1 211 54
 807 021e 97F82920 		ldrb	r2, [r7, #41]	@ zero_extendqisi2
 808              		.loc 1 211 17
 809 0222 304B     		ldr	r3, .L11
 810 0224 83F83220 		strb	r2, [r3, #50]
 212:Core/Src/packet.c **** 	  sd_paket[51] = hiz_float32_uint8_donusturucu.array[2];
 811              		.loc 1 212 54
 812 0228 97F82A20 		ldrb	r2, [r7, #42]	@ zero_extendqisi2
 813              		.loc 1 212 17
ARM GAS  C:\Users\Halil\AppData\Local\Temp\ccm26Sa4.s 			page 19


 814 022c 2D4B     		ldr	r3, .L11
 815 022e 83F83320 		strb	r2, [r3, #51]
 213:Core/Src/packet.c **** 	  sd_paket[52] = hiz_float32_uint8_donusturucu.array[3];
 816              		.loc 1 213 54
 817 0232 97F82B20 		ldrb	r2, [r7, #43]	@ zero_extendqisi2
 818              		.loc 1 213 17
 819 0236 2B4B     		ldr	r3, .L11
 820 0238 83F83420 		strb	r2, [r3, #52]
 214:Core/Src/packet.c **** 
 215:Core/Src/packet.c **** 	  FLOAT32_UINT8_DONUSTURUCU zaman_float32_uint8_donusturucu;
 216:Core/Src/packet.c **** 	  zaman_float32_uint8_donusturucu.sayi = zaman; // zaman degerinin atamasini yapiyoruz.
 821              		.loc 1 216 41
 822 023c FB6D     		ldr	r3, [r7, #92]
 823 023e 07EE903A 		vmov	s15, r3	@ int
 824 0242 F8EE677A 		vcvt.f32.u32	s15, s15
 825 0246 C7ED097A 		vstr.32	s15, [r7, #36]
 217:Core/Src/packet.c **** 	  sd_paket[53] = zaman_float32_uint8_donusturucu.array[0];
 826              		.loc 1 217 56
 827 024a 97F82420 		ldrb	r2, [r7, #36]	@ zero_extendqisi2
 828              		.loc 1 217 17
 829 024e 254B     		ldr	r3, .L11
 830 0250 83F83520 		strb	r2, [r3, #53]
 218:Core/Src/packet.c **** 	  sd_paket[54] = zaman_float32_uint8_donusturucu.array[1];
 831              		.loc 1 218 56
 832 0254 97F82520 		ldrb	r2, [r7, #37]	@ zero_extendqisi2
 833              		.loc 1 218 17
 834 0258 224B     		ldr	r3, .L11
 835 025a 83F83620 		strb	r2, [r3, #54]
 219:Core/Src/packet.c **** 	  sd_paket[55] = zaman_float32_uint8_donusturucu.array[2];
 836              		.loc 1 219 56
 837 025e 97F82620 		ldrb	r2, [r7, #38]	@ zero_extendqisi2
 838              		.loc 1 219 17
 839 0262 204B     		ldr	r3, .L11
 840 0264 83F83720 		strb	r2, [r3, #55]
 220:Core/Src/packet.c **** 	  sd_paket[56] = zaman_float32_uint8_donusturucu.array[3];
 841              		.loc 1 220 56
 842 0268 97F82720 		ldrb	r2, [r7, #39]	@ zero_extendqisi2
 843              		.loc 1 220 17
 844 026c 1D4B     		ldr	r3, .L11
 845 026e 83F83820 		strb	r2, [r3, #56]
 221:Core/Src/packet.c **** 
 222:Core/Src/packet.c **** 	  //VOLT (voltage değerini union ile 2 byte olarak saklıyoruz)
 223:Core/Src/packet.c **** 	  UINT16_UINT8_DONUSTURUCU voltage_uint16_uint8_donusturucu;
 224:Core/Src/packet.c **** 	  voltage_uint16_uint8_donusturucu.sayi = (uint16_t)(voltage);
 846              		.loc 1 224 44
 847 0272 D7ED027A 		vldr.32	s15, [r7, #8]
 848 0276 FCEEE77A 		vcvt.u32.f32	s15, s15
 849 027a 17EE903A 		vmov	r3, s15	@ int
 850 027e 9BB2     		uxth	r3, r3
 851              		.loc 1 224 42
 852 0280 3B84     		strh	r3, [r7, #32]	@ movhi
 225:Core/Src/packet.c **** 	  sd_paket[57] = voltage_uint16_uint8_donusturucu.array[0]; // High byte
 853              		.loc 1 225 57
 854 0282 97F82020 		ldrb	r2, [r7, #32]	@ zero_extendqisi2
 855              		.loc 1 225 17
 856 0286 174B     		ldr	r3, .L11
 857 0288 83F83920 		strb	r2, [r3, #57]
ARM GAS  C:\Users\Halil\AppData\Local\Temp\ccm26Sa4.s 			page 20


 226:Core/Src/packet.c **** 	  sd_paket[58] = voltage_uint16_uint8_donusturucu.array[1]; // Low byte
 858              		.loc 1 226 57
 859 028c 97F82120 		ldrb	r2, [r7, #33]	@ zero_extendqisi2
 860              		.loc 1 226 17
 861 0290 144B     		ldr	r3, .L11
 862 0292 83F83A20 		strb	r2, [r3, #58]
 227:Core/Src/packet.c **** 
 228:Core/Src/packet.c **** 	  //NEM
 229:Core/Src/packet.c **** 	  sd_paket[59] = BME->humidity; // Nem degerinin atamasini yapiyoruz
 863              		.loc 1 229 22
 864 0296 FB69     		ldr	r3, [r7, #28]
 865 0298 D3ED077A 		vldr.32	s15, [r3, #28]
 866              		.loc 1 229 17
 867 029c FCEEE77A 		vcvt.u32.f32	s15, s15
 868 02a0 C7ED007A 		vstr.32	s15, [r7]	@ int
 869 02a4 3B78     		ldrb	r3, [r7]
 870 02a6 DAB2     		uxtb	r2, r3
 871 02a8 0E4B     		ldr	r3, .L11
 872 02aa 83F83B20 		strb	r2, [r3, #59]
 230:Core/Src/packet.c **** 	  sd_paket[60] = flight_algorithm_get_durum_verisi(); // Durum bilgisi = Iki parasut de tetiklenme
 873              		.loc 1 230 19
 874 02ae FFF7FEFF 		bl	flight_algorithm_get_durum_verisi
 875 02b2 0346     		mov	r3, r0
 876 02b4 1A46     		mov	r2, r3
 877              		.loc 1 230 17
 878 02b6 0B4B     		ldr	r3, .L11
 879 02b8 83F83C20 		strb	r2, [r3, #60]
 231:Core/Src/packet.c **** 
 232:Core/Src/packet.c **** 
 233:Core/Src/packet.c **** 	  sd_paket[61] = check_sum_hesapla_normal(61); // Check_sum = check_sum_hesapla();
 880              		.loc 1 233 19
 881 02bc 3D20     		movs	r0, #61
 882 02be FFF7FEFF 		bl	check_sum_hesapla_normal
 883 02c2 0346     		mov	r3, r0
 884 02c4 1A46     		mov	r2, r3
 885              		.loc 1 233 17
 886 02c6 074B     		ldr	r3, .L11
 887 02c8 83F83D20 		strb	r2, [r3, #61]
 234:Core/Src/packet.c **** 	  sd_paket[62] = 0x0D; // Sabit
 888              		.loc 1 234 17
 889 02cc 054B     		ldr	r3, .L11
 890 02ce 0D22     		movs	r2, #13
 891 02d0 83F83E20 		strb	r2, [r3, #62]
 235:Core/Src/packet.c **** 	  sd_paket[63] = 0x0A;
 892              		.loc 1 235 17
 893 02d4 034B     		ldr	r3, .L11
 894 02d6 0A22     		movs	r2, #10
 895 02d8 83F83F20 		strb	r2, [r3, #63]
 236:Core/Src/packet.c **** }
 896              		.loc 1 236 1
 897 02dc 00BF     		nop
 898 02de 6037     		adds	r7, r7, #96
 899              		.cfi_def_cfa_offset 8
 900 02e0 BD46     		mov	sp, r7
 901              		.cfi_def_cfa_register 13
 902              		@ sp needed
 903 02e2 80BD     		pop	{r7, pc}
ARM GAS  C:\Users\Halil\AppData\Local\Temp\ccm26Sa4.s 			page 21


 904              	.L12:
 905              		.align	2
 906              	.L11:
 907 02e4 00000000 		.word	sd_paket
 908              		.cfi_endproc
 909              	.LFE244:
 911              		.text
 912              	.Letext0:
 913              		.file 2 "C:\\ST\\STM32CubeIDE_1.14.1\\STM32CubeIDE\\plugins\\com.st.stm32cube.ide.mcu.externaltool
 914              		.file 3 "C:\\ST\\STM32CubeIDE_1.14.1\\STM32CubeIDE\\plugins\\com.st.stm32cube.ide.mcu.externaltool
 915              		.file 4 "Drivers/CMSIS/Device/ST/STM32F4xx/Include/stm32f446xx.h"
 916              		.file 5 "Drivers/STM32F4xx_HAL_Driver/Inc/stm32f4xx_hal_def.h"
 917              		.file 6 "Drivers/STM32F4xx_HAL_Driver/Inc/stm32f4xx_hal_dma.h"
 918              		.file 7 "Drivers/STM32F4xx_HAL_Driver/Inc/stm32f4xx_hal_i2c.h"
 919              		.file 8 "Core/Inc/bmi088.h"
 920              		.file 9 "Core/Inc/bme280.h"
 921              		.file 10 "Core/Inc/l86_gnss.h"
 922              		.file 11 "Core/Inc/sensor_fusion.h"
 923              		.file 12 "Core/Inc/packet.h"
 924              		.file 13 "Drivers/STM32F4xx_HAL_Driver/Inc/stm32f4xx_hal.h"
 925              		.file 14 "Core/Inc/flight_algorithm.h"
ARM GAS  C:\Users\Halil\AppData\Local\Temp\ccm26Sa4.s 			page 22


DEFINED SYMBOLS
                            *ABS*:00000000 packet.c
C:\Users\Halil\AppData\Local\Temp\ccm26Sa4.s:25     .bss.normal_paket:00000000 normal_paket
C:\Users\Halil\AppData\Local\Temp\ccm26Sa4.s:22     .bss.normal_paket:00000000 $d
C:\Users\Halil\AppData\Local\Temp\ccm26Sa4.s:32     .bss.sd_paket:00000000 sd_paket
C:\Users\Halil\AppData\Local\Temp\ccm26Sa4.s:29     .bss.sd_paket:00000000 $d
C:\Users\Halil\AppData\Local\Temp\ccm26Sa4.s:35     .text.check_sum_hesapla_normal:00000000 $t
C:\Users\Halil\AppData\Local\Temp\ccm26Sa4.s:41     .text.check_sum_hesapla_normal:00000000 check_sum_hesapla_normal
C:\Users\Halil\AppData\Local\Temp\ccm26Sa4.s:110    .text.check_sum_hesapla_normal:0000004c $d
C:\Users\Halil\AppData\Local\Temp\ccm26Sa4.s:115    .text.addDataPacketNormal:00000000 $t
C:\Users\Halil\AppData\Local\Temp\ccm26Sa4.s:121    .text.addDataPacketNormal:00000000 addDataPacketNormal
C:\Users\Halil\AppData\Local\Temp\ccm26Sa4.s:459    .text.addDataPacketNormal:00000230 $d
C:\Users\Halil\AppData\Local\Temp\ccm26Sa4.s:464    .text.addDataPacketSD:00000000 $t
C:\Users\Halil\AppData\Local\Temp\ccm26Sa4.s:470    .text.addDataPacketSD:00000000 addDataPacketSD
C:\Users\Halil\AppData\Local\Temp\ccm26Sa4.s:907    .text.addDataPacketSD:000002e4 $d
                           .group:00000000 wm4.0.fbeba72283fbbed79c5ed62adcf8946b
                           .group:00000000 wm4._newlib_version.h.4.6d111ab2e95434b664b53815e5c8ccba
                           .group:00000000 wm4.features.h.33.3e67abe6fb64142d4f6fa9496796153c
                           .group:00000000 wm4._default_types.h.15.247e5cd201eca3442cbf5404108c4935
                           .group:00000000 wm4._intsup.h.10.48bafbb683905c4daa4565a85aeeb264
                           .group:00000000 wm4._stdint.h.10.c24fa3af3bc1706662bb5593a907e841
                           .group:00000000 wm4.stdint.h.23.d53047a68f4a85177f80b422d52785ed
                           .group:00000000 wm4.stm32f4xx_hal_conf.h.25.834fd89df99f7f3fe75169badeed02aa
                           .group:00000000 wm4.stm32f4xx.h.38.63e3ea23bd63a94457417730025259b6
                           .group:00000000 wm4.stm32f446xx.h.34.dd43cebd7192f96bce7a5ff975201274
                           .group:00000000 wm4.cmsis_version.h.32.0ac195c83bb4537824e6ad1c47474b79
                           .group:00000000 wm4.core_cm4.h.66.e4ff136c4a17abc46741866f64f8e729
                           .group:00000000 wm4.cmsis_gcc.h.26.498d0ad17a45fc9ef20fdc01caf02259
                           .group:00000000 wm4.core_cm4.h.174.62be9b4588d49bed18171771001331df
                           .group:00000000 wm4.mpu_armv7.h.32.83326921a797fa9d6f70449916b4b839
                           .group:00000000 wm4.stm32f446xx.h.917.13927c85cbbf4787955bc4173c54fa12
                           .group:00000000 wm4.stm32f4xx.h.195.a4b8bf80f37cc96981498656ffe5f588
                           .group:00000000 wm4.stm32_hal_legacy.h.22.8b7d303dc46a0b7ac6d3edf19ce2608d
                           .group:00000000 wm4.stddef.h.39.3e0425629195acf083c9561151306b4d
                           .group:00000000 wm4.stm32f4xx_hal_def.h.58.3cb484e92e5ccf2e55312a4714e27917
                           .group:00000000 wm4.stm32f4xx_hal_rcc_ex.h.20.9b6e314009d4800dd71c0ec1c264a1ea
                           .group:00000000 wm4.stm32f4xx_hal_rcc.h.106.0887cf5d985ae88e345b0aed0ceb4729
                           .group:00000000 wm4.stm32f4xx_hal_gpio.h.21.22da6a14b6049d6ac156577be74df1d7
                           .group:00000000 wm4.stm32f4xx_hal_gpio_ex.h.21.33ea7ea24fd170b1d3dce3d23330c9d3
                           .group:00000000 wm4.stm32f4xx_hal_gpio.h.254.d7e07832f748fe8bcb575db0b8373592
                           .group:00000000 wm4.stm32f4xx_hal_exti.h.21.4fc7f37c3cc97fb821b368ede79414b6
                           .group:00000000 wm4.stm32f4xx_hal_dma.h.21.8e4b1421c914345c23be719e5e528779
                           .group:00000000 wm4.stm32f4xx_hal_dma.h.720.ac2d7eef74792e4026acc4d2923c5da4
                           .group:00000000 wm4.stm32f4xx_hal_cortex.h.20.03673e4f79386680bf73ba399c19306b
                           .group:00000000 wm4.stm32f4xx_ll_adc.h.21.8ab9bf4d55f678506dbbe8102cb12bbc
                           .group:00000000 wm4.stm32f4xx_hal_adc.h.159.62530d9b3382796f19493a9679ef426c
                           .group:00000000 wm4.stm32f4xx_hal_adc_ex.h.21.94e87945640619cdd4cff40627e1380a
                           .group:00000000 wm4.stm32f4xx_hal_adc.h.639.c30c49256117cbda0ada83149c65b3d8
                           .group:00000000 wm4.stm32f4xx_hal_flash.h.20.2f1e0d1b7010b3a81a7980aaf712e7e5
                           .group:00000000 wm4.stm32f4xx_hal_flash_ex.h.20.77cb3e5c0f1e426426a4cbc884a1eed8
                           .group:00000000 wm4.stm32f4xx_hal_flash.h.361.23bc19b9eac79b0956d913651841ede8
                           .group:00000000 wm4.stm32f4xx_hal_i2c.h.21.147e96a27b1f7b1f2f8ee22132703ee3
                           .group:00000000 wm4.stm32f4xx_hal_i2c_ex.h.21.951ef5bfa13cf131d2015c338e82e461
                           .group:00000000 wm4.stm32f4xx_hal_i2c.h.647.ade9c3447780b1cc0ece02f0ce83aedc
                           .group:00000000 wm4.stm32f4xx_hal_pwr.h.20.1905a0783a9c83adefd7df0c4b501e40
                           .group:00000000 wm4.stm32f4xx_hal_pwr_ex.h.20.9786dbd699c850465fa7b77273740267
                           .group:00000000 wm4.stm32f4xx_hal_pwr.h.338.debc0a4a62ba54688e63ab53dd99c4ea
ARM GAS  C:\Users\Halil\AppData\Local\Temp\ccm26Sa4.s 			page 23


                           .group:00000000 wm4.stm32f4xx_hal_spi.h.21.8b27a8d792c565f72ddd4cfad797986f
                           .group:00000000 wm4.stm32f4xx_hal_tim.h.21.c31cbc03c25f07a932427770396c59d2
                           .group:00000000 wm4.stm32f4xx_hal_tim_ex.h.21.3ff8ebb44e16ac9d5b95e2b3533221b9
                           .group:00000000 wm4.stm32f4xx_hal_uart.h.21.ba8e24dd05c77faac3f3d48472e636ba
                           .group:00000000 wm4.stm32f4xx_hal.h.71.02372bc31d47d29d3f67fbfe1429649e
                           .group:00000000 wm4.main.h.61.69da45f81907557a0774729345d5d811
                           .group:00000000 wm4.newlib.h.7.f9f25f80f86429f653675286e7973cb9
                           .group:00000000 wm4.ieeefp.h.77.9dc6728f2d488a554e7c0cabef1b6c33
                           .group:00000000 wm4.config.h.224.10ee1ad185d877c6e334e6581faab44d
                           .group:00000000 wm4._ansi.h.31.de524f58584151836e90d8620a16f8e8
                           .group:00000000 wm4.stdio.h.31.7c0e28c411445f3f9c5b11accf882760
                           .group:00000000 wm4.stddef.h.158.bfed30416c9480cd13bc4a25427d538f
                           .group:00000000 wm4.cdefs.h.49.f93868eb904b9ca05b5c0257d31128ca
                           .group:00000000 wm4.stdarg.h.34.3a23a216c0c293b3d2ea2e89281481e6
                           .group:00000000 wm4._types.h.20.dd0d04dca3800a0d2a6129b87f3adbb2
                           .group:00000000 wm4.stddef.h.158.5f30652bb2ea05b142c1bbee9108c999
                           .group:00000000 wm4._types.h.127.3bdfe3ff8ea2d0985b03d9cbe93480e3
                           .group:00000000 wm4.reent.h.17.e292bf8b0bec6c96e131a54347145a30
                           .group:00000000 wm4.lock.h.2.1461d1fff82dffe8bfddc23307f6484f
                           .group:00000000 wm4.reent.h.77.89f7dde66c62b1f1dee32bdb6ab2d544
                           .group:00000000 wm4.stdio.h.67.0cf8a9c281ab0b348aef5c02e7e48825
                           .group:00000000 wm4.stdio.h.2.4aa87247282eca6c8f36f9de33d8df1a
                           .group:00000000 wm4.stdio.h.87.a1e20d2651f9bfb66e51bfbe849db00a
                           .group:00000000 wm4.string.h.8.c4b8571ce60dff2817f43fec8b86aecd
                           .group:00000000 wm4.string.h.177.59a005921fa78485abc80a0267de5752
                           .group:00000000 wm4.bmi088.h.24.39da1258636463617ae199ce9c348de5
                           .group:00000000 wm4.bme280.h.11.c310dba15370b23739ff53353416edbf
                           .group:00000000 wm4.math.h.13.35ad80917fddb38312d53499dad31194
                           .group:00000000 wm4.stdlib.h.13.4ed386f5c1a80d71e72172885d946ef2
                           .group:00000000 wm4.alloca.h.8.dfc0c703c47ec3e69746825b17d9e66d
                           .group:00000000 wm4.stdlib.h.56.f4862cfbf4363a1db01842d5bdf72c18
                           .group:00000000 wm4.l86_gnss.h.18.6f4a829974aa92c34c491736bca64a6e
                           .group:00000000 wm4.flight_algorithm.h.17.39c37277ff32f77a5f159fddac275549

UNDEFINED SYMBOLS
bmi088_get_accel_frequency
bmi088_get_gyro_frequency
flight_algorithm_get_durum_verisi
HAL_GetTick
