ARM GAS  C:\Users\Halil\AppData\Local\Temp\cc6NT04v.s 			page 1


   1              		.cpu cortex-m4
   2              		.arch armv7e-m
   3              		.fpu fpv4-sp-d16
   4              		.eabi_attribute 27, 1
   5              		.eabi_attribute 28, 1
   6              		.eabi_attribute 20, 1
   7              		.eabi_attribute 21, 1
   8              		.eabi_attribute 23, 3
   9              		.eabi_attribute 24, 1
  10              		.eabi_attribute 25, 1
  11              		.eabi_attribute 26, 1
  12              		.eabi_attribute 30, 6
  13              		.eabi_attribute 34, 1
  14              		.eabi_attribute 18, 4
  15              		.file	"stm32f4xx_hal_exti.c"
  16              		.text
  17              	.Ltext0:
  18              		.cfi_sections	.debug_frame
  19              		.file 1 "Drivers/STM32F4xx_HAL_Driver/Src/stm32f4xx_hal_exti.c"
  20              		.section	.text.HAL_EXTI_SetConfigLine,"ax",%progbits
  21              		.align	1
  22              		.global	HAL_EXTI_SetConfigLine
  23              		.syntax unified
  24              		.thumb
  25              		.thumb_func
  27              	HAL_EXTI_SetConfigLine:
  28              	.LFB239:
   1:Drivers/STM32F4xx_HAL_Driver/Src/stm32f4xx_hal_exti.c **** /**
   2:Drivers/STM32F4xx_HAL_Driver/Src/stm32f4xx_hal_exti.c ****   ******************************************************************************
   3:Drivers/STM32F4xx_HAL_Driver/Src/stm32f4xx_hal_exti.c ****   * @file    stm32f4xx_hal_exti.c
   4:Drivers/STM32F4xx_HAL_Driver/Src/stm32f4xx_hal_exti.c ****   * @author  MCD Application Team
   5:Drivers/STM32F4xx_HAL_Driver/Src/stm32f4xx_hal_exti.c ****   * @brief   EXTI HAL module driver.
   6:Drivers/STM32F4xx_HAL_Driver/Src/stm32f4xx_hal_exti.c ****   *          This file provides firmware functions to manage the following
   7:Drivers/STM32F4xx_HAL_Driver/Src/stm32f4xx_hal_exti.c ****   *          functionalities of the Extended Interrupts and events controller (EXTI) peripheral:
   8:Drivers/STM32F4xx_HAL_Driver/Src/stm32f4xx_hal_exti.c ****   *           + Initialization and de-initialization functions
   9:Drivers/STM32F4xx_HAL_Driver/Src/stm32f4xx_hal_exti.c ****   *           + IO operation functions
  10:Drivers/STM32F4xx_HAL_Driver/Src/stm32f4xx_hal_exti.c ****   *
  11:Drivers/STM32F4xx_HAL_Driver/Src/stm32f4xx_hal_exti.c ****   ******************************************************************************
  12:Drivers/STM32F4xx_HAL_Driver/Src/stm32f4xx_hal_exti.c ****   * @attention
  13:Drivers/STM32F4xx_HAL_Driver/Src/stm32f4xx_hal_exti.c ****   *
  14:Drivers/STM32F4xx_HAL_Driver/Src/stm32f4xx_hal_exti.c ****   * Copyright (c) 2018 STMicroelectronics.
  15:Drivers/STM32F4xx_HAL_Driver/Src/stm32f4xx_hal_exti.c ****   * All rights reserved.
  16:Drivers/STM32F4xx_HAL_Driver/Src/stm32f4xx_hal_exti.c ****   *
  17:Drivers/STM32F4xx_HAL_Driver/Src/stm32f4xx_hal_exti.c ****   * This software is licensed under terms that can be found in the LICENSE file
  18:Drivers/STM32F4xx_HAL_Driver/Src/stm32f4xx_hal_exti.c ****   * in the root directory of this software component.
  19:Drivers/STM32F4xx_HAL_Driver/Src/stm32f4xx_hal_exti.c ****   * If no LICENSE file comes with this software, it is provided AS-IS.
  20:Drivers/STM32F4xx_HAL_Driver/Src/stm32f4xx_hal_exti.c ****   *
  21:Drivers/STM32F4xx_HAL_Driver/Src/stm32f4xx_hal_exti.c ****   ******************************************************************************
  22:Drivers/STM32F4xx_HAL_Driver/Src/stm32f4xx_hal_exti.c ****   @verbatim
  23:Drivers/STM32F4xx_HAL_Driver/Src/stm32f4xx_hal_exti.c ****   ==============================================================================
  24:Drivers/STM32F4xx_HAL_Driver/Src/stm32f4xx_hal_exti.c ****                     ##### EXTI Peripheral features #####
  25:Drivers/STM32F4xx_HAL_Driver/Src/stm32f4xx_hal_exti.c ****   ==============================================================================
  26:Drivers/STM32F4xx_HAL_Driver/Src/stm32f4xx_hal_exti.c ****   [..]
  27:Drivers/STM32F4xx_HAL_Driver/Src/stm32f4xx_hal_exti.c ****     (+) Each Exti line can be configured within this driver.
  28:Drivers/STM32F4xx_HAL_Driver/Src/stm32f4xx_hal_exti.c **** 
  29:Drivers/STM32F4xx_HAL_Driver/Src/stm32f4xx_hal_exti.c ****     (+) Exti line can be configured in 3 different modes
  30:Drivers/STM32F4xx_HAL_Driver/Src/stm32f4xx_hal_exti.c ****         (++) Interrupt
ARM GAS  C:\Users\Halil\AppData\Local\Temp\cc6NT04v.s 			page 2


  31:Drivers/STM32F4xx_HAL_Driver/Src/stm32f4xx_hal_exti.c ****         (++) Event
  32:Drivers/STM32F4xx_HAL_Driver/Src/stm32f4xx_hal_exti.c ****         (++) Both of them
  33:Drivers/STM32F4xx_HAL_Driver/Src/stm32f4xx_hal_exti.c **** 
  34:Drivers/STM32F4xx_HAL_Driver/Src/stm32f4xx_hal_exti.c ****     (+) Configurable Exti lines can be configured with 3 different triggers
  35:Drivers/STM32F4xx_HAL_Driver/Src/stm32f4xx_hal_exti.c ****         (++) Rising
  36:Drivers/STM32F4xx_HAL_Driver/Src/stm32f4xx_hal_exti.c ****         (++) Falling
  37:Drivers/STM32F4xx_HAL_Driver/Src/stm32f4xx_hal_exti.c ****         (++) Both of them
  38:Drivers/STM32F4xx_HAL_Driver/Src/stm32f4xx_hal_exti.c **** 
  39:Drivers/STM32F4xx_HAL_Driver/Src/stm32f4xx_hal_exti.c ****     (+) When set in interrupt mode, configurable Exti lines have two different
  40:Drivers/STM32F4xx_HAL_Driver/Src/stm32f4xx_hal_exti.c ****         interrupts pending registers which allow to distinguish which transition
  41:Drivers/STM32F4xx_HAL_Driver/Src/stm32f4xx_hal_exti.c ****         occurs:
  42:Drivers/STM32F4xx_HAL_Driver/Src/stm32f4xx_hal_exti.c ****         (++) Rising edge pending interrupt
  43:Drivers/STM32F4xx_HAL_Driver/Src/stm32f4xx_hal_exti.c ****         (++) Falling
  44:Drivers/STM32F4xx_HAL_Driver/Src/stm32f4xx_hal_exti.c **** 
  45:Drivers/STM32F4xx_HAL_Driver/Src/stm32f4xx_hal_exti.c ****     (+) Exti lines 0 to 15 are linked to gpio pin number 0 to 15. Gpio port can
  46:Drivers/STM32F4xx_HAL_Driver/Src/stm32f4xx_hal_exti.c ****         be selected through multiplexer.
  47:Drivers/STM32F4xx_HAL_Driver/Src/stm32f4xx_hal_exti.c **** 
  48:Drivers/STM32F4xx_HAL_Driver/Src/stm32f4xx_hal_exti.c ****                      ##### How to use this driver #####
  49:Drivers/STM32F4xx_HAL_Driver/Src/stm32f4xx_hal_exti.c ****   ==============================================================================
  50:Drivers/STM32F4xx_HAL_Driver/Src/stm32f4xx_hal_exti.c ****   [..]
  51:Drivers/STM32F4xx_HAL_Driver/Src/stm32f4xx_hal_exti.c **** 
  52:Drivers/STM32F4xx_HAL_Driver/Src/stm32f4xx_hal_exti.c ****     (#) Configure the EXTI line using HAL_EXTI_SetConfigLine().
  53:Drivers/STM32F4xx_HAL_Driver/Src/stm32f4xx_hal_exti.c ****         (++) Choose the interrupt line number by setting "Line" member from
  54:Drivers/STM32F4xx_HAL_Driver/Src/stm32f4xx_hal_exti.c ****              EXTI_ConfigTypeDef structure.
  55:Drivers/STM32F4xx_HAL_Driver/Src/stm32f4xx_hal_exti.c ****         (++) Configure the interrupt and/or event mode using "Mode" member from
  56:Drivers/STM32F4xx_HAL_Driver/Src/stm32f4xx_hal_exti.c ****              EXTI_ConfigTypeDef structure.
  57:Drivers/STM32F4xx_HAL_Driver/Src/stm32f4xx_hal_exti.c ****         (++) For configurable lines, configure rising and/or falling trigger
  58:Drivers/STM32F4xx_HAL_Driver/Src/stm32f4xx_hal_exti.c ****              "Trigger" member from EXTI_ConfigTypeDef structure.
  59:Drivers/STM32F4xx_HAL_Driver/Src/stm32f4xx_hal_exti.c ****         (++) For Exti lines linked to gpio, choose gpio port using "GPIOSel"
  60:Drivers/STM32F4xx_HAL_Driver/Src/stm32f4xx_hal_exti.c ****              member from GPIO_InitTypeDef structure.
  61:Drivers/STM32F4xx_HAL_Driver/Src/stm32f4xx_hal_exti.c **** 
  62:Drivers/STM32F4xx_HAL_Driver/Src/stm32f4xx_hal_exti.c ****     (#) Get current Exti configuration of a dedicated line using
  63:Drivers/STM32F4xx_HAL_Driver/Src/stm32f4xx_hal_exti.c ****         HAL_EXTI_GetConfigLine().
  64:Drivers/STM32F4xx_HAL_Driver/Src/stm32f4xx_hal_exti.c ****         (++) Provide exiting handle as parameter.
  65:Drivers/STM32F4xx_HAL_Driver/Src/stm32f4xx_hal_exti.c ****         (++) Provide pointer on EXTI_ConfigTypeDef structure as second parameter.
  66:Drivers/STM32F4xx_HAL_Driver/Src/stm32f4xx_hal_exti.c **** 
  67:Drivers/STM32F4xx_HAL_Driver/Src/stm32f4xx_hal_exti.c ****     (#) Clear Exti configuration of a dedicated line using HAL_EXTI_ClearConfigLine().
  68:Drivers/STM32F4xx_HAL_Driver/Src/stm32f4xx_hal_exti.c ****         (++) Provide exiting handle as parameter.
  69:Drivers/STM32F4xx_HAL_Driver/Src/stm32f4xx_hal_exti.c **** 
  70:Drivers/STM32F4xx_HAL_Driver/Src/stm32f4xx_hal_exti.c ****     (#) Register callback to treat Exti interrupts using HAL_EXTI_RegisterCallback().
  71:Drivers/STM32F4xx_HAL_Driver/Src/stm32f4xx_hal_exti.c ****         (++) Provide exiting handle as first parameter.
  72:Drivers/STM32F4xx_HAL_Driver/Src/stm32f4xx_hal_exti.c ****         (++) Provide which callback will be registered using one value from
  73:Drivers/STM32F4xx_HAL_Driver/Src/stm32f4xx_hal_exti.c ****              EXTI_CallbackIDTypeDef.
  74:Drivers/STM32F4xx_HAL_Driver/Src/stm32f4xx_hal_exti.c ****         (++) Provide callback function pointer.
  75:Drivers/STM32F4xx_HAL_Driver/Src/stm32f4xx_hal_exti.c **** 
  76:Drivers/STM32F4xx_HAL_Driver/Src/stm32f4xx_hal_exti.c ****     (#) Get interrupt pending bit using HAL_EXTI_GetPending().
  77:Drivers/STM32F4xx_HAL_Driver/Src/stm32f4xx_hal_exti.c **** 
  78:Drivers/STM32F4xx_HAL_Driver/Src/stm32f4xx_hal_exti.c ****     (#) Clear interrupt pending bit using HAL_EXTI_ClearPending().
  79:Drivers/STM32F4xx_HAL_Driver/Src/stm32f4xx_hal_exti.c **** 
  80:Drivers/STM32F4xx_HAL_Driver/Src/stm32f4xx_hal_exti.c ****     (#) Generate software interrupt using HAL_EXTI_GenerateSWI().
  81:Drivers/STM32F4xx_HAL_Driver/Src/stm32f4xx_hal_exti.c **** 
  82:Drivers/STM32F4xx_HAL_Driver/Src/stm32f4xx_hal_exti.c ****   @endverbatim
  83:Drivers/STM32F4xx_HAL_Driver/Src/stm32f4xx_hal_exti.c ****   */
  84:Drivers/STM32F4xx_HAL_Driver/Src/stm32f4xx_hal_exti.c **** 
  85:Drivers/STM32F4xx_HAL_Driver/Src/stm32f4xx_hal_exti.c **** /* Includes ------------------------------------------------------------------*/
  86:Drivers/STM32F4xx_HAL_Driver/Src/stm32f4xx_hal_exti.c **** #include "stm32f4xx_hal.h"
  87:Drivers/STM32F4xx_HAL_Driver/Src/stm32f4xx_hal_exti.c **** 
ARM GAS  C:\Users\Halil\AppData\Local\Temp\cc6NT04v.s 			page 3


  88:Drivers/STM32F4xx_HAL_Driver/Src/stm32f4xx_hal_exti.c **** /** @addtogroup STM32F4xx_HAL_Driver
  89:Drivers/STM32F4xx_HAL_Driver/Src/stm32f4xx_hal_exti.c ****   * @{
  90:Drivers/STM32F4xx_HAL_Driver/Src/stm32f4xx_hal_exti.c ****   */
  91:Drivers/STM32F4xx_HAL_Driver/Src/stm32f4xx_hal_exti.c **** 
  92:Drivers/STM32F4xx_HAL_Driver/Src/stm32f4xx_hal_exti.c **** /** @addtogroup EXTI
  93:Drivers/STM32F4xx_HAL_Driver/Src/stm32f4xx_hal_exti.c ****   * @{
  94:Drivers/STM32F4xx_HAL_Driver/Src/stm32f4xx_hal_exti.c ****   */
  95:Drivers/STM32F4xx_HAL_Driver/Src/stm32f4xx_hal_exti.c **** /** MISRA C:2012 deviation rule has been granted for following rule:
  96:Drivers/STM32F4xx_HAL_Driver/Src/stm32f4xx_hal_exti.c ****   * Rule-18.1_b - Medium: Array `EXTICR' 1st subscript interval [0,7] may be out
  97:Drivers/STM32F4xx_HAL_Driver/Src/stm32f4xx_hal_exti.c ****   * of bounds [0,3] in following API :
  98:Drivers/STM32F4xx_HAL_Driver/Src/stm32f4xx_hal_exti.c ****   * HAL_EXTI_SetConfigLine
  99:Drivers/STM32F4xx_HAL_Driver/Src/stm32f4xx_hal_exti.c ****   * HAL_EXTI_GetConfigLine
 100:Drivers/STM32F4xx_HAL_Driver/Src/stm32f4xx_hal_exti.c ****   * HAL_EXTI_ClearConfigLine
 101:Drivers/STM32F4xx_HAL_Driver/Src/stm32f4xx_hal_exti.c ****   */
 102:Drivers/STM32F4xx_HAL_Driver/Src/stm32f4xx_hal_exti.c **** 
 103:Drivers/STM32F4xx_HAL_Driver/Src/stm32f4xx_hal_exti.c **** #ifdef HAL_EXTI_MODULE_ENABLED
 104:Drivers/STM32F4xx_HAL_Driver/Src/stm32f4xx_hal_exti.c **** 
 105:Drivers/STM32F4xx_HAL_Driver/Src/stm32f4xx_hal_exti.c **** /* Private typedef -----------------------------------------------------------*/
 106:Drivers/STM32F4xx_HAL_Driver/Src/stm32f4xx_hal_exti.c **** /* Private defines -----------------------------------------------------------*/
 107:Drivers/STM32F4xx_HAL_Driver/Src/stm32f4xx_hal_exti.c **** /** @defgroup EXTI_Private_Constants EXTI Private Constants
 108:Drivers/STM32F4xx_HAL_Driver/Src/stm32f4xx_hal_exti.c ****   * @{
 109:Drivers/STM32F4xx_HAL_Driver/Src/stm32f4xx_hal_exti.c ****   */
 110:Drivers/STM32F4xx_HAL_Driver/Src/stm32f4xx_hal_exti.c **** 
 111:Drivers/STM32F4xx_HAL_Driver/Src/stm32f4xx_hal_exti.c **** /**
 112:Drivers/STM32F4xx_HAL_Driver/Src/stm32f4xx_hal_exti.c ****   * @}
 113:Drivers/STM32F4xx_HAL_Driver/Src/stm32f4xx_hal_exti.c ****   */
 114:Drivers/STM32F4xx_HAL_Driver/Src/stm32f4xx_hal_exti.c **** 
 115:Drivers/STM32F4xx_HAL_Driver/Src/stm32f4xx_hal_exti.c **** /* Private macros ------------------------------------------------------------*/
 116:Drivers/STM32F4xx_HAL_Driver/Src/stm32f4xx_hal_exti.c **** /* Private variables ---------------------------------------------------------*/
 117:Drivers/STM32F4xx_HAL_Driver/Src/stm32f4xx_hal_exti.c **** /* Private function prototypes -----------------------------------------------*/
 118:Drivers/STM32F4xx_HAL_Driver/Src/stm32f4xx_hal_exti.c **** /* Exported functions --------------------------------------------------------*/
 119:Drivers/STM32F4xx_HAL_Driver/Src/stm32f4xx_hal_exti.c **** 
 120:Drivers/STM32F4xx_HAL_Driver/Src/stm32f4xx_hal_exti.c **** /** @addtogroup EXTI_Exported_Functions
 121:Drivers/STM32F4xx_HAL_Driver/Src/stm32f4xx_hal_exti.c ****   * @{
 122:Drivers/STM32F4xx_HAL_Driver/Src/stm32f4xx_hal_exti.c ****   */
 123:Drivers/STM32F4xx_HAL_Driver/Src/stm32f4xx_hal_exti.c **** 
 124:Drivers/STM32F4xx_HAL_Driver/Src/stm32f4xx_hal_exti.c **** /** @addtogroup EXTI_Exported_Functions_Group1
 125:Drivers/STM32F4xx_HAL_Driver/Src/stm32f4xx_hal_exti.c ****   *  @brief    Configuration functions
 126:Drivers/STM32F4xx_HAL_Driver/Src/stm32f4xx_hal_exti.c ****   *
 127:Drivers/STM32F4xx_HAL_Driver/Src/stm32f4xx_hal_exti.c **** @verbatim
 128:Drivers/STM32F4xx_HAL_Driver/Src/stm32f4xx_hal_exti.c ****  ===============================================================================
 129:Drivers/STM32F4xx_HAL_Driver/Src/stm32f4xx_hal_exti.c ****               ##### Configuration functions #####
 130:Drivers/STM32F4xx_HAL_Driver/Src/stm32f4xx_hal_exti.c ****  ===============================================================================
 131:Drivers/STM32F4xx_HAL_Driver/Src/stm32f4xx_hal_exti.c **** 
 132:Drivers/STM32F4xx_HAL_Driver/Src/stm32f4xx_hal_exti.c **** @endverbatim
 133:Drivers/STM32F4xx_HAL_Driver/Src/stm32f4xx_hal_exti.c ****   * @{
 134:Drivers/STM32F4xx_HAL_Driver/Src/stm32f4xx_hal_exti.c ****   */
 135:Drivers/STM32F4xx_HAL_Driver/Src/stm32f4xx_hal_exti.c **** 
 136:Drivers/STM32F4xx_HAL_Driver/Src/stm32f4xx_hal_exti.c **** /**
 137:Drivers/STM32F4xx_HAL_Driver/Src/stm32f4xx_hal_exti.c ****   * @brief  Set configuration of a dedicated Exti line.
 138:Drivers/STM32F4xx_HAL_Driver/Src/stm32f4xx_hal_exti.c ****   * @param  hexti Exti handle.
 139:Drivers/STM32F4xx_HAL_Driver/Src/stm32f4xx_hal_exti.c ****   * @param  pExtiConfig Pointer on EXTI configuration to be set.
 140:Drivers/STM32F4xx_HAL_Driver/Src/stm32f4xx_hal_exti.c ****   * @retval HAL Status.
 141:Drivers/STM32F4xx_HAL_Driver/Src/stm32f4xx_hal_exti.c ****   */
 142:Drivers/STM32F4xx_HAL_Driver/Src/stm32f4xx_hal_exti.c **** HAL_StatusTypeDef HAL_EXTI_SetConfigLine(EXTI_HandleTypeDef *hexti, EXTI_ConfigTypeDef *pExtiConfig
 143:Drivers/STM32F4xx_HAL_Driver/Src/stm32f4xx_hal_exti.c **** {
  29              		.loc 1 143 1
ARM GAS  C:\Users\Halil\AppData\Local\Temp\cc6NT04v.s 			page 4


  30              		.cfi_startproc
  31              		@ args = 0, pretend = 0, frame = 24
  32              		@ frame_needed = 1, uses_anonymous_args = 0
  33              		@ link register save eliminated.
  34 0000 80B4     		push	{r7}
  35              		.cfi_def_cfa_offset 4
  36              		.cfi_offset 7, -4
  37 0002 87B0     		sub	sp, sp, #28
  38              		.cfi_def_cfa_offset 32
  39 0004 00AF     		add	r7, sp, #0
  40              		.cfi_def_cfa_register 7
  41 0006 7860     		str	r0, [r7, #4]
  42 0008 3960     		str	r1, [r7]
 144:Drivers/STM32F4xx_HAL_Driver/Src/stm32f4xx_hal_exti.c ****   uint32_t regval;
 145:Drivers/STM32F4xx_HAL_Driver/Src/stm32f4xx_hal_exti.c ****   uint32_t linepos;
 146:Drivers/STM32F4xx_HAL_Driver/Src/stm32f4xx_hal_exti.c ****   uint32_t maskline;
 147:Drivers/STM32F4xx_HAL_Driver/Src/stm32f4xx_hal_exti.c **** 
 148:Drivers/STM32F4xx_HAL_Driver/Src/stm32f4xx_hal_exti.c ****   /* Check null pointer */
 149:Drivers/STM32F4xx_HAL_Driver/Src/stm32f4xx_hal_exti.c ****   if ((hexti == NULL) || (pExtiConfig == NULL))
  43              		.loc 1 149 6
  44 000a 7B68     		ldr	r3, [r7, #4]
  45 000c 002B     		cmp	r3, #0
  46 000e 02D0     		beq	.L2
  47              		.loc 1 149 23 discriminator 1
  48 0010 3B68     		ldr	r3, [r7]
  49 0012 002B     		cmp	r3, #0
  50 0014 01D1     		bne	.L3
  51              	.L2:
 150:Drivers/STM32F4xx_HAL_Driver/Src/stm32f4xx_hal_exti.c ****   {
 151:Drivers/STM32F4xx_HAL_Driver/Src/stm32f4xx_hal_exti.c ****     return HAL_ERROR;
  52              		.loc 1 151 12
  53 0016 0123     		movs	r3, #1
  54 0018 8FE0     		b	.L4
  55              	.L3:
 152:Drivers/STM32F4xx_HAL_Driver/Src/stm32f4xx_hal_exti.c ****   }
 153:Drivers/STM32F4xx_HAL_Driver/Src/stm32f4xx_hal_exti.c **** 
 154:Drivers/STM32F4xx_HAL_Driver/Src/stm32f4xx_hal_exti.c ****   /* Check parameters */
 155:Drivers/STM32F4xx_HAL_Driver/Src/stm32f4xx_hal_exti.c ****   assert_param(IS_EXTI_LINE(pExtiConfig->Line));
 156:Drivers/STM32F4xx_HAL_Driver/Src/stm32f4xx_hal_exti.c ****   assert_param(IS_EXTI_MODE(pExtiConfig->Mode));
 157:Drivers/STM32F4xx_HAL_Driver/Src/stm32f4xx_hal_exti.c **** 
 158:Drivers/STM32F4xx_HAL_Driver/Src/stm32f4xx_hal_exti.c ****   /* Assign line number to handle */
 159:Drivers/STM32F4xx_HAL_Driver/Src/stm32f4xx_hal_exti.c ****   hexti->Line = pExtiConfig->Line;
  56              		.loc 1 159 28
  57 001a 3B68     		ldr	r3, [r7]
  58 001c 1A68     		ldr	r2, [r3]
  59              		.loc 1 159 15
  60 001e 7B68     		ldr	r3, [r7, #4]
  61 0020 1A60     		str	r2, [r3]
 160:Drivers/STM32F4xx_HAL_Driver/Src/stm32f4xx_hal_exti.c **** 
 161:Drivers/STM32F4xx_HAL_Driver/Src/stm32f4xx_hal_exti.c ****   /* Compute line mask */
 162:Drivers/STM32F4xx_HAL_Driver/Src/stm32f4xx_hal_exti.c ****   linepos = (pExtiConfig->Line & EXTI_PIN_MASK);
  62              		.loc 1 162 25
  63 0022 3B68     		ldr	r3, [r7]
  64 0024 1B68     		ldr	r3, [r3]
  65              		.loc 1 162 11
  66 0026 03F01F03 		and	r3, r3, #31
  67 002a 7B61     		str	r3, [r7, #20]
ARM GAS  C:\Users\Halil\AppData\Local\Temp\cc6NT04v.s 			page 5


 163:Drivers/STM32F4xx_HAL_Driver/Src/stm32f4xx_hal_exti.c ****   maskline = (1uL << linepos);
  68              		.loc 1 163 12
  69 002c 0122     		movs	r2, #1
  70 002e 7B69     		ldr	r3, [r7, #20]
  71 0030 02FA03F3 		lsl	r3, r2, r3
  72 0034 3B61     		str	r3, [r7, #16]
 164:Drivers/STM32F4xx_HAL_Driver/Src/stm32f4xx_hal_exti.c **** 
 165:Drivers/STM32F4xx_HAL_Driver/Src/stm32f4xx_hal_exti.c ****   /* Configure triggers for configurable lines */
 166:Drivers/STM32F4xx_HAL_Driver/Src/stm32f4xx_hal_exti.c ****   if ((pExtiConfig->Line & EXTI_CONFIG) != 0x00u)
  73              		.loc 1 166 19
  74 0036 3B68     		ldr	r3, [r7]
  75 0038 1B68     		ldr	r3, [r3]
  76              		.loc 1 166 26
  77 003a 03F00073 		and	r3, r3, #33554432
  78              		.loc 1 166 6
  79 003e 002B     		cmp	r3, #0
  80 0040 52D0     		beq	.L5
 167:Drivers/STM32F4xx_HAL_Driver/Src/stm32f4xx_hal_exti.c ****   {
 168:Drivers/STM32F4xx_HAL_Driver/Src/stm32f4xx_hal_exti.c ****     assert_param(IS_EXTI_TRIGGER(pExtiConfig->Trigger));
 169:Drivers/STM32F4xx_HAL_Driver/Src/stm32f4xx_hal_exti.c **** 
 170:Drivers/STM32F4xx_HAL_Driver/Src/stm32f4xx_hal_exti.c ****     /* Configure rising trigger */
 171:Drivers/STM32F4xx_HAL_Driver/Src/stm32f4xx_hal_exti.c ****     /* Mask or set line */
 172:Drivers/STM32F4xx_HAL_Driver/Src/stm32f4xx_hal_exti.c ****     if ((pExtiConfig->Trigger & EXTI_TRIGGER_RISING) != 0x00u)
  81              		.loc 1 172 21
  82 0042 3B68     		ldr	r3, [r7]
  83 0044 9B68     		ldr	r3, [r3, #8]
  84              		.loc 1 172 31
  85 0046 03F00103 		and	r3, r3, #1
  86              		.loc 1 172 8
  87 004a 002B     		cmp	r3, #0
  88 004c 06D0     		beq	.L6
 173:Drivers/STM32F4xx_HAL_Driver/Src/stm32f4xx_hal_exti.c ****     {
 174:Drivers/STM32F4xx_HAL_Driver/Src/stm32f4xx_hal_exti.c ****       EXTI->RTSR |= maskline;
  89              		.loc 1 174 11
  90 004e 3E4B     		ldr	r3, .L14
  91 0050 9A68     		ldr	r2, [r3, #8]
  92 0052 3D49     		ldr	r1, .L14
  93              		.loc 1 174 18
  94 0054 3B69     		ldr	r3, [r7, #16]
  95 0056 1343     		orrs	r3, r3, r2
  96 0058 8B60     		str	r3, [r1, #8]
  97 005a 06E0     		b	.L7
  98              	.L6:
 175:Drivers/STM32F4xx_HAL_Driver/Src/stm32f4xx_hal_exti.c ****     }
 176:Drivers/STM32F4xx_HAL_Driver/Src/stm32f4xx_hal_exti.c ****     else
 177:Drivers/STM32F4xx_HAL_Driver/Src/stm32f4xx_hal_exti.c ****     {
 178:Drivers/STM32F4xx_HAL_Driver/Src/stm32f4xx_hal_exti.c ****       EXTI->RTSR &= ~maskline;
  99              		.loc 1 178 11
 100 005c 3A4B     		ldr	r3, .L14
 101 005e 9A68     		ldr	r2, [r3, #8]
 102              		.loc 1 178 21
 103 0060 3B69     		ldr	r3, [r7, #16]
 104 0062 DB43     		mvns	r3, r3
 105              		.loc 1 178 11
 106 0064 3849     		ldr	r1, .L14
 107              		.loc 1 178 18
 108 0066 1340     		ands	r3, r3, r2
ARM GAS  C:\Users\Halil\AppData\Local\Temp\cc6NT04v.s 			page 6


 109 0068 8B60     		str	r3, [r1, #8]
 110              	.L7:
 179:Drivers/STM32F4xx_HAL_Driver/Src/stm32f4xx_hal_exti.c ****     }
 180:Drivers/STM32F4xx_HAL_Driver/Src/stm32f4xx_hal_exti.c **** 
 181:Drivers/STM32F4xx_HAL_Driver/Src/stm32f4xx_hal_exti.c ****     /* Configure falling trigger */
 182:Drivers/STM32F4xx_HAL_Driver/Src/stm32f4xx_hal_exti.c ****     /* Mask or set line */
 183:Drivers/STM32F4xx_HAL_Driver/Src/stm32f4xx_hal_exti.c ****     if ((pExtiConfig->Trigger & EXTI_TRIGGER_FALLING) != 0x00u)
 111              		.loc 1 183 21
 112 006a 3B68     		ldr	r3, [r7]
 113 006c 9B68     		ldr	r3, [r3, #8]
 114              		.loc 1 183 31
 115 006e 03F00203 		and	r3, r3, #2
 116              		.loc 1 183 8
 117 0072 002B     		cmp	r3, #0
 118 0074 06D0     		beq	.L8
 184:Drivers/STM32F4xx_HAL_Driver/Src/stm32f4xx_hal_exti.c ****     {
 185:Drivers/STM32F4xx_HAL_Driver/Src/stm32f4xx_hal_exti.c ****       EXTI->FTSR |= maskline;
 119              		.loc 1 185 11
 120 0076 344B     		ldr	r3, .L14
 121 0078 DA68     		ldr	r2, [r3, #12]
 122 007a 3349     		ldr	r1, .L14
 123              		.loc 1 185 18
 124 007c 3B69     		ldr	r3, [r7, #16]
 125 007e 1343     		orrs	r3, r3, r2
 126 0080 CB60     		str	r3, [r1, #12]
 127 0082 06E0     		b	.L9
 128              	.L8:
 186:Drivers/STM32F4xx_HAL_Driver/Src/stm32f4xx_hal_exti.c ****     }
 187:Drivers/STM32F4xx_HAL_Driver/Src/stm32f4xx_hal_exti.c ****     else
 188:Drivers/STM32F4xx_HAL_Driver/Src/stm32f4xx_hal_exti.c ****     {
 189:Drivers/STM32F4xx_HAL_Driver/Src/stm32f4xx_hal_exti.c ****       EXTI->FTSR &= ~maskline;
 129              		.loc 1 189 11
 130 0084 304B     		ldr	r3, .L14
 131 0086 DA68     		ldr	r2, [r3, #12]
 132              		.loc 1 189 21
 133 0088 3B69     		ldr	r3, [r7, #16]
 134 008a DB43     		mvns	r3, r3
 135              		.loc 1 189 11
 136 008c 2E49     		ldr	r1, .L14
 137              		.loc 1 189 18
 138 008e 1340     		ands	r3, r3, r2
 139 0090 CB60     		str	r3, [r1, #12]
 140              	.L9:
 190:Drivers/STM32F4xx_HAL_Driver/Src/stm32f4xx_hal_exti.c ****     }
 191:Drivers/STM32F4xx_HAL_Driver/Src/stm32f4xx_hal_exti.c **** 
 192:Drivers/STM32F4xx_HAL_Driver/Src/stm32f4xx_hal_exti.c **** 
 193:Drivers/STM32F4xx_HAL_Driver/Src/stm32f4xx_hal_exti.c ****     /* Configure gpio port selection in case of gpio exti line */
 194:Drivers/STM32F4xx_HAL_Driver/Src/stm32f4xx_hal_exti.c ****     if ((pExtiConfig->Line & EXTI_GPIO) == EXTI_GPIO)
 141              		.loc 1 194 21
 142 0092 3B68     		ldr	r3, [r7]
 143 0094 1B68     		ldr	r3, [r3]
 144              		.loc 1 194 28
 145 0096 03F0C063 		and	r3, r3, #100663296
 146              		.loc 1 194 8
 147 009a B3F1C06F 		cmp	r3, #100663296
 148 009e 23D1     		bne	.L5
 195:Drivers/STM32F4xx_HAL_Driver/Src/stm32f4xx_hal_exti.c ****     {
ARM GAS  C:\Users\Halil\AppData\Local\Temp\cc6NT04v.s 			page 7


 196:Drivers/STM32F4xx_HAL_Driver/Src/stm32f4xx_hal_exti.c ****       assert_param(IS_EXTI_GPIO_PORT(pExtiConfig->GPIOSel));
 197:Drivers/STM32F4xx_HAL_Driver/Src/stm32f4xx_hal_exti.c ****       assert_param(IS_EXTI_GPIO_PIN(linepos));
 198:Drivers/STM32F4xx_HAL_Driver/Src/stm32f4xx_hal_exti.c **** 
 199:Drivers/STM32F4xx_HAL_Driver/Src/stm32f4xx_hal_exti.c ****       regval = SYSCFG->EXTICR[linepos >> 2u];
 149              		.loc 1 199 22
 150 00a0 2A4A     		ldr	r2, .L14+4
 151              		.loc 1 199 39
 152 00a2 7B69     		ldr	r3, [r7, #20]
 153 00a4 9B08     		lsrs	r3, r3, #2
 154              		.loc 1 199 14
 155 00a6 0233     		adds	r3, r3, #2
 156 00a8 52F82330 		ldr	r3, [r2, r3, lsl #2]
 157 00ac FB60     		str	r3, [r7, #12]
 200:Drivers/STM32F4xx_HAL_Driver/Src/stm32f4xx_hal_exti.c ****       regval &= ~(SYSCFG_EXTICR1_EXTI0 << (SYSCFG_EXTICR1_EXTI1_Pos * (linepos & 0x03u)));
 158              		.loc 1 200 80
 159 00ae 7B69     		ldr	r3, [r7, #20]
 160 00b0 03F00303 		and	r3, r3, #3
 161              		.loc 1 200 69
 162 00b4 9B00     		lsls	r3, r3, #2
 163              		.loc 1 200 40
 164 00b6 0F22     		movs	r2, #15
 165 00b8 02FA03F3 		lsl	r3, r2, r3
 166              		.loc 1 200 17
 167 00bc DB43     		mvns	r3, r3
 168              		.loc 1 200 14
 169 00be FA68     		ldr	r2, [r7, #12]
 170 00c0 1340     		ands	r3, r3, r2
 171 00c2 FB60     		str	r3, [r7, #12]
 201:Drivers/STM32F4xx_HAL_Driver/Src/stm32f4xx_hal_exti.c ****       regval |= (pExtiConfig->GPIOSel << (SYSCFG_EXTICR1_EXTI1_Pos * (linepos & 0x03u)));
 172              		.loc 1 201 29
 173 00c4 3B68     		ldr	r3, [r7]
 174 00c6 DA68     		ldr	r2, [r3, #12]
 175              		.loc 1 201 79
 176 00c8 7B69     		ldr	r3, [r7, #20]
 177 00ca 03F00303 		and	r3, r3, #3
 178              		.loc 1 201 68
 179 00ce 9B00     		lsls	r3, r3, #2
 180              		.loc 1 201 39
 181 00d0 02FA03F3 		lsl	r3, r2, r3
 182              		.loc 1 201 14
 183 00d4 FA68     		ldr	r2, [r7, #12]
 184 00d6 1343     		orrs	r3, r3, r2
 185 00d8 FB60     		str	r3, [r7, #12]
 202:Drivers/STM32F4xx_HAL_Driver/Src/stm32f4xx_hal_exti.c ****       SYSCFG->EXTICR[linepos >> 2u] = regval;
 186              		.loc 1 202 13
 187 00da 1C49     		ldr	r1, .L14+4
 188              		.loc 1 202 30
 189 00dc 7B69     		ldr	r3, [r7, #20]
 190 00de 9B08     		lsrs	r3, r3, #2
 191              		.loc 1 202 37
 192 00e0 0233     		adds	r3, r3, #2
 193 00e2 FA68     		ldr	r2, [r7, #12]
 194 00e4 41F82320 		str	r2, [r1, r3, lsl #2]
 195              	.L5:
 203:Drivers/STM32F4xx_HAL_Driver/Src/stm32f4xx_hal_exti.c ****     }
 204:Drivers/STM32F4xx_HAL_Driver/Src/stm32f4xx_hal_exti.c ****   }
 205:Drivers/STM32F4xx_HAL_Driver/Src/stm32f4xx_hal_exti.c **** 
ARM GAS  C:\Users\Halil\AppData\Local\Temp\cc6NT04v.s 			page 8


 206:Drivers/STM32F4xx_HAL_Driver/Src/stm32f4xx_hal_exti.c ****   /* Configure interrupt mode : read current mode */
 207:Drivers/STM32F4xx_HAL_Driver/Src/stm32f4xx_hal_exti.c ****   /* Mask or set line */
 208:Drivers/STM32F4xx_HAL_Driver/Src/stm32f4xx_hal_exti.c ****   if ((pExtiConfig->Mode & EXTI_MODE_INTERRUPT) != 0x00u)
 196              		.loc 1 208 19
 197 00e8 3B68     		ldr	r3, [r7]
 198 00ea 5B68     		ldr	r3, [r3, #4]
 199              		.loc 1 208 26
 200 00ec 03F00103 		and	r3, r3, #1
 201              		.loc 1 208 6
 202 00f0 002B     		cmp	r3, #0
 203 00f2 06D0     		beq	.L10
 209:Drivers/STM32F4xx_HAL_Driver/Src/stm32f4xx_hal_exti.c ****   {
 210:Drivers/STM32F4xx_HAL_Driver/Src/stm32f4xx_hal_exti.c ****     EXTI->IMR |= maskline;
 204              		.loc 1 210 9
 205 00f4 144B     		ldr	r3, .L14
 206 00f6 1A68     		ldr	r2, [r3]
 207 00f8 1349     		ldr	r1, .L14
 208              		.loc 1 210 15
 209 00fa 3B69     		ldr	r3, [r7, #16]
 210 00fc 1343     		orrs	r3, r3, r2
 211 00fe 0B60     		str	r3, [r1]
 212 0100 06E0     		b	.L11
 213              	.L10:
 211:Drivers/STM32F4xx_HAL_Driver/Src/stm32f4xx_hal_exti.c ****   }
 212:Drivers/STM32F4xx_HAL_Driver/Src/stm32f4xx_hal_exti.c ****   else
 213:Drivers/STM32F4xx_HAL_Driver/Src/stm32f4xx_hal_exti.c ****   {
 214:Drivers/STM32F4xx_HAL_Driver/Src/stm32f4xx_hal_exti.c ****     EXTI->IMR &= ~maskline;
 214              		.loc 1 214 9
 215 0102 114B     		ldr	r3, .L14
 216 0104 1A68     		ldr	r2, [r3]
 217              		.loc 1 214 18
 218 0106 3B69     		ldr	r3, [r7, #16]
 219 0108 DB43     		mvns	r3, r3
 220              		.loc 1 214 9
 221 010a 0F49     		ldr	r1, .L14
 222              		.loc 1 214 15
 223 010c 1340     		ands	r3, r3, r2
 224 010e 0B60     		str	r3, [r1]
 225              	.L11:
 215:Drivers/STM32F4xx_HAL_Driver/Src/stm32f4xx_hal_exti.c ****   }
 216:Drivers/STM32F4xx_HAL_Driver/Src/stm32f4xx_hal_exti.c **** 
 217:Drivers/STM32F4xx_HAL_Driver/Src/stm32f4xx_hal_exti.c ****   /* Configure event mode : read current mode */
 218:Drivers/STM32F4xx_HAL_Driver/Src/stm32f4xx_hal_exti.c ****   /* Mask or set line */
 219:Drivers/STM32F4xx_HAL_Driver/Src/stm32f4xx_hal_exti.c ****   if ((pExtiConfig->Mode & EXTI_MODE_EVENT) != 0x00u)
 226              		.loc 1 219 19
 227 0110 3B68     		ldr	r3, [r7]
 228 0112 5B68     		ldr	r3, [r3, #4]
 229              		.loc 1 219 26
 230 0114 03F00203 		and	r3, r3, #2
 231              		.loc 1 219 6
 232 0118 002B     		cmp	r3, #0
 233 011a 06D0     		beq	.L12
 220:Drivers/STM32F4xx_HAL_Driver/Src/stm32f4xx_hal_exti.c ****   {
 221:Drivers/STM32F4xx_HAL_Driver/Src/stm32f4xx_hal_exti.c ****     EXTI->EMR |= maskline;
 234              		.loc 1 221 9
 235 011c 0A4B     		ldr	r3, .L14
 236 011e 5A68     		ldr	r2, [r3, #4]
ARM GAS  C:\Users\Halil\AppData\Local\Temp\cc6NT04v.s 			page 9


 237 0120 0949     		ldr	r1, .L14
 238              		.loc 1 221 15
 239 0122 3B69     		ldr	r3, [r7, #16]
 240 0124 1343     		orrs	r3, r3, r2
 241 0126 4B60     		str	r3, [r1, #4]
 242 0128 06E0     		b	.L13
 243              	.L12:
 222:Drivers/STM32F4xx_HAL_Driver/Src/stm32f4xx_hal_exti.c ****   }
 223:Drivers/STM32F4xx_HAL_Driver/Src/stm32f4xx_hal_exti.c ****   else
 224:Drivers/STM32F4xx_HAL_Driver/Src/stm32f4xx_hal_exti.c ****   {
 225:Drivers/STM32F4xx_HAL_Driver/Src/stm32f4xx_hal_exti.c ****     EXTI->EMR &= ~maskline;
 244              		.loc 1 225 9
 245 012a 074B     		ldr	r3, .L14
 246 012c 5A68     		ldr	r2, [r3, #4]
 247              		.loc 1 225 18
 248 012e 3B69     		ldr	r3, [r7, #16]
 249 0130 DB43     		mvns	r3, r3
 250              		.loc 1 225 9
 251 0132 0549     		ldr	r1, .L14
 252              		.loc 1 225 15
 253 0134 1340     		ands	r3, r3, r2
 254 0136 4B60     		str	r3, [r1, #4]
 255              	.L13:
 226:Drivers/STM32F4xx_HAL_Driver/Src/stm32f4xx_hal_exti.c ****   }
 227:Drivers/STM32F4xx_HAL_Driver/Src/stm32f4xx_hal_exti.c **** 
 228:Drivers/STM32F4xx_HAL_Driver/Src/stm32f4xx_hal_exti.c ****   return HAL_OK;
 256              		.loc 1 228 10
 257 0138 0023     		movs	r3, #0
 258              	.L4:
 229:Drivers/STM32F4xx_HAL_Driver/Src/stm32f4xx_hal_exti.c **** }
 259              		.loc 1 229 1
 260 013a 1846     		mov	r0, r3
 261 013c 1C37     		adds	r7, r7, #28
 262              		.cfi_def_cfa_offset 4
 263 013e BD46     		mov	sp, r7
 264              		.cfi_def_cfa_register 13
 265              		@ sp needed
 266 0140 5DF8047B 		ldr	r7, [sp], #4
 267              		.cfi_restore 7
 268              		.cfi_def_cfa_offset 0
 269 0144 7047     		bx	lr
 270              	.L15:
 271 0146 00BF     		.align	2
 272              	.L14:
 273 0148 003C0140 		.word	1073822720
 274 014c 00380140 		.word	1073821696
 275              		.cfi_endproc
 276              	.LFE239:
 278              		.section	.text.HAL_EXTI_GetConfigLine,"ax",%progbits
 279              		.align	1
 280              		.global	HAL_EXTI_GetConfigLine
 281              		.syntax unified
 282              		.thumb
 283              		.thumb_func
 285              	HAL_EXTI_GetConfigLine:
 286              	.LFB240:
 230:Drivers/STM32F4xx_HAL_Driver/Src/stm32f4xx_hal_exti.c **** 
ARM GAS  C:\Users\Halil\AppData\Local\Temp\cc6NT04v.s 			page 10


 231:Drivers/STM32F4xx_HAL_Driver/Src/stm32f4xx_hal_exti.c **** /**
 232:Drivers/STM32F4xx_HAL_Driver/Src/stm32f4xx_hal_exti.c ****   * @brief  Get configuration of a dedicated Exti line.
 233:Drivers/STM32F4xx_HAL_Driver/Src/stm32f4xx_hal_exti.c ****   * @param  hexti Exti handle.
 234:Drivers/STM32F4xx_HAL_Driver/Src/stm32f4xx_hal_exti.c ****   * @param  pExtiConfig Pointer on structure to store Exti configuration.
 235:Drivers/STM32F4xx_HAL_Driver/Src/stm32f4xx_hal_exti.c ****   * @retval HAL Status.
 236:Drivers/STM32F4xx_HAL_Driver/Src/stm32f4xx_hal_exti.c ****   */
 237:Drivers/STM32F4xx_HAL_Driver/Src/stm32f4xx_hal_exti.c **** HAL_StatusTypeDef HAL_EXTI_GetConfigLine(EXTI_HandleTypeDef *hexti, EXTI_ConfigTypeDef *pExtiConfig
 238:Drivers/STM32F4xx_HAL_Driver/Src/stm32f4xx_hal_exti.c **** {
 287              		.loc 1 238 1
 288              		.cfi_startproc
 289              		@ args = 0, pretend = 0, frame = 24
 290              		@ frame_needed = 1, uses_anonymous_args = 0
 291              		@ link register save eliminated.
 292 0000 80B4     		push	{r7}
 293              		.cfi_def_cfa_offset 4
 294              		.cfi_offset 7, -4
 295 0002 87B0     		sub	sp, sp, #28
 296              		.cfi_def_cfa_offset 32
 297 0004 00AF     		add	r7, sp, #0
 298              		.cfi_def_cfa_register 7
 299 0006 7860     		str	r0, [r7, #4]
 300 0008 3960     		str	r1, [r7]
 239:Drivers/STM32F4xx_HAL_Driver/Src/stm32f4xx_hal_exti.c ****   uint32_t regval;
 240:Drivers/STM32F4xx_HAL_Driver/Src/stm32f4xx_hal_exti.c ****   uint32_t linepos;
 241:Drivers/STM32F4xx_HAL_Driver/Src/stm32f4xx_hal_exti.c ****   uint32_t maskline;
 242:Drivers/STM32F4xx_HAL_Driver/Src/stm32f4xx_hal_exti.c **** 
 243:Drivers/STM32F4xx_HAL_Driver/Src/stm32f4xx_hal_exti.c ****   /* Check null pointer */
 244:Drivers/STM32F4xx_HAL_Driver/Src/stm32f4xx_hal_exti.c ****   if ((hexti == NULL) || (pExtiConfig == NULL))
 301              		.loc 1 244 6
 302 000a 7B68     		ldr	r3, [r7, #4]
 303 000c 002B     		cmp	r3, #0
 304 000e 02D0     		beq	.L17
 305              		.loc 1 244 23 discriminator 1
 306 0010 3B68     		ldr	r3, [r7]
 307 0012 002B     		cmp	r3, #0
 308 0014 01D1     		bne	.L18
 309              	.L17:
 245:Drivers/STM32F4xx_HAL_Driver/Src/stm32f4xx_hal_exti.c ****   {
 246:Drivers/STM32F4xx_HAL_Driver/Src/stm32f4xx_hal_exti.c ****     return HAL_ERROR;
 310              		.loc 1 246 12
 311 0016 0123     		movs	r3, #1
 312 0018 61E0     		b	.L19
 313              	.L18:
 247:Drivers/STM32F4xx_HAL_Driver/Src/stm32f4xx_hal_exti.c ****   }
 248:Drivers/STM32F4xx_HAL_Driver/Src/stm32f4xx_hal_exti.c **** 
 249:Drivers/STM32F4xx_HAL_Driver/Src/stm32f4xx_hal_exti.c ****   /* Check the parameter */
 250:Drivers/STM32F4xx_HAL_Driver/Src/stm32f4xx_hal_exti.c ****   assert_param(IS_EXTI_LINE(hexti->Line));
 251:Drivers/STM32F4xx_HAL_Driver/Src/stm32f4xx_hal_exti.c **** 
 252:Drivers/STM32F4xx_HAL_Driver/Src/stm32f4xx_hal_exti.c ****   /* Store handle line number to configuration structure */
 253:Drivers/STM32F4xx_HAL_Driver/Src/stm32f4xx_hal_exti.c ****   pExtiConfig->Line = hexti->Line;
 314              		.loc 1 253 28
 315 001a 7B68     		ldr	r3, [r7, #4]
 316 001c 1A68     		ldr	r2, [r3]
 317              		.loc 1 253 21
 318 001e 3B68     		ldr	r3, [r7]
 319 0020 1A60     		str	r2, [r3]
 254:Drivers/STM32F4xx_HAL_Driver/Src/stm32f4xx_hal_exti.c **** 
ARM GAS  C:\Users\Halil\AppData\Local\Temp\cc6NT04v.s 			page 11


 255:Drivers/STM32F4xx_HAL_Driver/Src/stm32f4xx_hal_exti.c ****   /* Compute line mask */
 256:Drivers/STM32F4xx_HAL_Driver/Src/stm32f4xx_hal_exti.c ****   linepos = (pExtiConfig->Line & EXTI_PIN_MASK);
 320              		.loc 1 256 25
 321 0022 3B68     		ldr	r3, [r7]
 322 0024 1B68     		ldr	r3, [r3]
 323              		.loc 1 256 11
 324 0026 03F01F03 		and	r3, r3, #31
 325 002a 7B61     		str	r3, [r7, #20]
 257:Drivers/STM32F4xx_HAL_Driver/Src/stm32f4xx_hal_exti.c ****   maskline = (1uL << linepos);
 326              		.loc 1 257 12
 327 002c 0122     		movs	r2, #1
 328 002e 7B69     		ldr	r3, [r7, #20]
 329 0030 02FA03F3 		lsl	r3, r2, r3
 330 0034 3B61     		str	r3, [r7, #16]
 258:Drivers/STM32F4xx_HAL_Driver/Src/stm32f4xx_hal_exti.c **** 
 259:Drivers/STM32F4xx_HAL_Driver/Src/stm32f4xx_hal_exti.c ****   /* 1] Get core mode : interrupt */
 260:Drivers/STM32F4xx_HAL_Driver/Src/stm32f4xx_hal_exti.c **** 
 261:Drivers/STM32F4xx_HAL_Driver/Src/stm32f4xx_hal_exti.c ****   /* Check if selected line is enable */
 262:Drivers/STM32F4xx_HAL_Driver/Src/stm32f4xx_hal_exti.c ****   if ((EXTI->IMR & maskline) != 0x00u)
 331              		.loc 1 262 12
 332 0036 2D4B     		ldr	r3, .L26
 333 0038 1A68     		ldr	r2, [r3]
 334              		.loc 1 262 18
 335 003a 3B69     		ldr	r3, [r7, #16]
 336 003c 1340     		ands	r3, r3, r2
 337              		.loc 1 262 6
 338 003e 002B     		cmp	r3, #0
 339 0040 03D0     		beq	.L20
 263:Drivers/STM32F4xx_HAL_Driver/Src/stm32f4xx_hal_exti.c ****   {
 264:Drivers/STM32F4xx_HAL_Driver/Src/stm32f4xx_hal_exti.c ****     pExtiConfig->Mode = EXTI_MODE_INTERRUPT;
 340              		.loc 1 264 23
 341 0042 3B68     		ldr	r3, [r7]
 342 0044 0122     		movs	r2, #1
 343 0046 5A60     		str	r2, [r3, #4]
 344 0048 02E0     		b	.L21
 345              	.L20:
 265:Drivers/STM32F4xx_HAL_Driver/Src/stm32f4xx_hal_exti.c ****   }
 266:Drivers/STM32F4xx_HAL_Driver/Src/stm32f4xx_hal_exti.c ****   else
 267:Drivers/STM32F4xx_HAL_Driver/Src/stm32f4xx_hal_exti.c ****   {
 268:Drivers/STM32F4xx_HAL_Driver/Src/stm32f4xx_hal_exti.c ****     pExtiConfig->Mode = EXTI_MODE_NONE;
 346              		.loc 1 268 23
 347 004a 3B68     		ldr	r3, [r7]
 348 004c 0022     		movs	r2, #0
 349 004e 5A60     		str	r2, [r3, #4]
 350              	.L21:
 269:Drivers/STM32F4xx_HAL_Driver/Src/stm32f4xx_hal_exti.c ****   }
 270:Drivers/STM32F4xx_HAL_Driver/Src/stm32f4xx_hal_exti.c **** 
 271:Drivers/STM32F4xx_HAL_Driver/Src/stm32f4xx_hal_exti.c ****   /* Get event mode */
 272:Drivers/STM32F4xx_HAL_Driver/Src/stm32f4xx_hal_exti.c ****   /* Check if selected line is enable */
 273:Drivers/STM32F4xx_HAL_Driver/Src/stm32f4xx_hal_exti.c ****   if ((EXTI->EMR & maskline) != 0x00u)
 351              		.loc 1 273 12
 352 0050 264B     		ldr	r3, .L26
 353 0052 5A68     		ldr	r2, [r3, #4]
 354              		.loc 1 273 18
 355 0054 3B69     		ldr	r3, [r7, #16]
 356 0056 1340     		ands	r3, r3, r2
 357              		.loc 1 273 6
ARM GAS  C:\Users\Halil\AppData\Local\Temp\cc6NT04v.s 			page 12


 358 0058 002B     		cmp	r3, #0
 359 005a 05D0     		beq	.L22
 274:Drivers/STM32F4xx_HAL_Driver/Src/stm32f4xx_hal_exti.c ****   {
 275:Drivers/STM32F4xx_HAL_Driver/Src/stm32f4xx_hal_exti.c ****     pExtiConfig->Mode |= EXTI_MODE_EVENT;
 360              		.loc 1 275 16
 361 005c 3B68     		ldr	r3, [r7]
 362 005e 5B68     		ldr	r3, [r3, #4]
 363              		.loc 1 275 23
 364 0060 43F00202 		orr	r2, r3, #2
 365 0064 3B68     		ldr	r3, [r7]
 366 0066 5A60     		str	r2, [r3, #4]
 367              	.L22:
 276:Drivers/STM32F4xx_HAL_Driver/Src/stm32f4xx_hal_exti.c ****   }
 277:Drivers/STM32F4xx_HAL_Driver/Src/stm32f4xx_hal_exti.c **** 
 278:Drivers/STM32F4xx_HAL_Driver/Src/stm32f4xx_hal_exti.c ****   /* Get default Trigger and GPIOSel configuration */
 279:Drivers/STM32F4xx_HAL_Driver/Src/stm32f4xx_hal_exti.c ****   pExtiConfig->Trigger = EXTI_TRIGGER_NONE;
 368              		.loc 1 279 24
 369 0068 3B68     		ldr	r3, [r7]
 370 006a 0022     		movs	r2, #0
 371 006c 9A60     		str	r2, [r3, #8]
 280:Drivers/STM32F4xx_HAL_Driver/Src/stm32f4xx_hal_exti.c ****   pExtiConfig->GPIOSel = 0x00u;
 372              		.loc 1 280 24
 373 006e 3B68     		ldr	r3, [r7]
 374 0070 0022     		movs	r2, #0
 375 0072 DA60     		str	r2, [r3, #12]
 281:Drivers/STM32F4xx_HAL_Driver/Src/stm32f4xx_hal_exti.c **** 
 282:Drivers/STM32F4xx_HAL_Driver/Src/stm32f4xx_hal_exti.c ****   /* 2] Get trigger for configurable lines : rising */
 283:Drivers/STM32F4xx_HAL_Driver/Src/stm32f4xx_hal_exti.c ****   if ((pExtiConfig->Line & EXTI_CONFIG) != 0x00u)
 376              		.loc 1 283 19
 377 0074 3B68     		ldr	r3, [r7]
 378 0076 1B68     		ldr	r3, [r3]
 379              		.loc 1 283 26
 380 0078 03F00073 		and	r3, r3, #33554432
 381              		.loc 1 283 6
 382 007c 002B     		cmp	r3, #0
 383 007e 2DD0     		beq	.L23
 284:Drivers/STM32F4xx_HAL_Driver/Src/stm32f4xx_hal_exti.c ****   {
 285:Drivers/STM32F4xx_HAL_Driver/Src/stm32f4xx_hal_exti.c ****     /* Check if configuration of selected line is enable */
 286:Drivers/STM32F4xx_HAL_Driver/Src/stm32f4xx_hal_exti.c ****     if ((EXTI->RTSR & maskline) != 0x00u)
 384              		.loc 1 286 14
 385 0080 1A4B     		ldr	r3, .L26
 386 0082 9A68     		ldr	r2, [r3, #8]
 387              		.loc 1 286 21
 388 0084 3B69     		ldr	r3, [r7, #16]
 389 0086 1340     		ands	r3, r3, r2
 390              		.loc 1 286 8
 391 0088 002B     		cmp	r3, #0
 392 008a 02D0     		beq	.L24
 287:Drivers/STM32F4xx_HAL_Driver/Src/stm32f4xx_hal_exti.c ****     {
 288:Drivers/STM32F4xx_HAL_Driver/Src/stm32f4xx_hal_exti.c ****       pExtiConfig->Trigger = EXTI_TRIGGER_RISING;
 393              		.loc 1 288 28
 394 008c 3B68     		ldr	r3, [r7]
 395 008e 0122     		movs	r2, #1
 396 0090 9A60     		str	r2, [r3, #8]
 397              	.L24:
 289:Drivers/STM32F4xx_HAL_Driver/Src/stm32f4xx_hal_exti.c ****     }
 290:Drivers/STM32F4xx_HAL_Driver/Src/stm32f4xx_hal_exti.c **** 
ARM GAS  C:\Users\Halil\AppData\Local\Temp\cc6NT04v.s 			page 13


 291:Drivers/STM32F4xx_HAL_Driver/Src/stm32f4xx_hal_exti.c ****     /* Get falling configuration */
 292:Drivers/STM32F4xx_HAL_Driver/Src/stm32f4xx_hal_exti.c ****     /* Check if configuration of selected line is enable */
 293:Drivers/STM32F4xx_HAL_Driver/Src/stm32f4xx_hal_exti.c ****     if ((EXTI->FTSR & maskline) != 0x00u)
 398              		.loc 1 293 14
 399 0092 164B     		ldr	r3, .L26
 400 0094 DA68     		ldr	r2, [r3, #12]
 401              		.loc 1 293 21
 402 0096 3B69     		ldr	r3, [r7, #16]
 403 0098 1340     		ands	r3, r3, r2
 404              		.loc 1 293 8
 405 009a 002B     		cmp	r3, #0
 406 009c 05D0     		beq	.L25
 294:Drivers/STM32F4xx_HAL_Driver/Src/stm32f4xx_hal_exti.c ****     {
 295:Drivers/STM32F4xx_HAL_Driver/Src/stm32f4xx_hal_exti.c ****       pExtiConfig->Trigger |= EXTI_TRIGGER_FALLING;
 407              		.loc 1 295 18
 408 009e 3B68     		ldr	r3, [r7]
 409 00a0 9B68     		ldr	r3, [r3, #8]
 410              		.loc 1 295 28
 411 00a2 43F00202 		orr	r2, r3, #2
 412 00a6 3B68     		ldr	r3, [r7]
 413 00a8 9A60     		str	r2, [r3, #8]
 414              	.L25:
 296:Drivers/STM32F4xx_HAL_Driver/Src/stm32f4xx_hal_exti.c ****     }
 297:Drivers/STM32F4xx_HAL_Driver/Src/stm32f4xx_hal_exti.c **** 
 298:Drivers/STM32F4xx_HAL_Driver/Src/stm32f4xx_hal_exti.c ****     /* Get Gpio port selection for gpio lines */
 299:Drivers/STM32F4xx_HAL_Driver/Src/stm32f4xx_hal_exti.c ****     if ((pExtiConfig->Line & EXTI_GPIO) == EXTI_GPIO)
 415              		.loc 1 299 21
 416 00aa 3B68     		ldr	r3, [r7]
 417 00ac 1B68     		ldr	r3, [r3]
 418              		.loc 1 299 28
 419 00ae 03F0C063 		and	r3, r3, #100663296
 420              		.loc 1 299 8
 421 00b2 B3F1C06F 		cmp	r3, #100663296
 422 00b6 11D1     		bne	.L23
 300:Drivers/STM32F4xx_HAL_Driver/Src/stm32f4xx_hal_exti.c ****     {
 301:Drivers/STM32F4xx_HAL_Driver/Src/stm32f4xx_hal_exti.c ****       assert_param(IS_EXTI_GPIO_PIN(linepos));
 302:Drivers/STM32F4xx_HAL_Driver/Src/stm32f4xx_hal_exti.c **** 
 303:Drivers/STM32F4xx_HAL_Driver/Src/stm32f4xx_hal_exti.c ****       regval = SYSCFG->EXTICR[linepos >> 2u];
 423              		.loc 1 303 22
 424 00b8 0D4A     		ldr	r2, .L26+4
 425              		.loc 1 303 39
 426 00ba 7B69     		ldr	r3, [r7, #20]
 427 00bc 9B08     		lsrs	r3, r3, #2
 428              		.loc 1 303 14
 429 00be 0233     		adds	r3, r3, #2
 430 00c0 52F82330 		ldr	r3, [r2, r3, lsl #2]
 431 00c4 FB60     		str	r3, [r7, #12]
 304:Drivers/STM32F4xx_HAL_Driver/Src/stm32f4xx_hal_exti.c ****       pExtiConfig->GPIOSel = (regval >> (SYSCFG_EXTICR1_EXTI1_Pos * (linepos & 0x03u))) & SYSCFG_EX
 432              		.loc 1 304 78
 433 00c6 7B69     		ldr	r3, [r7, #20]
 434 00c8 03F00303 		and	r3, r3, #3
 435              		.loc 1 304 67
 436 00cc 9B00     		lsls	r3, r3, #2
 437              		.loc 1 304 38
 438 00ce FA68     		ldr	r2, [r7, #12]
 439 00d0 22FA03F3 		lsr	r3, r2, r3
 440              		.loc 1 304 89
ARM GAS  C:\Users\Halil\AppData\Local\Temp\cc6NT04v.s 			page 14


 441 00d4 03F00F02 		and	r2, r3, #15
 442              		.loc 1 304 28
 443 00d8 3B68     		ldr	r3, [r7]
 444 00da DA60     		str	r2, [r3, #12]
 445              	.L23:
 305:Drivers/STM32F4xx_HAL_Driver/Src/stm32f4xx_hal_exti.c ****     }
 306:Drivers/STM32F4xx_HAL_Driver/Src/stm32f4xx_hal_exti.c ****   }
 307:Drivers/STM32F4xx_HAL_Driver/Src/stm32f4xx_hal_exti.c **** 
 308:Drivers/STM32F4xx_HAL_Driver/Src/stm32f4xx_hal_exti.c ****   return HAL_OK;
 446              		.loc 1 308 10
 447 00dc 0023     		movs	r3, #0
 448              	.L19:
 309:Drivers/STM32F4xx_HAL_Driver/Src/stm32f4xx_hal_exti.c **** }
 449              		.loc 1 309 1
 450 00de 1846     		mov	r0, r3
 451 00e0 1C37     		adds	r7, r7, #28
 452              		.cfi_def_cfa_offset 4
 453 00e2 BD46     		mov	sp, r7
 454              		.cfi_def_cfa_register 13
 455              		@ sp needed
 456 00e4 5DF8047B 		ldr	r7, [sp], #4
 457              		.cfi_restore 7
 458              		.cfi_def_cfa_offset 0
 459 00e8 7047     		bx	lr
 460              	.L27:
 461 00ea 00BF     		.align	2
 462              	.L26:
 463 00ec 003C0140 		.word	1073822720
 464 00f0 00380140 		.word	1073821696
 465              		.cfi_endproc
 466              	.LFE240:
 468              		.section	.text.HAL_EXTI_ClearConfigLine,"ax",%progbits
 469              		.align	1
 470              		.global	HAL_EXTI_ClearConfigLine
 471              		.syntax unified
 472              		.thumb
 473              		.thumb_func
 475              	HAL_EXTI_ClearConfigLine:
 476              	.LFB241:
 310:Drivers/STM32F4xx_HAL_Driver/Src/stm32f4xx_hal_exti.c **** 
 311:Drivers/STM32F4xx_HAL_Driver/Src/stm32f4xx_hal_exti.c **** /**
 312:Drivers/STM32F4xx_HAL_Driver/Src/stm32f4xx_hal_exti.c ****   * @brief  Clear whole configuration of a dedicated Exti line.
 313:Drivers/STM32F4xx_HAL_Driver/Src/stm32f4xx_hal_exti.c ****   * @param  hexti Exti handle.
 314:Drivers/STM32F4xx_HAL_Driver/Src/stm32f4xx_hal_exti.c ****   * @retval HAL Status.
 315:Drivers/STM32F4xx_HAL_Driver/Src/stm32f4xx_hal_exti.c ****   */
 316:Drivers/STM32F4xx_HAL_Driver/Src/stm32f4xx_hal_exti.c **** HAL_StatusTypeDef HAL_EXTI_ClearConfigLine(EXTI_HandleTypeDef *hexti)
 317:Drivers/STM32F4xx_HAL_Driver/Src/stm32f4xx_hal_exti.c **** {
 477              		.loc 1 317 1
 478              		.cfi_startproc
 479              		@ args = 0, pretend = 0, frame = 24
 480              		@ frame_needed = 1, uses_anonymous_args = 0
 481              		@ link register save eliminated.
 482 0000 80B4     		push	{r7}
 483              		.cfi_def_cfa_offset 4
 484              		.cfi_offset 7, -4
 485 0002 87B0     		sub	sp, sp, #28
 486              		.cfi_def_cfa_offset 32
ARM GAS  C:\Users\Halil\AppData\Local\Temp\cc6NT04v.s 			page 15


 487 0004 00AF     		add	r7, sp, #0
 488              		.cfi_def_cfa_register 7
 489 0006 7860     		str	r0, [r7, #4]
 318:Drivers/STM32F4xx_HAL_Driver/Src/stm32f4xx_hal_exti.c ****   uint32_t regval;
 319:Drivers/STM32F4xx_HAL_Driver/Src/stm32f4xx_hal_exti.c ****   uint32_t linepos;
 320:Drivers/STM32F4xx_HAL_Driver/Src/stm32f4xx_hal_exti.c ****   uint32_t maskline;
 321:Drivers/STM32F4xx_HAL_Driver/Src/stm32f4xx_hal_exti.c **** 
 322:Drivers/STM32F4xx_HAL_Driver/Src/stm32f4xx_hal_exti.c ****   /* Check null pointer */
 323:Drivers/STM32F4xx_HAL_Driver/Src/stm32f4xx_hal_exti.c ****   if (hexti == NULL)
 490              		.loc 1 323 6
 491 0008 7B68     		ldr	r3, [r7, #4]
 492 000a 002B     		cmp	r3, #0
 493 000c 01D1     		bne	.L29
 324:Drivers/STM32F4xx_HAL_Driver/Src/stm32f4xx_hal_exti.c ****   {
 325:Drivers/STM32F4xx_HAL_Driver/Src/stm32f4xx_hal_exti.c ****     return HAL_ERROR;
 494              		.loc 1 325 12
 495 000e 0123     		movs	r3, #1
 496 0010 4CE0     		b	.L30
 497              	.L29:
 326:Drivers/STM32F4xx_HAL_Driver/Src/stm32f4xx_hal_exti.c ****   }
 327:Drivers/STM32F4xx_HAL_Driver/Src/stm32f4xx_hal_exti.c **** 
 328:Drivers/STM32F4xx_HAL_Driver/Src/stm32f4xx_hal_exti.c ****   /* Check the parameter */
 329:Drivers/STM32F4xx_HAL_Driver/Src/stm32f4xx_hal_exti.c ****   assert_param(IS_EXTI_LINE(hexti->Line));
 330:Drivers/STM32F4xx_HAL_Driver/Src/stm32f4xx_hal_exti.c **** 
 331:Drivers/STM32F4xx_HAL_Driver/Src/stm32f4xx_hal_exti.c ****   /* compute line mask */
 332:Drivers/STM32F4xx_HAL_Driver/Src/stm32f4xx_hal_exti.c ****   linepos = (hexti->Line & EXTI_PIN_MASK);
 498              		.loc 1 332 19
 499 0012 7B68     		ldr	r3, [r7, #4]
 500 0014 1B68     		ldr	r3, [r3]
 501              		.loc 1 332 11
 502 0016 03F01F03 		and	r3, r3, #31
 503 001a 7B61     		str	r3, [r7, #20]
 333:Drivers/STM32F4xx_HAL_Driver/Src/stm32f4xx_hal_exti.c ****   maskline = (1uL << linepos);
 504              		.loc 1 333 12
 505 001c 0122     		movs	r2, #1
 506 001e 7B69     		ldr	r3, [r7, #20]
 507 0020 02FA03F3 		lsl	r3, r2, r3
 508 0024 3B61     		str	r3, [r7, #16]
 334:Drivers/STM32F4xx_HAL_Driver/Src/stm32f4xx_hal_exti.c **** 
 335:Drivers/STM32F4xx_HAL_Driver/Src/stm32f4xx_hal_exti.c ****   /* 1] Clear interrupt mode */
 336:Drivers/STM32F4xx_HAL_Driver/Src/stm32f4xx_hal_exti.c ****   EXTI->IMR = (EXTI->IMR & ~maskline);
 509              		.loc 1 336 20
 510 0026 244B     		ldr	r3, .L32
 511 0028 1A68     		ldr	r2, [r3]
 512              		.loc 1 336 28
 513 002a 3B69     		ldr	r3, [r7, #16]
 514 002c DB43     		mvns	r3, r3
 515              		.loc 1 336 7
 516 002e 2249     		ldr	r1, .L32
 517              		.loc 1 336 26
 518 0030 1340     		ands	r3, r3, r2
 519              		.loc 1 336 13
 520 0032 0B60     		str	r3, [r1]
 337:Drivers/STM32F4xx_HAL_Driver/Src/stm32f4xx_hal_exti.c **** 
 338:Drivers/STM32F4xx_HAL_Driver/Src/stm32f4xx_hal_exti.c ****   /* 2] Clear event mode */
 339:Drivers/STM32F4xx_HAL_Driver/Src/stm32f4xx_hal_exti.c ****   EXTI->EMR = (EXTI->EMR & ~maskline);
 521              		.loc 1 339 20
ARM GAS  C:\Users\Halil\AppData\Local\Temp\cc6NT04v.s 			page 16


 522 0034 204B     		ldr	r3, .L32
 523 0036 5A68     		ldr	r2, [r3, #4]
 524              		.loc 1 339 28
 525 0038 3B69     		ldr	r3, [r7, #16]
 526 003a DB43     		mvns	r3, r3
 527              		.loc 1 339 7
 528 003c 1E49     		ldr	r1, .L32
 529              		.loc 1 339 26
 530 003e 1340     		ands	r3, r3, r2
 531              		.loc 1 339 13
 532 0040 4B60     		str	r3, [r1, #4]
 340:Drivers/STM32F4xx_HAL_Driver/Src/stm32f4xx_hal_exti.c **** 
 341:Drivers/STM32F4xx_HAL_Driver/Src/stm32f4xx_hal_exti.c ****   /* 3] Clear triggers in case of configurable lines */
 342:Drivers/STM32F4xx_HAL_Driver/Src/stm32f4xx_hal_exti.c ****   if ((hexti->Line & EXTI_CONFIG) != 0x00u)
 533              		.loc 1 342 13
 534 0042 7B68     		ldr	r3, [r7, #4]
 535 0044 1B68     		ldr	r3, [r3]
 536              		.loc 1 342 20
 537 0046 03F00073 		and	r3, r3, #33554432
 538              		.loc 1 342 6
 539 004a 002B     		cmp	r3, #0
 540 004c 2DD0     		beq	.L31
 343:Drivers/STM32F4xx_HAL_Driver/Src/stm32f4xx_hal_exti.c ****   {
 344:Drivers/STM32F4xx_HAL_Driver/Src/stm32f4xx_hal_exti.c ****     EXTI->RTSR = (EXTI->RTSR & ~maskline);
 541              		.loc 1 344 23
 542 004e 1A4B     		ldr	r3, .L32
 543 0050 9A68     		ldr	r2, [r3, #8]
 544              		.loc 1 344 32
 545 0052 3B69     		ldr	r3, [r7, #16]
 546 0054 DB43     		mvns	r3, r3
 547              		.loc 1 344 9
 548 0056 1849     		ldr	r1, .L32
 549              		.loc 1 344 30
 550 0058 1340     		ands	r3, r3, r2
 551              		.loc 1 344 16
 552 005a 8B60     		str	r3, [r1, #8]
 345:Drivers/STM32F4xx_HAL_Driver/Src/stm32f4xx_hal_exti.c ****     EXTI->FTSR = (EXTI->FTSR & ~maskline);
 553              		.loc 1 345 23
 554 005c 164B     		ldr	r3, .L32
 555 005e DA68     		ldr	r2, [r3, #12]
 556              		.loc 1 345 32
 557 0060 3B69     		ldr	r3, [r7, #16]
 558 0062 DB43     		mvns	r3, r3
 559              		.loc 1 345 9
 560 0064 1449     		ldr	r1, .L32
 561              		.loc 1 345 30
 562 0066 1340     		ands	r3, r3, r2
 563              		.loc 1 345 16
 564 0068 CB60     		str	r3, [r1, #12]
 346:Drivers/STM32F4xx_HAL_Driver/Src/stm32f4xx_hal_exti.c **** 
 347:Drivers/STM32F4xx_HAL_Driver/Src/stm32f4xx_hal_exti.c ****     /* Get Gpio port selection for gpio lines */
 348:Drivers/STM32F4xx_HAL_Driver/Src/stm32f4xx_hal_exti.c ****     if ((hexti->Line & EXTI_GPIO) == EXTI_GPIO)
 565              		.loc 1 348 15
 566 006a 7B68     		ldr	r3, [r7, #4]
 567 006c 1B68     		ldr	r3, [r3]
 568              		.loc 1 348 22
 569 006e 03F0C063 		and	r3, r3, #100663296
ARM GAS  C:\Users\Halil\AppData\Local\Temp\cc6NT04v.s 			page 17


 570              		.loc 1 348 8
 571 0072 B3F1C06F 		cmp	r3, #100663296
 572 0076 18D1     		bne	.L31
 349:Drivers/STM32F4xx_HAL_Driver/Src/stm32f4xx_hal_exti.c ****     {
 350:Drivers/STM32F4xx_HAL_Driver/Src/stm32f4xx_hal_exti.c ****       assert_param(IS_EXTI_GPIO_PIN(linepos));
 351:Drivers/STM32F4xx_HAL_Driver/Src/stm32f4xx_hal_exti.c **** 
 352:Drivers/STM32F4xx_HAL_Driver/Src/stm32f4xx_hal_exti.c ****       regval = SYSCFG->EXTICR[linepos >> 2u];
 573              		.loc 1 352 22
 574 0078 104A     		ldr	r2, .L32+4
 575              		.loc 1 352 39
 576 007a 7B69     		ldr	r3, [r7, #20]
 577 007c 9B08     		lsrs	r3, r3, #2
 578              		.loc 1 352 14
 579 007e 0233     		adds	r3, r3, #2
 580 0080 52F82330 		ldr	r3, [r2, r3, lsl #2]
 581 0084 FB60     		str	r3, [r7, #12]
 353:Drivers/STM32F4xx_HAL_Driver/Src/stm32f4xx_hal_exti.c ****       regval &= ~(SYSCFG_EXTICR1_EXTI0 << (SYSCFG_EXTICR1_EXTI1_Pos * (linepos & 0x03u)));
 582              		.loc 1 353 80
 583 0086 7B69     		ldr	r3, [r7, #20]
 584 0088 03F00303 		and	r3, r3, #3
 585              		.loc 1 353 69
 586 008c 9B00     		lsls	r3, r3, #2
 587              		.loc 1 353 40
 588 008e 0F22     		movs	r2, #15
 589 0090 02FA03F3 		lsl	r3, r2, r3
 590              		.loc 1 353 17
 591 0094 DB43     		mvns	r3, r3
 592              		.loc 1 353 14
 593 0096 FA68     		ldr	r2, [r7, #12]
 594 0098 1340     		ands	r3, r3, r2
 595 009a FB60     		str	r3, [r7, #12]
 354:Drivers/STM32F4xx_HAL_Driver/Src/stm32f4xx_hal_exti.c ****       SYSCFG->EXTICR[linepos >> 2u] = regval;
 596              		.loc 1 354 13
 597 009c 0749     		ldr	r1, .L32+4
 598              		.loc 1 354 30
 599 009e 7B69     		ldr	r3, [r7, #20]
 600 00a0 9B08     		lsrs	r3, r3, #2
 601              		.loc 1 354 37
 602 00a2 0233     		adds	r3, r3, #2
 603 00a4 FA68     		ldr	r2, [r7, #12]
 604 00a6 41F82320 		str	r2, [r1, r3, lsl #2]
 605              	.L31:
 355:Drivers/STM32F4xx_HAL_Driver/Src/stm32f4xx_hal_exti.c ****     }
 356:Drivers/STM32F4xx_HAL_Driver/Src/stm32f4xx_hal_exti.c ****   }
 357:Drivers/STM32F4xx_HAL_Driver/Src/stm32f4xx_hal_exti.c **** 
 358:Drivers/STM32F4xx_HAL_Driver/Src/stm32f4xx_hal_exti.c ****   return HAL_OK;
 606              		.loc 1 358 10
 607 00aa 0023     		movs	r3, #0
 608              	.L30:
 359:Drivers/STM32F4xx_HAL_Driver/Src/stm32f4xx_hal_exti.c **** }
 609              		.loc 1 359 1
 610 00ac 1846     		mov	r0, r3
 611 00ae 1C37     		adds	r7, r7, #28
 612              		.cfi_def_cfa_offset 4
 613 00b0 BD46     		mov	sp, r7
 614              		.cfi_def_cfa_register 13
 615              		@ sp needed
ARM GAS  C:\Users\Halil\AppData\Local\Temp\cc6NT04v.s 			page 18


 616 00b2 5DF8047B 		ldr	r7, [sp], #4
 617              		.cfi_restore 7
 618              		.cfi_def_cfa_offset 0
 619 00b6 7047     		bx	lr
 620              	.L33:
 621              		.align	2
 622              	.L32:
 623 00b8 003C0140 		.word	1073822720
 624 00bc 00380140 		.word	1073821696
 625              		.cfi_endproc
 626              	.LFE241:
 628              		.section	.text.HAL_EXTI_RegisterCallback,"ax",%progbits
 629              		.align	1
 630              		.global	HAL_EXTI_RegisterCallback
 631              		.syntax unified
 632              		.thumb
 633              		.thumb_func
 635              	HAL_EXTI_RegisterCallback:
 636              	.LFB242:
 360:Drivers/STM32F4xx_HAL_Driver/Src/stm32f4xx_hal_exti.c **** 
 361:Drivers/STM32F4xx_HAL_Driver/Src/stm32f4xx_hal_exti.c **** /**
 362:Drivers/STM32F4xx_HAL_Driver/Src/stm32f4xx_hal_exti.c ****   * @brief  Register callback for a dedicated Exti line.
 363:Drivers/STM32F4xx_HAL_Driver/Src/stm32f4xx_hal_exti.c ****   * @param  hexti Exti handle.
 364:Drivers/STM32F4xx_HAL_Driver/Src/stm32f4xx_hal_exti.c ****   * @param  CallbackID User callback identifier.
 365:Drivers/STM32F4xx_HAL_Driver/Src/stm32f4xx_hal_exti.c ****   *         This parameter can be one of @arg @ref EXTI_CallbackIDTypeDef values.
 366:Drivers/STM32F4xx_HAL_Driver/Src/stm32f4xx_hal_exti.c ****   * @param  pPendingCbfn function pointer to be stored as callback.
 367:Drivers/STM32F4xx_HAL_Driver/Src/stm32f4xx_hal_exti.c ****   * @retval HAL Status.
 368:Drivers/STM32F4xx_HAL_Driver/Src/stm32f4xx_hal_exti.c ****   */
 369:Drivers/STM32F4xx_HAL_Driver/Src/stm32f4xx_hal_exti.c **** HAL_StatusTypeDef HAL_EXTI_RegisterCallback(EXTI_HandleTypeDef *hexti, EXTI_CallbackIDTypeDef Callb
 370:Drivers/STM32F4xx_HAL_Driver/Src/stm32f4xx_hal_exti.c **** {
 637              		.loc 1 370 1
 638              		.cfi_startproc
 639              		@ args = 0, pretend = 0, frame = 24
 640              		@ frame_needed = 1, uses_anonymous_args = 0
 641              		@ link register save eliminated.
 642 0000 80B4     		push	{r7}
 643              		.cfi_def_cfa_offset 4
 644              		.cfi_offset 7, -4
 645 0002 87B0     		sub	sp, sp, #28
 646              		.cfi_def_cfa_offset 32
 647 0004 00AF     		add	r7, sp, #0
 648              		.cfi_def_cfa_register 7
 649 0006 F860     		str	r0, [r7, #12]
 650 0008 0B46     		mov	r3, r1
 651 000a 7A60     		str	r2, [r7, #4]
 652 000c FB72     		strb	r3, [r7, #11]
 371:Drivers/STM32F4xx_HAL_Driver/Src/stm32f4xx_hal_exti.c ****   HAL_StatusTypeDef status = HAL_OK;
 653              		.loc 1 371 21
 654 000e 0023     		movs	r3, #0
 655 0010 FB75     		strb	r3, [r7, #23]
 372:Drivers/STM32F4xx_HAL_Driver/Src/stm32f4xx_hal_exti.c **** 
 373:Drivers/STM32F4xx_HAL_Driver/Src/stm32f4xx_hal_exti.c ****   switch (CallbackID)
 656              		.loc 1 373 3
 657 0012 FB7A     		ldrb	r3, [r7, #11]	@ zero_extendqisi2
 658 0014 002B     		cmp	r3, #0
 659 0016 03D1     		bne	.L35
 374:Drivers/STM32F4xx_HAL_Driver/Src/stm32f4xx_hal_exti.c ****   {
ARM GAS  C:\Users\Halil\AppData\Local\Temp\cc6NT04v.s 			page 19


 375:Drivers/STM32F4xx_HAL_Driver/Src/stm32f4xx_hal_exti.c ****     case  HAL_EXTI_COMMON_CB_ID:
 376:Drivers/STM32F4xx_HAL_Driver/Src/stm32f4xx_hal_exti.c ****       hexti->PendingCallback = pPendingCbfn;
 660              		.loc 1 376 30
 661 0018 FB68     		ldr	r3, [r7, #12]
 662 001a 7A68     		ldr	r2, [r7, #4]
 663 001c 5A60     		str	r2, [r3, #4]
 377:Drivers/STM32F4xx_HAL_Driver/Src/stm32f4xx_hal_exti.c ****       break;
 664              		.loc 1 377 7
 665 001e 02E0     		b	.L36
 666              	.L35:
 378:Drivers/STM32F4xx_HAL_Driver/Src/stm32f4xx_hal_exti.c **** 
 379:Drivers/STM32F4xx_HAL_Driver/Src/stm32f4xx_hal_exti.c ****     default:
 380:Drivers/STM32F4xx_HAL_Driver/Src/stm32f4xx_hal_exti.c ****       status = HAL_ERROR;
 667              		.loc 1 380 14
 668 0020 0123     		movs	r3, #1
 669 0022 FB75     		strb	r3, [r7, #23]
 381:Drivers/STM32F4xx_HAL_Driver/Src/stm32f4xx_hal_exti.c ****       break;
 670              		.loc 1 381 7
 671 0024 00BF     		nop
 672              	.L36:
 382:Drivers/STM32F4xx_HAL_Driver/Src/stm32f4xx_hal_exti.c ****   }
 383:Drivers/STM32F4xx_HAL_Driver/Src/stm32f4xx_hal_exti.c **** 
 384:Drivers/STM32F4xx_HAL_Driver/Src/stm32f4xx_hal_exti.c ****   return status;
 673              		.loc 1 384 10
 674 0026 FB7D     		ldrb	r3, [r7, #23]	@ zero_extendqisi2
 385:Drivers/STM32F4xx_HAL_Driver/Src/stm32f4xx_hal_exti.c **** }
 675              		.loc 1 385 1
 676 0028 1846     		mov	r0, r3
 677 002a 1C37     		adds	r7, r7, #28
 678              		.cfi_def_cfa_offset 4
 679 002c BD46     		mov	sp, r7
 680              		.cfi_def_cfa_register 13
 681              		@ sp needed
 682 002e 5DF8047B 		ldr	r7, [sp], #4
 683              		.cfi_restore 7
 684              		.cfi_def_cfa_offset 0
 685 0032 7047     		bx	lr
 686              		.cfi_endproc
 687              	.LFE242:
 689              		.section	.text.HAL_EXTI_GetHandle,"ax",%progbits
 690              		.align	1
 691              		.global	HAL_EXTI_GetHandle
 692              		.syntax unified
 693              		.thumb
 694              		.thumb_func
 696              	HAL_EXTI_GetHandle:
 697              	.LFB243:
 386:Drivers/STM32F4xx_HAL_Driver/Src/stm32f4xx_hal_exti.c **** 
 387:Drivers/STM32F4xx_HAL_Driver/Src/stm32f4xx_hal_exti.c **** /**
 388:Drivers/STM32F4xx_HAL_Driver/Src/stm32f4xx_hal_exti.c ****   * @brief  Store line number as handle private field.
 389:Drivers/STM32F4xx_HAL_Driver/Src/stm32f4xx_hal_exti.c ****   * @param  hexti Exti handle.
 390:Drivers/STM32F4xx_HAL_Driver/Src/stm32f4xx_hal_exti.c ****   * @param  ExtiLine Exti line number.
 391:Drivers/STM32F4xx_HAL_Driver/Src/stm32f4xx_hal_exti.c ****   *         This parameter can be from 0 to @ref EXTI_LINE_NB.
 392:Drivers/STM32F4xx_HAL_Driver/Src/stm32f4xx_hal_exti.c ****   * @retval HAL Status.
 393:Drivers/STM32F4xx_HAL_Driver/Src/stm32f4xx_hal_exti.c ****   */
 394:Drivers/STM32F4xx_HAL_Driver/Src/stm32f4xx_hal_exti.c **** HAL_StatusTypeDef HAL_EXTI_GetHandle(EXTI_HandleTypeDef *hexti, uint32_t ExtiLine)
 395:Drivers/STM32F4xx_HAL_Driver/Src/stm32f4xx_hal_exti.c **** {
ARM GAS  C:\Users\Halil\AppData\Local\Temp\cc6NT04v.s 			page 20


 698              		.loc 1 395 1
 699              		.cfi_startproc
 700              		@ args = 0, pretend = 0, frame = 8
 701              		@ frame_needed = 1, uses_anonymous_args = 0
 702              		@ link register save eliminated.
 703 0000 80B4     		push	{r7}
 704              		.cfi_def_cfa_offset 4
 705              		.cfi_offset 7, -4
 706 0002 83B0     		sub	sp, sp, #12
 707              		.cfi_def_cfa_offset 16
 708 0004 00AF     		add	r7, sp, #0
 709              		.cfi_def_cfa_register 7
 710 0006 7860     		str	r0, [r7, #4]
 711 0008 3960     		str	r1, [r7]
 396:Drivers/STM32F4xx_HAL_Driver/Src/stm32f4xx_hal_exti.c ****   /* Check the parameters */
 397:Drivers/STM32F4xx_HAL_Driver/Src/stm32f4xx_hal_exti.c ****   assert_param(IS_EXTI_LINE(ExtiLine));
 398:Drivers/STM32F4xx_HAL_Driver/Src/stm32f4xx_hal_exti.c **** 
 399:Drivers/STM32F4xx_HAL_Driver/Src/stm32f4xx_hal_exti.c ****   /* Check null pointer */
 400:Drivers/STM32F4xx_HAL_Driver/Src/stm32f4xx_hal_exti.c ****   if (hexti == NULL)
 712              		.loc 1 400 6
 713 000a 7B68     		ldr	r3, [r7, #4]
 714 000c 002B     		cmp	r3, #0
 715 000e 01D1     		bne	.L39
 401:Drivers/STM32F4xx_HAL_Driver/Src/stm32f4xx_hal_exti.c ****   {
 402:Drivers/STM32F4xx_HAL_Driver/Src/stm32f4xx_hal_exti.c ****     return HAL_ERROR;
 716              		.loc 1 402 12
 717 0010 0123     		movs	r3, #1
 718 0012 03E0     		b	.L40
 719              	.L39:
 403:Drivers/STM32F4xx_HAL_Driver/Src/stm32f4xx_hal_exti.c ****   }
 404:Drivers/STM32F4xx_HAL_Driver/Src/stm32f4xx_hal_exti.c ****   else
 405:Drivers/STM32F4xx_HAL_Driver/Src/stm32f4xx_hal_exti.c ****   {
 406:Drivers/STM32F4xx_HAL_Driver/Src/stm32f4xx_hal_exti.c ****     /* Store line number as handle private field */
 407:Drivers/STM32F4xx_HAL_Driver/Src/stm32f4xx_hal_exti.c ****     hexti->Line = ExtiLine;
 720              		.loc 1 407 17
 721 0014 7B68     		ldr	r3, [r7, #4]
 722 0016 3A68     		ldr	r2, [r7]
 723 0018 1A60     		str	r2, [r3]
 408:Drivers/STM32F4xx_HAL_Driver/Src/stm32f4xx_hal_exti.c **** 
 409:Drivers/STM32F4xx_HAL_Driver/Src/stm32f4xx_hal_exti.c ****     return HAL_OK;
 724              		.loc 1 409 12
 725 001a 0023     		movs	r3, #0
 726              	.L40:
 410:Drivers/STM32F4xx_HAL_Driver/Src/stm32f4xx_hal_exti.c ****   }
 411:Drivers/STM32F4xx_HAL_Driver/Src/stm32f4xx_hal_exti.c **** }
 727              		.loc 1 411 1
 728 001c 1846     		mov	r0, r3
 729 001e 0C37     		adds	r7, r7, #12
 730              		.cfi_def_cfa_offset 4
 731 0020 BD46     		mov	sp, r7
 732              		.cfi_def_cfa_register 13
 733              		@ sp needed
 734 0022 5DF8047B 		ldr	r7, [sp], #4
 735              		.cfi_restore 7
 736              		.cfi_def_cfa_offset 0
 737 0026 7047     		bx	lr
 738              		.cfi_endproc
ARM GAS  C:\Users\Halil\AppData\Local\Temp\cc6NT04v.s 			page 21


 739              	.LFE243:
 741              		.section	.text.HAL_EXTI_IRQHandler,"ax",%progbits
 742              		.align	1
 743              		.global	HAL_EXTI_IRQHandler
 744              		.syntax unified
 745              		.thumb
 746              		.thumb_func
 748              	HAL_EXTI_IRQHandler:
 749              	.LFB244:
 412:Drivers/STM32F4xx_HAL_Driver/Src/stm32f4xx_hal_exti.c **** 
 413:Drivers/STM32F4xx_HAL_Driver/Src/stm32f4xx_hal_exti.c **** /**
 414:Drivers/STM32F4xx_HAL_Driver/Src/stm32f4xx_hal_exti.c ****   * @}
 415:Drivers/STM32F4xx_HAL_Driver/Src/stm32f4xx_hal_exti.c ****   */
 416:Drivers/STM32F4xx_HAL_Driver/Src/stm32f4xx_hal_exti.c **** 
 417:Drivers/STM32F4xx_HAL_Driver/Src/stm32f4xx_hal_exti.c **** /** @addtogroup EXTI_Exported_Functions_Group2
 418:Drivers/STM32F4xx_HAL_Driver/Src/stm32f4xx_hal_exti.c ****   *  @brief EXTI IO functions.
 419:Drivers/STM32F4xx_HAL_Driver/Src/stm32f4xx_hal_exti.c ****   *
 420:Drivers/STM32F4xx_HAL_Driver/Src/stm32f4xx_hal_exti.c **** @verbatim
 421:Drivers/STM32F4xx_HAL_Driver/Src/stm32f4xx_hal_exti.c ****  ===============================================================================
 422:Drivers/STM32F4xx_HAL_Driver/Src/stm32f4xx_hal_exti.c ****                        ##### IO operation functions #####
 423:Drivers/STM32F4xx_HAL_Driver/Src/stm32f4xx_hal_exti.c ****  ===============================================================================
 424:Drivers/STM32F4xx_HAL_Driver/Src/stm32f4xx_hal_exti.c **** 
 425:Drivers/STM32F4xx_HAL_Driver/Src/stm32f4xx_hal_exti.c **** @endverbatim
 426:Drivers/STM32F4xx_HAL_Driver/Src/stm32f4xx_hal_exti.c ****   * @{
 427:Drivers/STM32F4xx_HAL_Driver/Src/stm32f4xx_hal_exti.c ****   */
 428:Drivers/STM32F4xx_HAL_Driver/Src/stm32f4xx_hal_exti.c **** 
 429:Drivers/STM32F4xx_HAL_Driver/Src/stm32f4xx_hal_exti.c **** /**
 430:Drivers/STM32F4xx_HAL_Driver/Src/stm32f4xx_hal_exti.c ****   * @brief  Handle EXTI interrupt request.
 431:Drivers/STM32F4xx_HAL_Driver/Src/stm32f4xx_hal_exti.c ****   * @param  hexti Exti handle.
 432:Drivers/STM32F4xx_HAL_Driver/Src/stm32f4xx_hal_exti.c ****   * @retval none.
 433:Drivers/STM32F4xx_HAL_Driver/Src/stm32f4xx_hal_exti.c ****   */
 434:Drivers/STM32F4xx_HAL_Driver/Src/stm32f4xx_hal_exti.c **** void HAL_EXTI_IRQHandler(EXTI_HandleTypeDef *hexti)
 435:Drivers/STM32F4xx_HAL_Driver/Src/stm32f4xx_hal_exti.c **** {
 750              		.loc 1 435 1
 751              		.cfi_startproc
 752              		@ args = 0, pretend = 0, frame = 16
 753              		@ frame_needed = 1, uses_anonymous_args = 0
 754 0000 80B5     		push	{r7, lr}
 755              		.cfi_def_cfa_offset 8
 756              		.cfi_offset 7, -8
 757              		.cfi_offset 14, -4
 758 0002 84B0     		sub	sp, sp, #16
 759              		.cfi_def_cfa_offset 24
 760 0004 00AF     		add	r7, sp, #0
 761              		.cfi_def_cfa_register 7
 762 0006 7860     		str	r0, [r7, #4]
 436:Drivers/STM32F4xx_HAL_Driver/Src/stm32f4xx_hal_exti.c ****   uint32_t regval;
 437:Drivers/STM32F4xx_HAL_Driver/Src/stm32f4xx_hal_exti.c ****   uint32_t maskline;
 438:Drivers/STM32F4xx_HAL_Driver/Src/stm32f4xx_hal_exti.c **** 
 439:Drivers/STM32F4xx_HAL_Driver/Src/stm32f4xx_hal_exti.c ****   /* Compute line mask */
 440:Drivers/STM32F4xx_HAL_Driver/Src/stm32f4xx_hal_exti.c ****   maskline = (1uL << (hexti->Line & EXTI_PIN_MASK));
 763              		.loc 1 440 28
 764 0008 7B68     		ldr	r3, [r7, #4]
 765 000a 1B68     		ldr	r3, [r3]
 766              		.loc 1 440 35
 767 000c 03F01F03 		and	r3, r3, #31
 768              		.loc 1 440 12
ARM GAS  C:\Users\Halil\AppData\Local\Temp\cc6NT04v.s 			page 22


 769 0010 0122     		movs	r2, #1
 770 0012 02FA03F3 		lsl	r3, r2, r3
 771 0016 FB60     		str	r3, [r7, #12]
 441:Drivers/STM32F4xx_HAL_Driver/Src/stm32f4xx_hal_exti.c **** 
 442:Drivers/STM32F4xx_HAL_Driver/Src/stm32f4xx_hal_exti.c ****   /* Get pending bit  */
 443:Drivers/STM32F4xx_HAL_Driver/Src/stm32f4xx_hal_exti.c ****   regval = (EXTI->PR & maskline);
 772              		.loc 1 443 17
 773 0018 0A4B     		ldr	r3, .L44
 774 001a 5B69     		ldr	r3, [r3, #20]
 775              		.loc 1 443 10
 776 001c FA68     		ldr	r2, [r7, #12]
 777 001e 1340     		ands	r3, r3, r2
 778 0020 BB60     		str	r3, [r7, #8]
 444:Drivers/STM32F4xx_HAL_Driver/Src/stm32f4xx_hal_exti.c ****   if (regval != 0x00u)
 779              		.loc 1 444 6
 780 0022 BB68     		ldr	r3, [r7, #8]
 781 0024 002B     		cmp	r3, #0
 782 0026 09D0     		beq	.L43
 445:Drivers/STM32F4xx_HAL_Driver/Src/stm32f4xx_hal_exti.c ****   {
 446:Drivers/STM32F4xx_HAL_Driver/Src/stm32f4xx_hal_exti.c ****     /* Clear pending bit */
 447:Drivers/STM32F4xx_HAL_Driver/Src/stm32f4xx_hal_exti.c ****     EXTI->PR = maskline;
 783              		.loc 1 447 9
 784 0028 064A     		ldr	r2, .L44
 785              		.loc 1 447 14
 786 002a FB68     		ldr	r3, [r7, #12]
 787 002c 5361     		str	r3, [r2, #20]
 448:Drivers/STM32F4xx_HAL_Driver/Src/stm32f4xx_hal_exti.c **** 
 449:Drivers/STM32F4xx_HAL_Driver/Src/stm32f4xx_hal_exti.c ****     /* Call callback */
 450:Drivers/STM32F4xx_HAL_Driver/Src/stm32f4xx_hal_exti.c ****     if (hexti->PendingCallback != NULL)
 788              		.loc 1 450 14
 789 002e 7B68     		ldr	r3, [r7, #4]
 790 0030 5B68     		ldr	r3, [r3, #4]
 791              		.loc 1 450 8
 792 0032 002B     		cmp	r3, #0
 793 0034 02D0     		beq	.L43
 451:Drivers/STM32F4xx_HAL_Driver/Src/stm32f4xx_hal_exti.c ****     {
 452:Drivers/STM32F4xx_HAL_Driver/Src/stm32f4xx_hal_exti.c ****       hexti->PendingCallback();
 794              		.loc 1 452 12
 795 0036 7B68     		ldr	r3, [r7, #4]
 796 0038 5B68     		ldr	r3, [r3, #4]
 797              		.loc 1 452 7
 798 003a 9847     		blx	r3
 799              	.LVL0:
 800              	.L43:
 453:Drivers/STM32F4xx_HAL_Driver/Src/stm32f4xx_hal_exti.c ****     }
 454:Drivers/STM32F4xx_HAL_Driver/Src/stm32f4xx_hal_exti.c ****   }
 455:Drivers/STM32F4xx_HAL_Driver/Src/stm32f4xx_hal_exti.c **** }
 801              		.loc 1 455 1
 802 003c 00BF     		nop
 803 003e 1037     		adds	r7, r7, #16
 804              		.cfi_def_cfa_offset 8
 805 0040 BD46     		mov	sp, r7
 806              		.cfi_def_cfa_register 13
 807              		@ sp needed
 808 0042 80BD     		pop	{r7, pc}
 809              	.L45:
 810              		.align	2
ARM GAS  C:\Users\Halil\AppData\Local\Temp\cc6NT04v.s 			page 23


 811              	.L44:
 812 0044 003C0140 		.word	1073822720
 813              		.cfi_endproc
 814              	.LFE244:
 816              		.section	.text.HAL_EXTI_GetPending,"ax",%progbits
 817              		.align	1
 818              		.global	HAL_EXTI_GetPending
 819              		.syntax unified
 820              		.thumb
 821              		.thumb_func
 823              	HAL_EXTI_GetPending:
 824              	.LFB245:
 456:Drivers/STM32F4xx_HAL_Driver/Src/stm32f4xx_hal_exti.c **** 
 457:Drivers/STM32F4xx_HAL_Driver/Src/stm32f4xx_hal_exti.c **** /**
 458:Drivers/STM32F4xx_HAL_Driver/Src/stm32f4xx_hal_exti.c ****   * @brief  Get interrupt pending bit of a dedicated line.
 459:Drivers/STM32F4xx_HAL_Driver/Src/stm32f4xx_hal_exti.c ****   * @param  hexti Exti handle.
 460:Drivers/STM32F4xx_HAL_Driver/Src/stm32f4xx_hal_exti.c ****   * @param  Edge Specify which pending edge as to be checked.
 461:Drivers/STM32F4xx_HAL_Driver/Src/stm32f4xx_hal_exti.c ****   *         This parameter can be one of the following values:
 462:Drivers/STM32F4xx_HAL_Driver/Src/stm32f4xx_hal_exti.c ****   *           @arg @ref EXTI_TRIGGER_RISING_FALLING
 463:Drivers/STM32F4xx_HAL_Driver/Src/stm32f4xx_hal_exti.c ****   *         This parameter is kept for compatibility with other series.
 464:Drivers/STM32F4xx_HAL_Driver/Src/stm32f4xx_hal_exti.c ****   * @retval 1 if interrupt is pending else 0.
 465:Drivers/STM32F4xx_HAL_Driver/Src/stm32f4xx_hal_exti.c ****   */
 466:Drivers/STM32F4xx_HAL_Driver/Src/stm32f4xx_hal_exti.c **** uint32_t HAL_EXTI_GetPending(EXTI_HandleTypeDef *hexti, uint32_t Edge)
 467:Drivers/STM32F4xx_HAL_Driver/Src/stm32f4xx_hal_exti.c **** {
 825              		.loc 1 467 1
 826              		.cfi_startproc
 827              		@ args = 0, pretend = 0, frame = 24
 828              		@ frame_needed = 1, uses_anonymous_args = 0
 829              		@ link register save eliminated.
 830 0000 80B4     		push	{r7}
 831              		.cfi_def_cfa_offset 4
 832              		.cfi_offset 7, -4
 833 0002 87B0     		sub	sp, sp, #28
 834              		.cfi_def_cfa_offset 32
 835 0004 00AF     		add	r7, sp, #0
 836              		.cfi_def_cfa_register 7
 837 0006 7860     		str	r0, [r7, #4]
 838 0008 3960     		str	r1, [r7]
 468:Drivers/STM32F4xx_HAL_Driver/Src/stm32f4xx_hal_exti.c ****   uint32_t regval;
 469:Drivers/STM32F4xx_HAL_Driver/Src/stm32f4xx_hal_exti.c ****   uint32_t linepos;
 470:Drivers/STM32F4xx_HAL_Driver/Src/stm32f4xx_hal_exti.c ****   uint32_t maskline;
 471:Drivers/STM32F4xx_HAL_Driver/Src/stm32f4xx_hal_exti.c **** 
 472:Drivers/STM32F4xx_HAL_Driver/Src/stm32f4xx_hal_exti.c ****   /* Prevent unused argument(s) compilation warning */
 473:Drivers/STM32F4xx_HAL_Driver/Src/stm32f4xx_hal_exti.c ****   UNUSED(Edge);
 474:Drivers/STM32F4xx_HAL_Driver/Src/stm32f4xx_hal_exti.c **** 
 475:Drivers/STM32F4xx_HAL_Driver/Src/stm32f4xx_hal_exti.c ****   /* Check parameters */
 476:Drivers/STM32F4xx_HAL_Driver/Src/stm32f4xx_hal_exti.c ****   assert_param(IS_EXTI_LINE(hexti->Line));
 477:Drivers/STM32F4xx_HAL_Driver/Src/stm32f4xx_hal_exti.c ****   assert_param(IS_EXTI_CONFIG_LINE(hexti->Line));
 478:Drivers/STM32F4xx_HAL_Driver/Src/stm32f4xx_hal_exti.c ****   assert_param(IS_EXTI_PENDING_EDGE(Edge));
 479:Drivers/STM32F4xx_HAL_Driver/Src/stm32f4xx_hal_exti.c **** 
 480:Drivers/STM32F4xx_HAL_Driver/Src/stm32f4xx_hal_exti.c ****   /* Compute line mask */
 481:Drivers/STM32F4xx_HAL_Driver/Src/stm32f4xx_hal_exti.c ****   linepos = (hexti->Line & EXTI_PIN_MASK);
 839              		.loc 1 481 19
 840 000a 7B68     		ldr	r3, [r7, #4]
 841 000c 1B68     		ldr	r3, [r3]
 842              		.loc 1 481 11
 843 000e 03F01F03 		and	r3, r3, #31
ARM GAS  C:\Users\Halil\AppData\Local\Temp\cc6NT04v.s 			page 24


 844 0012 7B61     		str	r3, [r7, #20]
 482:Drivers/STM32F4xx_HAL_Driver/Src/stm32f4xx_hal_exti.c ****   maskline = (1uL << linepos);
 845              		.loc 1 482 12
 846 0014 0122     		movs	r2, #1
 847 0016 7B69     		ldr	r3, [r7, #20]
 848 0018 02FA03F3 		lsl	r3, r2, r3
 849 001c 3B61     		str	r3, [r7, #16]
 483:Drivers/STM32F4xx_HAL_Driver/Src/stm32f4xx_hal_exti.c **** 
 484:Drivers/STM32F4xx_HAL_Driver/Src/stm32f4xx_hal_exti.c ****   /* return 1 if bit is set else 0 */
 485:Drivers/STM32F4xx_HAL_Driver/Src/stm32f4xx_hal_exti.c ****   regval = ((EXTI->PR & maskline) >> linepos);
 850              		.loc 1 485 18
 851 001e 074B     		ldr	r3, .L48
 852 0020 5A69     		ldr	r2, [r3, #20]
 853              		.loc 1 485 23
 854 0022 3B69     		ldr	r3, [r7, #16]
 855 0024 1A40     		ands	r2, r2, r3
 856              		.loc 1 485 10
 857 0026 7B69     		ldr	r3, [r7, #20]
 858 0028 22FA03F3 		lsr	r3, r2, r3
 859 002c FB60     		str	r3, [r7, #12]
 486:Drivers/STM32F4xx_HAL_Driver/Src/stm32f4xx_hal_exti.c ****   return regval;
 860              		.loc 1 486 10
 861 002e FB68     		ldr	r3, [r7, #12]
 487:Drivers/STM32F4xx_HAL_Driver/Src/stm32f4xx_hal_exti.c **** }
 862              		.loc 1 487 1
 863 0030 1846     		mov	r0, r3
 864 0032 1C37     		adds	r7, r7, #28
 865              		.cfi_def_cfa_offset 4
 866 0034 BD46     		mov	sp, r7
 867              		.cfi_def_cfa_register 13
 868              		@ sp needed
 869 0036 5DF8047B 		ldr	r7, [sp], #4
 870              		.cfi_restore 7
 871              		.cfi_def_cfa_offset 0
 872 003a 7047     		bx	lr
 873              	.L49:
 874              		.align	2
 875              	.L48:
 876 003c 003C0140 		.word	1073822720
 877              		.cfi_endproc
 878              	.LFE245:
 880              		.section	.text.HAL_EXTI_ClearPending,"ax",%progbits
 881              		.align	1
 882              		.global	HAL_EXTI_ClearPending
 883              		.syntax unified
 884              		.thumb
 885              		.thumb_func
 887              	HAL_EXTI_ClearPending:
 888              	.LFB246:
 488:Drivers/STM32F4xx_HAL_Driver/Src/stm32f4xx_hal_exti.c **** 
 489:Drivers/STM32F4xx_HAL_Driver/Src/stm32f4xx_hal_exti.c **** /**
 490:Drivers/STM32F4xx_HAL_Driver/Src/stm32f4xx_hal_exti.c ****   * @brief  Clear interrupt pending bit of a dedicated line.
 491:Drivers/STM32F4xx_HAL_Driver/Src/stm32f4xx_hal_exti.c ****   * @param  hexti Exti handle.
 492:Drivers/STM32F4xx_HAL_Driver/Src/stm32f4xx_hal_exti.c ****   * @param  Edge Specify which pending edge as to be clear.
 493:Drivers/STM32F4xx_HAL_Driver/Src/stm32f4xx_hal_exti.c ****   *         This parameter can be one of the following values:
 494:Drivers/STM32F4xx_HAL_Driver/Src/stm32f4xx_hal_exti.c ****   *           @arg @ref EXTI_TRIGGER_RISING_FALLING
 495:Drivers/STM32F4xx_HAL_Driver/Src/stm32f4xx_hal_exti.c ****   *         This parameter is kept for compatibility with other series.
ARM GAS  C:\Users\Halil\AppData\Local\Temp\cc6NT04v.s 			page 25


 496:Drivers/STM32F4xx_HAL_Driver/Src/stm32f4xx_hal_exti.c ****   * @retval None.
 497:Drivers/STM32F4xx_HAL_Driver/Src/stm32f4xx_hal_exti.c ****   */
 498:Drivers/STM32F4xx_HAL_Driver/Src/stm32f4xx_hal_exti.c **** void HAL_EXTI_ClearPending(EXTI_HandleTypeDef *hexti, uint32_t Edge)
 499:Drivers/STM32F4xx_HAL_Driver/Src/stm32f4xx_hal_exti.c **** {
 889              		.loc 1 499 1
 890              		.cfi_startproc
 891              		@ args = 0, pretend = 0, frame = 16
 892              		@ frame_needed = 1, uses_anonymous_args = 0
 893              		@ link register save eliminated.
 894 0000 80B4     		push	{r7}
 895              		.cfi_def_cfa_offset 4
 896              		.cfi_offset 7, -4
 897 0002 85B0     		sub	sp, sp, #20
 898              		.cfi_def_cfa_offset 24
 899 0004 00AF     		add	r7, sp, #0
 900              		.cfi_def_cfa_register 7
 901 0006 7860     		str	r0, [r7, #4]
 902 0008 3960     		str	r1, [r7]
 500:Drivers/STM32F4xx_HAL_Driver/Src/stm32f4xx_hal_exti.c ****   uint32_t maskline;
 501:Drivers/STM32F4xx_HAL_Driver/Src/stm32f4xx_hal_exti.c **** 
 502:Drivers/STM32F4xx_HAL_Driver/Src/stm32f4xx_hal_exti.c ****   /* Prevent unused argument(s) compilation warning */
 503:Drivers/STM32F4xx_HAL_Driver/Src/stm32f4xx_hal_exti.c ****   UNUSED(Edge);
 504:Drivers/STM32F4xx_HAL_Driver/Src/stm32f4xx_hal_exti.c **** 
 505:Drivers/STM32F4xx_HAL_Driver/Src/stm32f4xx_hal_exti.c ****   /* Check parameters */
 506:Drivers/STM32F4xx_HAL_Driver/Src/stm32f4xx_hal_exti.c ****   assert_param(IS_EXTI_LINE(hexti->Line));
 507:Drivers/STM32F4xx_HAL_Driver/Src/stm32f4xx_hal_exti.c ****   assert_param(IS_EXTI_CONFIG_LINE(hexti->Line));
 508:Drivers/STM32F4xx_HAL_Driver/Src/stm32f4xx_hal_exti.c ****   assert_param(IS_EXTI_PENDING_EDGE(Edge));
 509:Drivers/STM32F4xx_HAL_Driver/Src/stm32f4xx_hal_exti.c **** 
 510:Drivers/STM32F4xx_HAL_Driver/Src/stm32f4xx_hal_exti.c ****   /* Compute line mask */
 511:Drivers/STM32F4xx_HAL_Driver/Src/stm32f4xx_hal_exti.c ****   maskline = (1uL << (hexti->Line & EXTI_PIN_MASK));
 903              		.loc 1 511 28
 904 000a 7B68     		ldr	r3, [r7, #4]
 905 000c 1B68     		ldr	r3, [r3]
 906              		.loc 1 511 35
 907 000e 03F01F03 		and	r3, r3, #31
 908              		.loc 1 511 12
 909 0012 0122     		movs	r2, #1
 910 0014 02FA03F3 		lsl	r3, r2, r3
 911 0018 FB60     		str	r3, [r7, #12]
 512:Drivers/STM32F4xx_HAL_Driver/Src/stm32f4xx_hal_exti.c **** 
 513:Drivers/STM32F4xx_HAL_Driver/Src/stm32f4xx_hal_exti.c ****   /* Clear Pending bit */
 514:Drivers/STM32F4xx_HAL_Driver/Src/stm32f4xx_hal_exti.c ****   EXTI->PR =  maskline;
 912              		.loc 1 514 7
 913 001a 044A     		ldr	r2, .L51
 914              		.loc 1 514 12
 915 001c FB68     		ldr	r3, [r7, #12]
 916 001e 5361     		str	r3, [r2, #20]
 515:Drivers/STM32F4xx_HAL_Driver/Src/stm32f4xx_hal_exti.c **** }
 917              		.loc 1 515 1
 918 0020 00BF     		nop
 919 0022 1437     		adds	r7, r7, #20
 920              		.cfi_def_cfa_offset 4
 921 0024 BD46     		mov	sp, r7
 922              		.cfi_def_cfa_register 13
 923              		@ sp needed
 924 0026 5DF8047B 		ldr	r7, [sp], #4
 925              		.cfi_restore 7
ARM GAS  C:\Users\Halil\AppData\Local\Temp\cc6NT04v.s 			page 26


 926              		.cfi_def_cfa_offset 0
 927 002a 7047     		bx	lr
 928              	.L52:
 929              		.align	2
 930              	.L51:
 931 002c 003C0140 		.word	1073822720
 932              		.cfi_endproc
 933              	.LFE246:
 935              		.section	.text.HAL_EXTI_GenerateSWI,"ax",%progbits
 936              		.align	1
 937              		.global	HAL_EXTI_GenerateSWI
 938              		.syntax unified
 939              		.thumb
 940              		.thumb_func
 942              	HAL_EXTI_GenerateSWI:
 943              	.LFB247:
 516:Drivers/STM32F4xx_HAL_Driver/Src/stm32f4xx_hal_exti.c **** 
 517:Drivers/STM32F4xx_HAL_Driver/Src/stm32f4xx_hal_exti.c **** /**
 518:Drivers/STM32F4xx_HAL_Driver/Src/stm32f4xx_hal_exti.c ****   * @brief  Generate a software interrupt for a dedicated line.
 519:Drivers/STM32F4xx_HAL_Driver/Src/stm32f4xx_hal_exti.c ****   * @param  hexti Exti handle.
 520:Drivers/STM32F4xx_HAL_Driver/Src/stm32f4xx_hal_exti.c ****   * @retval None.
 521:Drivers/STM32F4xx_HAL_Driver/Src/stm32f4xx_hal_exti.c ****   */
 522:Drivers/STM32F4xx_HAL_Driver/Src/stm32f4xx_hal_exti.c **** void HAL_EXTI_GenerateSWI(EXTI_HandleTypeDef *hexti)
 523:Drivers/STM32F4xx_HAL_Driver/Src/stm32f4xx_hal_exti.c **** {
 944              		.loc 1 523 1
 945              		.cfi_startproc
 946              		@ args = 0, pretend = 0, frame = 16
 947              		@ frame_needed = 1, uses_anonymous_args = 0
 948              		@ link register save eliminated.
 949 0000 80B4     		push	{r7}
 950              		.cfi_def_cfa_offset 4
 951              		.cfi_offset 7, -4
 952 0002 85B0     		sub	sp, sp, #20
 953              		.cfi_def_cfa_offset 24
 954 0004 00AF     		add	r7, sp, #0
 955              		.cfi_def_cfa_register 7
 956 0006 7860     		str	r0, [r7, #4]
 524:Drivers/STM32F4xx_HAL_Driver/Src/stm32f4xx_hal_exti.c ****   uint32_t maskline;
 525:Drivers/STM32F4xx_HAL_Driver/Src/stm32f4xx_hal_exti.c **** 
 526:Drivers/STM32F4xx_HAL_Driver/Src/stm32f4xx_hal_exti.c ****   /* Check parameters */
 527:Drivers/STM32F4xx_HAL_Driver/Src/stm32f4xx_hal_exti.c ****   assert_param(IS_EXTI_LINE(hexti->Line));
 528:Drivers/STM32F4xx_HAL_Driver/Src/stm32f4xx_hal_exti.c ****   assert_param(IS_EXTI_CONFIG_LINE(hexti->Line));
 529:Drivers/STM32F4xx_HAL_Driver/Src/stm32f4xx_hal_exti.c **** 
 530:Drivers/STM32F4xx_HAL_Driver/Src/stm32f4xx_hal_exti.c ****   /* Compute line mask */
 531:Drivers/STM32F4xx_HAL_Driver/Src/stm32f4xx_hal_exti.c ****   maskline = (1uL << (hexti->Line & EXTI_PIN_MASK));
 957              		.loc 1 531 28
 958 0008 7B68     		ldr	r3, [r7, #4]
 959 000a 1B68     		ldr	r3, [r3]
 960              		.loc 1 531 35
 961 000c 03F01F03 		and	r3, r3, #31
 962              		.loc 1 531 12
 963 0010 0122     		movs	r2, #1
 964 0012 02FA03F3 		lsl	r3, r2, r3
 965 0016 FB60     		str	r3, [r7, #12]
 532:Drivers/STM32F4xx_HAL_Driver/Src/stm32f4xx_hal_exti.c **** 
 533:Drivers/STM32F4xx_HAL_Driver/Src/stm32f4xx_hal_exti.c ****   /* Generate Software interrupt */
 534:Drivers/STM32F4xx_HAL_Driver/Src/stm32f4xx_hal_exti.c ****   EXTI->SWIER = maskline;
ARM GAS  C:\Users\Halil\AppData\Local\Temp\cc6NT04v.s 			page 27


 966              		.loc 1 534 7
 967 0018 044A     		ldr	r2, .L54
 968              		.loc 1 534 15
 969 001a FB68     		ldr	r3, [r7, #12]
 970 001c 1361     		str	r3, [r2, #16]
 535:Drivers/STM32F4xx_HAL_Driver/Src/stm32f4xx_hal_exti.c **** }
 971              		.loc 1 535 1
 972 001e 00BF     		nop
 973 0020 1437     		adds	r7, r7, #20
 974              		.cfi_def_cfa_offset 4
 975 0022 BD46     		mov	sp, r7
 976              		.cfi_def_cfa_register 13
 977              		@ sp needed
 978 0024 5DF8047B 		ldr	r7, [sp], #4
 979              		.cfi_restore 7
 980              		.cfi_def_cfa_offset 0
 981 0028 7047     		bx	lr
 982              	.L55:
 983 002a 00BF     		.align	2
 984              	.L54:
 985 002c 003C0140 		.word	1073822720
 986              		.cfi_endproc
 987              	.LFE247:
 989              		.text
 990              	.Letext0:
 991              		.file 2 "C:\\ST\\STM32CubeIDE_1.14.1\\STM32CubeIDE\\plugins\\com.st.stm32cube.ide.mcu.externaltool
 992              		.file 3 "C:\\ST\\STM32CubeIDE_1.14.1\\STM32CubeIDE\\plugins\\com.st.stm32cube.ide.mcu.externaltool
 993              		.file 4 "Drivers/CMSIS/Device/ST/STM32F4xx/Include/stm32f446xx.h"
 994              		.file 5 "Drivers/STM32F4xx_HAL_Driver/Inc/stm32f4xx_hal_def.h"
 995              		.file 6 "Drivers/STM32F4xx_HAL_Driver/Inc/stm32f4xx_hal_exti.h"
ARM GAS  C:\Users\Halil\AppData\Local\Temp\cc6NT04v.s 			page 28


DEFINED SYMBOLS
                            *ABS*:00000000 stm32f4xx_hal_exti.c
C:\Users\Halil\AppData\Local\Temp\cc6NT04v.s:21     .text.HAL_EXTI_SetConfigLine:00000000 $t
C:\Users\Halil\AppData\Local\Temp\cc6NT04v.s:27     .text.HAL_EXTI_SetConfigLine:00000000 HAL_EXTI_SetConfigLine
C:\Users\Halil\AppData\Local\Temp\cc6NT04v.s:273    .text.HAL_EXTI_SetConfigLine:00000148 $d
C:\Users\Halil\AppData\Local\Temp\cc6NT04v.s:279    .text.HAL_EXTI_GetConfigLine:00000000 $t
C:\Users\Halil\AppData\Local\Temp\cc6NT04v.s:285    .text.HAL_EXTI_GetConfigLine:00000000 HAL_EXTI_GetConfigLine
C:\Users\Halil\AppData\Local\Temp\cc6NT04v.s:463    .text.HAL_EXTI_GetConfigLine:000000ec $d
C:\Users\Halil\AppData\Local\Temp\cc6NT04v.s:469    .text.HAL_EXTI_ClearConfigLine:00000000 $t
C:\Users\Halil\AppData\Local\Temp\cc6NT04v.s:475    .text.HAL_EXTI_ClearConfigLine:00000000 HAL_EXTI_ClearConfigLine
C:\Users\Halil\AppData\Local\Temp\cc6NT04v.s:623    .text.HAL_EXTI_ClearConfigLine:000000b8 $d
C:\Users\Halil\AppData\Local\Temp\cc6NT04v.s:629    .text.HAL_EXTI_RegisterCallback:00000000 $t
C:\Users\Halil\AppData\Local\Temp\cc6NT04v.s:635    .text.HAL_EXTI_RegisterCallback:00000000 HAL_EXTI_RegisterCallback
C:\Users\Halil\AppData\Local\Temp\cc6NT04v.s:690    .text.HAL_EXTI_GetHandle:00000000 $t
C:\Users\Halil\AppData\Local\Temp\cc6NT04v.s:696    .text.HAL_EXTI_GetHandle:00000000 HAL_EXTI_GetHandle
C:\Users\Halil\AppData\Local\Temp\cc6NT04v.s:742    .text.HAL_EXTI_IRQHandler:00000000 $t
C:\Users\Halil\AppData\Local\Temp\cc6NT04v.s:748    .text.HAL_EXTI_IRQHandler:00000000 HAL_EXTI_IRQHandler
C:\Users\Halil\AppData\Local\Temp\cc6NT04v.s:812    .text.HAL_EXTI_IRQHandler:00000044 $d
C:\Users\Halil\AppData\Local\Temp\cc6NT04v.s:817    .text.HAL_EXTI_GetPending:00000000 $t
C:\Users\Halil\AppData\Local\Temp\cc6NT04v.s:823    .text.HAL_EXTI_GetPending:00000000 HAL_EXTI_GetPending
C:\Users\Halil\AppData\Local\Temp\cc6NT04v.s:876    .text.HAL_EXTI_GetPending:0000003c $d
C:\Users\Halil\AppData\Local\Temp\cc6NT04v.s:881    .text.HAL_EXTI_ClearPending:00000000 $t
C:\Users\Halil\AppData\Local\Temp\cc6NT04v.s:887    .text.HAL_EXTI_ClearPending:00000000 HAL_EXTI_ClearPending
C:\Users\Halil\AppData\Local\Temp\cc6NT04v.s:931    .text.HAL_EXTI_ClearPending:0000002c $d
C:\Users\Halil\AppData\Local\Temp\cc6NT04v.s:936    .text.HAL_EXTI_GenerateSWI:00000000 $t
C:\Users\Halil\AppData\Local\Temp\cc6NT04v.s:942    .text.HAL_EXTI_GenerateSWI:00000000 HAL_EXTI_GenerateSWI
C:\Users\Halil\AppData\Local\Temp\cc6NT04v.s:985    .text.HAL_EXTI_GenerateSWI:0000002c $d
                           .group:00000000 wm4.0.fbeba72283fbbed79c5ed62adcf8946b
                           .group:00000000 wm4.stm32f4xx_hal_conf.h.25.834fd89df99f7f3fe75169badeed02aa
                           .group:00000000 wm4.stm32f4xx.h.38.63e3ea23bd63a94457417730025259b6
                           .group:00000000 wm4.stm32f446xx.h.34.dd43cebd7192f96bce7a5ff975201274
                           .group:00000000 wm4._newlib_version.h.4.6d111ab2e95434b664b53815e5c8ccba
                           .group:00000000 wm4.features.h.33.3e67abe6fb64142d4f6fa9496796153c
                           .group:00000000 wm4._default_types.h.15.247e5cd201eca3442cbf5404108c4935
                           .group:00000000 wm4._intsup.h.10.48bafbb683905c4daa4565a85aeeb264
                           .group:00000000 wm4._stdint.h.10.c24fa3af3bc1706662bb5593a907e841
                           .group:00000000 wm4.stdint.h.23.d53047a68f4a85177f80b422d52785ed
                           .group:00000000 wm4.cmsis_version.h.32.0ac195c83bb4537824e6ad1c47474b79
                           .group:00000000 wm4.core_cm4.h.66.e4ff136c4a17abc46741866f64f8e729
                           .group:00000000 wm4.cmsis_gcc.h.26.498d0ad17a45fc9ef20fdc01caf02259
                           .group:00000000 wm4.core_cm4.h.174.62be9b4588d49bed18171771001331df
                           .group:00000000 wm4.mpu_armv7.h.32.83326921a797fa9d6f70449916b4b839
                           .group:00000000 wm4.stm32f446xx.h.917.13927c85cbbf4787955bc4173c54fa12
                           .group:00000000 wm4.stm32f4xx.h.195.a4b8bf80f37cc96981498656ffe5f588
                           .group:00000000 wm4.stm32_hal_legacy.h.22.8b7d303dc46a0b7ac6d3edf19ce2608d
                           .group:00000000 wm4.stddef.h.39.3e0425629195acf083c9561151306b4d
                           .group:00000000 wm4.stm32f4xx_hal_def.h.58.3cb484e92e5ccf2e55312a4714e27917
                           .group:00000000 wm4.stm32f4xx_hal_rcc_ex.h.20.9b6e314009d4800dd71c0ec1c264a1ea
                           .group:00000000 wm4.stm32f4xx_hal_rcc.h.106.0887cf5d985ae88e345b0aed0ceb4729
                           .group:00000000 wm4.stm32f4xx_hal_gpio.h.21.22da6a14b6049d6ac156577be74df1d7
                           .group:00000000 wm4.stm32f4xx_hal_gpio_ex.h.21.33ea7ea24fd170b1d3dce3d23330c9d3
                           .group:00000000 wm4.stm32f4xx_hal_gpio.h.254.d7e07832f748fe8bcb575db0b8373592
                           .group:00000000 wm4.stm32f4xx_hal_exti.h.21.4fc7f37c3cc97fb821b368ede79414b6
                           .group:00000000 wm4.stm32f4xx_hal_dma.h.21.8e4b1421c914345c23be719e5e528779
                           .group:00000000 wm4.stm32f4xx_hal_dma.h.720.ac2d7eef74792e4026acc4d2923c5da4
                           .group:00000000 wm4.stm32f4xx_hal_cortex.h.20.03673e4f79386680bf73ba399c19306b
                           .group:00000000 wm4.stm32f4xx_ll_adc.h.21.8ab9bf4d55f678506dbbe8102cb12bbc
ARM GAS  C:\Users\Halil\AppData\Local\Temp\cc6NT04v.s 			page 29


                           .group:00000000 wm4.stm32f4xx_hal_adc.h.159.62530d9b3382796f19493a9679ef426c
                           .group:00000000 wm4.stm32f4xx_hal_adc_ex.h.21.94e87945640619cdd4cff40627e1380a
                           .group:00000000 wm4.stm32f4xx_hal_adc.h.639.c30c49256117cbda0ada83149c65b3d8
                           .group:00000000 wm4.stm32f4xx_hal_flash.h.20.2f1e0d1b7010b3a81a7980aaf712e7e5
                           .group:00000000 wm4.stm32f4xx_hal_flash_ex.h.20.77cb3e5c0f1e426426a4cbc884a1eed8
                           .group:00000000 wm4.stm32f4xx_hal_flash.h.361.23bc19b9eac79b0956d913651841ede8
                           .group:00000000 wm4.stm32f4xx_hal_i2c.h.21.147e96a27b1f7b1f2f8ee22132703ee3
                           .group:00000000 wm4.stm32f4xx_hal_i2c_ex.h.21.951ef5bfa13cf131d2015c338e82e461
                           .group:00000000 wm4.stm32f4xx_hal_i2c.h.647.ade9c3447780b1cc0ece02f0ce83aedc
                           .group:00000000 wm4.stm32f4xx_hal_pwr.h.20.1905a0783a9c83adefd7df0c4b501e40
                           .group:00000000 wm4.stm32f4xx_hal_pwr_ex.h.20.9786dbd699c850465fa7b77273740267
                           .group:00000000 wm4.stm32f4xx_hal_pwr.h.338.debc0a4a62ba54688e63ab53dd99c4ea
                           .group:00000000 wm4.stm32f4xx_hal_spi.h.21.8b27a8d792c565f72ddd4cfad797986f
                           .group:00000000 wm4.stm32f4xx_hal_tim.h.21.c31cbc03c25f07a932427770396c59d2
                           .group:00000000 wm4.stm32f4xx_hal_tim_ex.h.21.3ff8ebb44e16ac9d5b95e2b3533221b9
                           .group:00000000 wm4.stm32f4xx_hal_uart.h.21.ba8e24dd05c77faac3f3d48472e636ba
                           .group:00000000 wm4.stm32f4xx_hal.h.71.02372bc31d47d29d3f67fbfe1429649e

NO UNDEFINED SYMBOLS
